10:45:50.687 INFO  c.bobo.fristsba.FristsbaApplication [50] - Starting FristsbaApplication on D076-SZ with PID 100072 (D:\github\Demo\java\fristsba\target\classes started by bobo.huang in D:\github\Demo\java\fristsba)
10:45:50.689 INFO  c.bobo.fristsba.FristsbaApplication [675] - No active profile set, falling back to default profiles: default
10:45:50.753 INFO  o.s.b.d.e.DevToolsPropertyDefaultsPostProcessor [227] - For additional web related logging consider setting the 'logging.level.web' property to 'DEBUG'
10:45:51.622 WARN  o.m.s.mapper.ClassPathMapperScanner [44] - Skipping MapperFactoryBean with name 'accountBalanceMapper' and 'com.bobo.fristsba.mapper.AccountBalanceMapper' mapperInterface. Bean already defined with the same name!
10:45:51.623 WARN  o.m.s.mapper.ClassPathMapperScanner [44] - Skipping MapperFactoryBean with name 'addressMapper' and 'com.bobo.fristsba.mapper.AddressMapper' mapperInterface. Bean already defined with the same name!
10:45:51.623 WARN  o.m.s.mapper.ClassPathMapperScanner [44] - Skipping MapperFactoryBean with name 'roleMapper' and 'com.bobo.fristsba.mapper.RoleMapper' mapperInterface. Bean already defined with the same name!
10:45:51.624 WARN  o.m.s.mapper.ClassPathMapperScanner [44] - Skipping MapperFactoryBean with name 'studentMapper' and 'com.bobo.fristsba.mapper.StudentMapper' mapperInterface. Bean already defined with the same name!
10:45:51.624 WARN  o.m.s.mapper.ClassPathMapperScanner [44] - Skipping MapperFactoryBean with name 'transactionMapper' and 'com.bobo.fristsba.mapper.TransactionMapper' mapperInterface. Bean already defined with the same name!
10:45:51.624 WARN  o.m.s.mapper.ClassPathMapperScanner [44] - Skipping MapperFactoryBean with name 'userMapper' and 'com.bobo.fristsba.mapper.UserMapper' mapperInterface. Bean already defined with the same name!
10:45:51.625 WARN  o.m.s.mapper.ClassPathMapperScanner [44] - No MyBatis mapper was found in '[com.bobo.fristsba.mapper]' package. Please check your configuration.
10:45:51.877 INFO  o.s.d.r.c.RepositoryConfigurationDelegate [244] - Multiple Spring Data modules found, entering strict repository configuration mode!
10:45:51.881 INFO  o.s.d.r.c.RepositoryConfigurationDelegate [126] - Bootstrapping Spring Data repositories in DEFAULT mode.
10:45:52.184 INFO  o.s.d.r.c.RepositoryConfigurationDelegate [182] - Finished Spring Data repository scanning in 288ms. Found 1 repository interfaces.
10:45:52.202 INFO  o.s.d.r.c.RepositoryConfigurationDelegate [244] - Multiple Spring Data modules found, entering strict repository configuration mode!
10:45:52.204 INFO  o.s.d.r.c.RepositoryConfigurationDelegate [126] - Bootstrapping Spring Data repositories in DEFAULT mode.
10:45:52.229 INFO  o.s.d.r.c.RepositoryConfigurationExtensionSupport [363] - Spring Data Redis - Could not safely identify store assignment for repository candidate interface com.bobo.fristsba.service.StudentRepository.
10:45:52.230 INFO  o.s.d.r.c.RepositoryConfigurationDelegate [182] - Finished Spring Data repository scanning in 14ms. Found 0 repository interfaces.
10:45:52.831 INFO  o.s.i.c.DefaultConfiguringBeanFactoryPostProcessor [188] - No bean named 'errorChannel' has been explicitly defined. Therefore, a default PublishSubscribeChannel will be created.
10:45:52.844 INFO  o.s.i.c.DefaultConfiguringBeanFactoryPostProcessor [426] - No bean named 'integrationHeaderChannelRegistry' has been explicitly defined. Therefore, a default DefaultHeaderChannelRegistry will be created.
10:45:52.864 INFO  o.s.c.s.PostProcessorRegistrationDelegate$BeanPostProcessorChecker [330] - Bean 'shiroConfig' of type [com.bobo.fristsba.config.ShiroConfig$$EnhancerBySpringCGLIB$$9811940] is not eligible for getting processed by all BeanPostProcessors (for example: not eligible for auto-proxying)
10:45:53.295 INFO  o.s.c.s.PostProcessorRegistrationDelegate$BeanPostProcessorChecker [330] - Bean 'defaultDataSourceConfig' of type [com.bobo.fristsba.config.DefaultDataSourceConfig$$EnhancerBySpringCGLIB$$e137e035] is not eligible for getting processed by all BeanPostProcessors (for example: not eligible for auto-proxying)
10:45:53.427 INFO  o.s.c.s.PostProcessorRegistrationDelegate$BeanPostProcessorChecker [330] - Bean 'defaultDataSource' of type [com.zaxxer.hikari.HikariDataSource] is not eligible for getting processed by all BeanPostProcessors (for example: not eligible for auto-proxying)
10:45:53.715 INFO  o.s.c.s.PostProcessorRegistrationDelegate$BeanPostProcessorChecker [330] - Bean 'defaultSqlSessionFactory' of type [org.apache.ibatis.session.defaults.DefaultSqlSessionFactory] is not eligible for getting processed by all BeanPostProcessors (for example: not eligible for auto-proxying)
10:45:53.727 INFO  o.s.c.s.PostProcessorRegistrationDelegate$BeanPostProcessorChecker [330] - Bean 'userMapper' of type [org.mybatis.spring.mapper.MapperFactoryBean] is not eligible for getting processed by all BeanPostProcessors (for example: not eligible for auto-proxying)
10:45:53.729 INFO  o.s.c.s.PostProcessorRegistrationDelegate$BeanPostProcessorChecker [330] - Bean 'userMapper' of type [com.sun.proxy.$Proxy67] is not eligible for getting processed by all BeanPostProcessors (for example: not eligible for auto-proxying)
10:45:53.733 INFO  o.s.c.s.PostProcessorRegistrationDelegate$BeanPostProcessorChecker [330] - Bean 'roleMapper' of type [org.mybatis.spring.mapper.MapperFactoryBean] is not eligible for getting processed by all BeanPostProcessors (for example: not eligible for auto-proxying)
10:45:53.734 INFO  o.s.c.s.PostProcessorRegistrationDelegate$BeanPostProcessorChecker [330] - Bean 'roleMapper' of type [com.sun.proxy.$Proxy68] is not eligible for getting processed by all BeanPostProcessors (for example: not eligible for auto-proxying)
10:45:53.735 INFO  o.s.c.s.PostProcessorRegistrationDelegate$BeanPostProcessorChecker [330] - Bean 'getShiroAuthorizingRealm' of type [com.bobo.fristsba.service.ShiroAuthorizingRealm] is not eligible for getting processed by all BeanPostProcessors (for example: not eligible for auto-proxying)
10:45:53.737 INFO  o.s.c.s.PostProcessorRegistrationDelegate$BeanPostProcessorChecker [330] - Bean 'securityManager' of type [org.apache.shiro.web.mgt.DefaultWebSecurityManager] is not eligible for getting processed by all BeanPostProcessors (for example: not eligible for auto-proxying)
10:45:53.790 INFO  o.s.c.s.PostProcessorRegistrationDelegate$BeanPostProcessorChecker [330] - Bean 'authorizationAttributeSourceAdvisor' of type [org.apache.shiro.spring.security.interceptor.AuthorizationAttributeSourceAdvisor] is not eligible for getting processed by all BeanPostProcessors (for example: not eligible for auto-proxying)
10:45:53.856 INFO  o.s.c.s.PostProcessorRegistrationDelegate$BeanPostProcessorChecker [330] - Bean 'org.springframework.transaction.annotation.ProxyTransactionManagementConfiguration' of type [org.springframework.transaction.annotation.ProxyTransactionManagementConfiguration$$EnhancerBySpringCGLIB$$1f4de361] is not eligible for getting processed by all BeanPostProcessors (for example: not eligible for auto-proxying)
10:45:53.900 INFO  o.s.c.s.PostProcessorRegistrationDelegate$BeanPostProcessorChecker [330] - Bean 'redisConfig' of type [com.bobo.fristsba.config.RedisConfig$$EnhancerBySpringCGLIB$$544fa08a] is not eligible for getting processed by all BeanPostProcessors (for example: not eligible for auto-proxying)
10:45:53.984 INFO  o.s.c.s.PostProcessorRegistrationDelegate$BeanPostProcessorChecker [330] - Bean 'org.springframework.integration.config.IntegrationManagementConfiguration' of type [org.springframework.integration.config.IntegrationManagementConfiguration$$EnhancerBySpringCGLIB$$8a3f9e90] is not eligible for getting processed by all BeanPostProcessors (for example: not eligible for auto-proxying)
10:45:54.012 INFO  o.s.c.s.PostProcessorRegistrationDelegate$BeanPostProcessorChecker [330] - Bean 'integrationDisposableAutoCreatedBeans' of type [org.springframework.integration.config.annotation.Disposables] is not eligible for getting processed by all BeanPostProcessors (for example: not eligible for auto-proxying)
10:45:54.552 INFO  o.s.b.w.e.tomcat.TomcatWebServer [90] - Tomcat initialized with port(s): 8080 (http)
10:45:54.571 INFO  o.a.coyote.http11.Http11NioProtocol [173] - Initializing ProtocolHandler ["http-nio-8080"]
10:45:54.582 INFO  o.a.catalina.core.StandardService [173] - Starting service [Tomcat]
10:45:54.583 INFO  o.a.catalina.core.StandardEngine [173] - Starting Servlet engine: [Apache Tomcat/9.0.19]
10:45:54.837 INFO  o.a.c.c.C.[Tomcat].[localhost].[/] [173] - Initializing Spring embedded WebApplicationContext
10:45:54.837 INFO  o.s.web.context.ContextLoader [296] - Root WebApplicationContext: initialization completed in 4084 ms
10:45:55.117 INFO  com.zaxxer.hikari.HikariDataSource [110] - HikariPool-1 - Starting...
10:45:55.379 INFO  com.zaxxer.hikari.HikariDataSource [123] - HikariPool-1 - Start completed.
10:45:58.528 INFO  o.s.o.j.LocalContainerEntityManagerFactoryBean [415] - Initialized JPA EntityManagerFactory for persistence unit 'default'
10:45:58.589 INFO  org.apache.zookeeper.ZooKeeper [109] - Client environment:zookeeper.version=3.5.5-390fe37ea45dee01bf87dc1c042b5e3dcce88653, built on 05/03/2019 12:07 GMT
10:45:58.589 INFO  org.apache.zookeeper.ZooKeeper [109] - Client environment:host.name=D076-SZ.MHS.local
10:45:58.589 INFO  org.apache.zookeeper.ZooKeeper [109] - Client environment:java.version=1.8.0_101
10:45:58.590 INFO  org.apache.zookeeper.ZooKeeper [109] - Client environment:java.vendor=Oracle Corporation
10:45:58.590 INFO  org.apache.zookeeper.ZooKeeper [109] - Client environment:java.home=C:\Program Files\Java\jre1.8.0_101
10:45:58.590 INFO  org.apache.zookeeper.ZooKeeper [109] - Client environment:java.class.path=D:\github\Demo\java\fristsba\target\classes;C:\Users\bobo.huang.MHS\.m2\repository\org\springframework\boot\spring-boot-starter\2.1.5.RELEASE\spring-boot-starter-2.1.5.RELEASE.jar;C:\Users\bobo.huang.MHS\.m2\repository\org\springframework\boot\spring-boot\2.1.5.RELEASE\spring-boot-2.1.5.RELEASE.jar;C:\Users\bobo.huang.MHS\.m2\repository\org\springframework\spring-context\5.1.7.RELEASE\spring-context-5.1.7.RELEASE.jar;C:\Users\bobo.huang.MHS\.m2\repository\org\springframework\boot\spring-boot-autoconfigure\2.1.5.RELEASE\spring-boot-autoconfigure-2.1.5.RELEASE.jar;C:\Users\bobo.huang.MHS\.m2\repository\org\springframework\boot\spring-boot-starter-logging\2.1.5.RELEASE\spring-boot-starter-logging-2.1.5.RELEASE.jar;C:\Users\bobo.huang.MHS\.m2\repository\ch\qos\logback\logback-classic\1.2.3\logback-classic-1.2.3.jar;C:\Users\bobo.huang.MHS\.m2\repository\ch\qos\logback\logback-core\1.2.3\logback-core-1.2.3.jar;C:\Users\bobo.huang.MHS\.m2\repository\org\apache\logging\log4j\log4j-to-slf4j\2.11.2\log4j-to-slf4j-2.11.2.jar;C:\Users\bobo.huang.MHS\.m2\repository\org\apache\logging\log4j\log4j-api\2.11.2\log4j-api-2.11.2.jar;C:\Users\bobo.huang.MHS\.m2\repository\org\slf4j\jul-to-slf4j\1.7.26\jul-to-slf4j-1.7.26.jar;C:\Users\bobo.huang.MHS\.m2\repository\javax\annotation\javax.annotation-api\1.3.2\javax.annotation-api-1.3.2.jar;C:\Users\bobo.huang.MHS\.m2\repository\org\springframework\spring-core\5.1.7.RELEASE\spring-core-5.1.7.RELEASE.jar;C:\Users\bobo.huang.MHS\.m2\repository\org\springframework\spring-jcl\5.1.7.RELEASE\spring-jcl-5.1.7.RELEASE.jar;C:\Users\bobo.huang.MHS\.m2\repository\org\yaml\snakeyaml\1.23\snakeyaml-1.23.jar;C:\Users\bobo.huang.MHS\.m2\repository\org\springframework\boot\spring-boot-starter-web\2.1.5.RELEASE\spring-boot-starter-web-2.1.5.RELEASE.jar;C:\Users\bobo.huang.MHS\.m2\repository\org\springframework\boot\spring-boot-starter-json\2.1.5.RELEASE\spring-boot-starter-json-2.1.5.RELEASE.jar;C:\Users\bobo.huang.MHS\.m2\repository\com\fasterxml\jackson\datatype\jackson-datatype-jdk8\2.9.8\jackson-datatype-jdk8-2.9.8.jar;C:\Users\bobo.huang.MHS\.m2\repository\com\fasterxml\jackson\datatype\jackson-datatype-jsr310\2.9.8\jackson-datatype-jsr310-2.9.8.jar;C:\Users\bobo.huang.MHS\.m2\repository\com\fasterxml\jackson\module\jackson-module-parameter-names\2.9.8\jackson-module-parameter-names-2.9.8.jar;C:\Users\bobo.huang.MHS\.m2\repository\org\hibernate\validator\hibernate-validator\6.0.16.Final\hibernate-validator-6.0.16.Final.jar;C:\Users\bobo.huang.MHS\.m2\repository\javax\validation\validation-api\2.0.1.Final\validation-api-2.0.1.Final.jar;C:\Users\bobo.huang.MHS\.m2\repository\org\jboss\logging\jboss-logging\3.3.2.Final\jboss-logging-3.3.2.Final.jar;C:\Users\bobo.huang.MHS\.m2\repository\com\fasterxml\classmate\1.4.0\classmate-1.4.0.jar;C:\Users\bobo.huang.MHS\.m2\repository\org\springframework\spring-web\5.1.7.RELEASE\spring-web-5.1.7.RELEASE.jar;C:\Users\bobo.huang.MHS\.m2\repository\org\springframework\spring-beans\5.1.7.RELEASE\spring-beans-5.1.7.RELEASE.jar;C:\Users\bobo.huang.MHS\.m2\repository\org\springframework\spring-webmvc\5.1.7.RELEASE\spring-webmvc-5.1.7.RELEASE.jar;C:\Users\bobo.huang.MHS\.m2\repository\org\springframework\spring-aop\5.1.7.RELEASE\spring-aop-5.1.7.RELEASE.jar;C:\Users\bobo.huang.MHS\.m2\repository\org\springframework\spring-expression\5.1.7.RELEASE\spring-expression-5.1.7.RELEASE.jar;C:\Users\bobo.huang.MHS\.m2\repository\org\springframework\boot\spring-boot-starter-thymeleaf\2.1.5.RELEASE\spring-boot-starter-thymeleaf-2.1.5.RELEASE.jar;C:\Users\bobo.huang.MHS\.m2\repository\org\thymeleaf\thymeleaf-spring5\3.0.11.RELEASE\thymeleaf-spring5-3.0.11.RELEASE.jar;C:\Users\bobo.huang.MHS\.m2\repository\org\thymeleaf\thymeleaf\3.0.11.RELEASE\thymeleaf-3.0.11.RELEASE.jar;C:\Users\bobo.huang.MHS\.m2\repository\org\attoparser\attoparser\2.0.5.RELEASE\attoparser-2.0.5.RELEASE.jar;C:\Users\bobo.huang.MHS\.m2\repository\org\unbescape\unbescape\1.1.6.RELEASE\unbescape-1.1.6.RELEASE.jar;C:\Users\bobo.huang.MHS\.m2\repository\org\thymeleaf\extras\thymeleaf-extras-java8time\3.0.4.RELEASE\thymeleaf-extras-java8time-3.0.4.RELEASE.jar;C:\Users\bobo.huang.MHS\.m2\repository\net\bytebuddy\byte-buddy\1.9.12\byte-buddy-1.9.12.jar;C:\Users\bobo.huang.MHS\.m2\repository\org\springframework\boot\spring-boot-starter-data-jpa\2.1.5.RELEASE\spring-boot-starter-data-jpa-2.1.5.RELEASE.jar;C:\Users\bobo.huang.MHS\.m2\repository\org\springframework\boot\spring-boot-starter-aop\2.1.5.RELEASE\spring-boot-starter-aop-2.1.5.RELEASE.jar;C:\Users\bobo.huang.MHS\.m2\repository\org\aspectj\aspectjweaver\1.9.4\aspectjweaver-1.9.4.jar;C:\Users\bobo.huang.MHS\.m2\repository\org\springframework\boot\spring-boot-starter-jdbc\2.1.5.RELEASE\spring-boot-starter-jdbc-2.1.5.RELEASE.jar;C:\Users\bobo.huang.MHS\.m2\repository\com\zaxxer\HikariCP\3.2.0\HikariCP-3.2.0.jar;C:\Users\bobo.huang.MHS\.m2\repository\org\springframework\spring-jdbc\5.1.7.RELEASE\spring-jdbc-5.1.7.RELEASE.jar;C:\Users\bobo.huang.MHS\.m2\repository\javax\transaction\javax.transaction-api\1.3\javax.transaction-api-1.3.jar;C:\Users\bobo.huang.MHS\.m2\repository\javax\xml\bind\jaxb-api\2.3.1\jaxb-api-2.3.1.jar;C:\Users\bobo.huang.MHS\.m2\repository\javax\activation\javax.activation-api\1.2.0\javax.activation-api-1.2.0.jar;C:\Users\bobo.huang.MHS\.m2\repository\org\hibernate\hibernate-core\5.3.10.Final\hibernate-core-5.3.10.Final.jar;C:\Users\bobo.huang.MHS\.m2\repository\javax\persistence\javax.persistence-api\2.2\javax.persistence-api-2.2.jar;C:\Users\bobo.huang.MHS\.m2\repository\org\javassist\javassist\3.23.2-GA\javassist-3.23.2-GA.jar;C:\Users\bobo.huang.MHS\.m2\repository\antlr\antlr\2.7.7\antlr-2.7.7.jar;C:\Users\bobo.huang.MHS\.m2\repository\org\jboss\jandex\2.0.5.Final\jandex-2.0.5.Final.jar;C:\Users\bobo.huang.MHS\.m2\repository\org\dom4j\dom4j\2.1.1\dom4j-2.1.1.jar;C:\Users\bobo.huang.MHS\.m2\repository\org\hibernate\common\hibernate-commons-annotations\5.0.4.Final\hibernate-commons-annotations-5.0.4.Final.jar;C:\Users\bobo.huang.MHS\.m2\repository\org\springframework\data\spring-data-jpa\2.1.8.RELEASE\spring-data-jpa-2.1.8.RELEASE.jar;C:\Users\bobo.huang.MHS\.m2\repository\org\springframework\data\spring-data-commons\2.1.8.RELEASE\spring-data-commons-2.1.8.RELEASE.jar;C:\Users\bobo.huang.MHS\.m2\repository\org\springframework\spring-orm\5.1.7.RELEASE\spring-orm-5.1.7.RELEASE.jar;C:\Users\bobo.huang.MHS\.m2\repository\org\springframework\spring-tx\5.1.7.RELEASE\spring-tx-5.1.7.RELEASE.jar;C:\Users\bobo.huang.MHS\.m2\repository\org\springframework\spring-aspects\5.1.7.RELEASE\spring-aspects-5.1.7.RELEASE.jar;C:\Users\bobo.huang.MHS\.m2\repository\mysql\mysql-connector-java\8.0.16\mysql-connector-java-8.0.16.jar;C:\Users\bobo.huang.MHS\.m2\repository\org\webjars\bower\vue\1.0.21\vue-1.0.21.jar;C:\Users\bobo.huang.MHS\.m2\repository\org\springframework\boot\spring-boot-starter-data-redis\2.1.5.RELEASE\spring-boot-starter-data-redis-2.1.5.RELEASE.jar;C:\Users\bobo.huang.MHS\.m2\repository\org\springframework\data\spring-data-redis\2.1.8.RELEASE\spring-data-redis-2.1.8.RELEASE.jar;C:\Users\bobo.huang.MHS\.m2\repository\org\springframework\data\spring-data-keyvalue\2.1.8.RELEASE\spring-data-keyvalue-2.1.8.RELEASE.jar;C:\Users\bobo.huang.MHS\.m2\repository\org\springframework\spring-oxm\5.1.7.RELEASE\spring-oxm-5.1.7.RELEASE.jar;C:\Users\bobo.huang.MHS\.m2\repository\org\springframework\spring-context-support\5.1.7.RELEASE\spring-context-support-5.1.7.RELEASE.jar;C:\Users\bobo.huang.MHS\.m2\repository\io\lettuce\lettuce-core\5.1.6.RELEASE\lettuce-core-5.1.6.RELEASE.jar;C:\Users\bobo.huang.MHS\.m2\repository\io\netty\netty-common\4.1.36.Final\netty-common-4.1.36.Final.jar;C:\Users\bobo.huang.MHS\.m2\repository\io\netty\netty-handler\4.1.36.Final\netty-handler-4.1.36.Final.jar;C:\Users\bobo.huang.MHS\.m2\repository\io\netty\netty-buffer\4.1.36.Final\netty-buffer-4.1.36.Final.jar;C:\Users\bobo.huang.MHS\.m2\repository\io\netty\netty-codec\4.1.36.Final\netty-codec-4.1.36.Final.jar;C:\Users\bobo.huang.MHS\.m2\repository\io\netty\netty-transport\4.1.36.Final\netty-transport-4.1.36.Final.jar;C:\Users\bobo.huang.MHS\.m2\repository\io\netty\netty-resolver\4.1.36.Final\netty-resolver-4.1.36.Final.jar;C:\Users\bobo.huang.MHS\.m2\repository\io\projectreactor\reactor-core\3.2.9.RELEASE\reactor-core-3.2.9.RELEASE.jar;C:\Users\bobo.huang.MHS\.m2\repository\org\reactivestreams\reactive-streams\1.0.2\reactive-streams-1.0.2.jar;C:\Users\bobo.huang.MHS\.m2\repository\org\mybatis\spring\boot\mybatis-spring-boot-starter\2.0.0\mybatis-spring-boot-starter-2.0.0.jar;C:\Users\bobo.huang.MHS\.m2\repository\org\mybatis\spring\boot\mybatis-spring-boot-autoconfigure\2.0.0\mybatis-spring-boot-autoconfigure-2.0.0.jar;C:\Users\bobo.huang.MHS\.m2\repository\org\mybatis\mybatis\3.5.0\mybatis-3.5.0.jar;C:\Users\bobo.huang.MHS\.m2\repository\org\mybatis\mybatis-spring\2.0.0\mybatis-spring-2.0.0.jar;C:\Users\bobo.huang.MHS\.m2\repository\net\sourceforge\nekohtml\nekohtml\1.9.22\nekohtml-1.9.22.jar;C:\Users\bobo.huang.MHS\.m2\repository\xerces\xercesImpl\2.11.0\xercesImpl-2.11.0.jar;C:\Users\bobo.huang.MHS\.m2\repository\xml-apis\xml-apis\1.4.01\xml-apis-1.4.01.jar;C:\Users\bobo.huang.MHS\.m2\repository\org\springframework\boot\spring-boot-devtools\2.1.5.RELEASE\spring-boot-devtools-2.1.5.RELEASE.jar;C:\Users\bobo.huang.MHS\.m2\repository\org\springframework\boot\spring-boot-starter-tomcat\2.1.5.RELEASE\spring-boot-starter-tomcat-2.1.5.RELEASE.jar;C:\Users\bobo.huang.MHS\.m2\repository\org\apache\tomcat\embed\tomcat-embed-core\9.0.19\tomcat-embed-core-9.0.19.jar;C:\Users\bobo.huang.MHS\.m2\repository\org\apache\tomcat\embed\tomcat-embed-el\9.0.19\tomcat-embed-el-9.0.19.jar;C:\Users\bobo.huang.MHS\.m2\repository\org\apache\tomcat\embed\tomcat-embed-websocket\9.0.19\tomcat-embed-websocket-9.0.19.jar;C:\Users\bobo.huang.MHS\.m2\repository\org\springframework\integration\spring-integration-redis\5.1.5.RELEASE\spring-integration-redis-5.1.5.RELEASE.jar;C:\Users\bobo.huang.MHS\.m2\repository\org\springframework\integration\spring-integration-core\5.1.5.RELEASE\spring-integration-core-5.1.5.RELEASE.jar;C:\Users\bobo.huang.MHS\.m2\repository\org\springframework\spring-messaging\5.1.7.RELEASE\spring-messaging-5.1.7.RELEASE.jar;C:\Users\bobo.huang.MHS\.m2\repository\org\springframework\retry\spring-retry\1.2.4.RELEASE\spring-retry-1.2.4.RELEASE.jar;C:\Users\bobo.huang.MHS\.m2\repository\org\apache\shiro\shiro-spring\1.4.0\shiro-spring-1.4.0.jar;C:\Users\bobo.huang.MHS\.m2\repository\org\apache\shiro\shiro-core\1.4.0\shiro-core-1.4.0.jar;C:\Users\bobo.huang.MHS\.m2\repository\org\apache\shiro\shiro-lang\1.4.0\shiro-lang-1.4.0.jar;C:\Users\bobo.huang.MHS\.m2\repository\org\apache\shiro\shiro-cache\1.4.0\shiro-cache-1.4.0.jar;C:\Users\bobo.huang.MHS\.m2\repository\org\apache\shiro\shiro-crypto-hash\1.4.0\shiro-crypto-hash-1.4.0.jar;C:\Users\bobo.huang.MHS\.m2\repository\org\apache\shiro\shiro-crypto-core\1.4.0\shiro-crypto-core-1.4.0.jar;C:\Users\bobo.huang.MHS\.m2\repository\org\apache\shiro\shiro-crypto-cipher\1.4.0\shiro-crypto-cipher-1.4.0.jar;C:\Users\bobo.huang.MHS\.m2\repository\org\apache\shiro\shiro-config-core\1.4.0\shiro-config-core-1.4.0.jar;C:\Users\bobo.huang.MHS\.m2\repository\org\apache\shiro\shiro-config-ogdl\1.4.0\shiro-config-ogdl-1.4.0.jar;C:\Users\bobo.huang.MHS\.m2\repository\commons-beanutils\commons-beanutils\1.9.3\commons-beanutils-1.9.3.jar;C:\Users\bobo.huang.MHS\.m2\repository\commons-collections\commons-collections\3.2.2\commons-collections-3.2.2.jar;C:\Users\bobo.huang.MHS\.m2\repository\org\apache\shiro\shiro-event\1.4.0\shiro-event-1.4.0.jar;C:\Users\bobo.huang.MHS\.m2\repository\org\apache\shiro\shiro-web\1.4.0\shiro-web-1.4.0.jar;C:\Users\bobo.huang.MHS\.m2\repository\com\github\theborakompanioni\thymeleaf-extras-shiro\2.0.0\thymeleaf-extras-shiro-2.0.0.jar;C:\Users\bobo.huang.MHS\.m2\repository\com\auth0\java-jwt\3.4.0\java-jwt-3.4.0.jar;C:\Users\bobo.huang.MHS\.m2\repository\com\fasterxml\jackson\core\jackson-databind\2.9.8\jackson-databind-2.9.8.jar;C:\Users\bobo.huang.MHS\.m2\repository\com\fasterxml\jackson\core\jackson-annotations\2.9.0\jackson-annotations-2.9.0.jar;C:\Users\bobo.huang.MHS\.m2\repository\com\fasterxml\jackson\core\jackson-core\2.9.8\jackson-core-2.9.8.jar;C:\Users\bobo.huang.MHS\.m2\repository\commons-codec\commons-codec\1.11\commons-codec-1.11.jar;C:\Users\bobo.huang.MHS\.m2\repository\org\apache\zookeeper\zookeeper\3.5.5\zookeeper-3.5.5.jar;C:\Users\bobo.huang.MHS\.m2\repository\org\apache\zookeeper\zookeeper-jute\3.5.5\zookeeper-jute-3.5.5.jar;C:\Users\bobo.huang.MHS\.m2\repository\org\apache\yetus\audience-annotations\0.5.0\audience-annotations-0.5.0.jar;C:\Users\bobo.huang.MHS\.m2\repository\io\netty\netty-all\4.1.36.Final\netty-all-4.1.36.Final.jar;C:\Users\bobo.huang.MHS\.m2\repository\org\slf4j\slf4j-api\1.7.26\slf4j-api-1.7.26.jar;C:\Users\bobo.huang.MHS\.m2\repository\org\slf4j\slf4j-log4j12\1.7.26\slf4j-log4j12-1.7.26.jar;C:\Users\bobo.huang.MHS\.m2\repository\log4j\log4j\1.2.17\log4j-1.2.17.jar
10:45:58.591 INFO  org.apache.zookeeper.ZooKeeper [109] - Client environment:java.library.path=C:\Program Files\Java\jre1.8.0_101\bin;C:\Windows\Sun\Java\bin;C:\Windows\system32;C:\Windows;C:/Program Files/Java/jre1.8.0_101/bin/server;C:/Program Files/Java/jre1.8.0_101/bin;C:/Program Files/Java/jre1.8.0_101/lib/amd64;C:\Program Files\Common Files\Microsoft Shared\Microsoft Online Services;C:\Program Files (x86)\Common Files\Microsoft Shared\Microsoft Online Services;C:\ProgramData\Oracle\Java\javapath;C:\Program Files (x86)\NVIDIA Corporation\PhysX\Common;C:\Windows\system32;C:\Windows;C:\Windows\System32\Wbem;C:\Windows\System32\WindowsPowerShell\v1.0\;C:\Program Files\Microsoft\Web Platform Installer\;C:\Program Files (x86)\Microsoft ASP.NET\ASP.NET Web Pages\v1.0\;C:\Program Files\Git\cmd;C:\Program Files (x86)\QuickTime\QTSystem\;C:\Program Files (x86)\Microsoft SQL Server\110\Tools\Binn\ManagementStudio\;C:\Program Files (x86)\Microsoft SQL Server\110\Tools\Binn\;D:\Program Files (x86)\Microsoft Visual Studio 11.0\Common7\IDE\PrivateAssemblies\;C:\Program Files (x86)\Microsoft SQL Server\110\DTS\Binn\;C:\FEBS\Trade;C:\Program Files\Java\jdk1.8.0_101\bin;C:\Program Files\Java\jdk1.8.0_101;C:\apache-maven-3.3.9\bin;C:\Program Files\Microsoft SQL Server\110\Tools\Binn\;C:\Program Files (x86)\Microsoft SQL Server\Client SDK\ODBC\130\Tools\Binn\;C:\Program Files (x86)\Microsoft SQL Server\130\Tools\Binn\;C:\Program Files (x86)\Microsoft SQL Server\130\DTS\Binn\;C:\Program Files (x86)\Microsoft SQL Server\130\Tools\Binn\ManagementStudio\;C:\Program Files\Git\bin\;C:\Program Files (x86)\MSBuild\14.0\Bin;C:\Program Files (x86)\WinRAR\;C:\Program Files\TortoiseGit\bin;C:\Program Files\dotnet\;C:\Program Files\Microsoft SQL Server\130\Tools\Binn\;C:\Program Files\Java\jdk1.8.0_101\bin;C:\Program Files (x86)\Windows Kits\8.1\bin\x64;C:\Program Files\Microsoft SQL Server\110\DTS\Binn\;D:\apache-jmeter-5.0;D:\apache-jmeter-5.0\bin;D:\ProgramData\Anaconda3\pkgs\conda-4.5.11-py37_0\Scripts;d:\FEBS\Trade;C:\Program Files (x86)\dotnet\;D:\Program Files\nodejs\;C:\Program Files (x86)\Microsoft SQL Server\120\DTS\Binn\;C:\Program Files (x86)\Microsoft SQL Server\140\DTS\Binn\;C:\Program Files (x86)\Microsoft SQL Server\150\DTS\Binn\;D:\Python\Python37\Scripts\;D:\Python\Python37\;d:\Program Files (x86)\Microsoft VS Code\bin;C:\Users\bobo.huang.MHS\.dotnet\tools;C:\Users\bobo.huang.MHS\AppData\Roaming\npm;C:\Users\bobo.huang.MHS\Desktop;;.
10:45:58.591 INFO  org.apache.zookeeper.ZooKeeper [109] - Client environment:java.io.tmpdir=C:\Users\BOBOHU~2.MHS\AppData\Local\Temp\
10:45:58.591 INFO  org.apache.zookeeper.ZooKeeper [109] - Client environment:java.compiler=<NA>
10:45:58.591 INFO  org.apache.zookeeper.ZooKeeper [109] - Client environment:os.name=Windows 10
10:45:58.591 INFO  org.apache.zookeeper.ZooKeeper [109] - Client environment:os.arch=amd64
10:45:58.592 INFO  org.apache.zookeeper.ZooKeeper [109] - Client environment:os.version=10.0
10:45:58.592 INFO  org.apache.zookeeper.ZooKeeper [109] - Client environment:user.name=bobo.huang
10:45:58.592 INFO  org.apache.zookeeper.ZooKeeper [109] - Client environment:user.home=C:\Users\bobo.huang.MHS
10:45:58.592 INFO  org.apache.zookeeper.ZooKeeper [109] - Client environment:user.dir=D:\github\Demo\java\fristsba
10:45:58.592 INFO  org.apache.zookeeper.ZooKeeper [109] - Client environment:os.memory.free=384MB
10:45:58.592 INFO  org.apache.zookeeper.ZooKeeper [109] - Client environment:os.memory.max=3630MB
10:45:58.593 INFO  org.apache.zookeeper.ZooKeeper [109] - Client environment:os.memory.total=435MB
10:45:58.597 INFO  org.apache.zookeeper.ZooKeeper [868] - Initiating client connection, connectString=192.168.126.136:2181,192.168.126.137:2181,192.168.126.138:2181 sessionTimeout=4000 watcher=com.bobo.fristsba.config.ZooKeeperConfig$1@4c4be9d8
10:45:58.604 INFO  org.apache.zookeeper.common.X509Util [79] - Setting -D jdk.tls.rejectClientInitiatedRenegotiation=true to disable client-initiated TLS renegotiation
10:45:58.620 INFO  o.apache.zookeeper.ClientCnxnSocket [237] - jute.maxbuffer value is 4194304 Bytes
10:45:58.629 INFO  org.apache.zookeeper.ClientCnxn [1653] - zookeeper.request.timeout value is 0. feature enabled=
10:46:16.689 INFO  org.apache.zookeeper.ClientCnxn [1112] - Opening socket connection to server 192.168.126.136/192.168.126.136:2181. Will not attempt to authenticate using SASL (unknown error)
10:46:18.025 WARN  org.apache.zookeeper.ClientCnxn [1190] - Client session timed out, have not heard from server in 19355ms for sessionid 0x0
10:46:18.027 INFO  org.apache.zookeeper.ClientCnxn [1238] - Client session timed out, have not heard from server in 19355ms for sessionid 0x0, closing socket connection and attempting reconnect
10:46:32.123 INFO  com.bobo.fristsba.config.ZkAPI [99] - 【执行初始化测试方法。。。。。。。。。。。。】
10:46:36.141 INFO  org.apache.zookeeper.ClientCnxn [1112] - Opening socket connection to server 192.168.126.138/192.168.126.138:2181. Will not attempt to authenticate using SASL (unknown error)
10:46:36.143 WARN  org.apache.zookeeper.ClientCnxn [1190] - Client session timed out, have not heard from server in 18010ms for sessionid 0x0
10:46:36.144 INFO  org.apache.zookeeper.ClientCnxn [1238] - Client session timed out, have not heard from server in 18010ms for sessionid 0x0, closing socket connection and attempting reconnect
10:46:36.277 ERROR com.bobo.fristsba.config.ZkAPI [45] - 【创建持久化节点异常】/zk-watcher-2,测试,{}
org.apache.zookeeper.KeeperException$ConnectionLossException: KeeperErrorCode = ConnectionLoss for /zk-watcher-2
	at org.apache.zookeeper.KeeperException.create(KeeperException.java:102)
	at org.apache.zookeeper.KeeperException.create(KeeperException.java:54)
	at org.apache.zookeeper.ZooKeeper.create(ZooKeeper.java:1538)
	at com.bobo.fristsba.config.ZkAPI.createNode(ZkAPI.java:42)
	at com.bobo.fristsba.config.ZkAPI.init(ZkAPI.java:100)
	at sun.reflect.NativeMethodAccessorImpl.invoke0(Native Method)
	at sun.reflect.NativeMethodAccessorImpl.invoke(Unknown Source)
	at sun.reflect.DelegatingMethodAccessorImpl.invoke(Unknown Source)
	at java.lang.reflect.Method.invoke(Unknown Source)
	at org.springframework.beans.factory.annotation.InitDestroyAnnotationBeanPostProcessor$LifecycleElement.invoke(InitDestroyAnnotationBeanPostProcessor.java:363)
	at org.springframework.beans.factory.annotation.InitDestroyAnnotationBeanPostProcessor$LifecycleMetadata.invokeInitMethods(InitDestroyAnnotationBeanPostProcessor.java:307)
	at org.springframework.beans.factory.annotation.InitDestroyAnnotationBeanPostProcessor.postProcessBeforeInitialization(InitDestroyAnnotationBeanPostProcessor.java:136)
	at org.springframework.beans.factory.support.AbstractAutowireCapableBeanFactory.applyBeanPostProcessorsBeforeInitialization(AbstractAutowireCapableBeanFactory.java:414)
	at org.springframework.beans.factory.support.AbstractAutowireCapableBeanFactory.initializeBean(AbstractAutowireCapableBeanFactory.java:1770)
	at org.springframework.beans.factory.support.AbstractAutowireCapableBeanFactory.doCreateBean(AbstractAutowireCapableBeanFactory.java:593)
	at org.springframework.beans.factory.support.AbstractAutowireCapableBeanFactory.createBean(AbstractAutowireCapableBeanFactory.java:515)
	at org.springframework.beans.factory.support.AbstractBeanFactory.lambda$doGetBean$0(AbstractBeanFactory.java:320)
	at org.springframework.beans.factory.support.DefaultSingletonBeanRegistry.getSingleton(DefaultSingletonBeanRegistry.java:222)
	at org.springframework.beans.factory.support.AbstractBeanFactory.doGetBean(AbstractBeanFactory.java:318)
	at org.springframework.beans.factory.support.AbstractBeanFactory.getBean(AbstractBeanFactory.java:199)
	at org.springframework.beans.factory.support.DefaultListableBeanFactory.preInstantiateSingletons(DefaultListableBeanFactory.java:843)
	at org.springframework.context.support.AbstractApplicationContext.finishBeanFactoryInitialization(AbstractApplicationContext.java:877)
	at org.springframework.context.support.AbstractApplicationContext.refresh(AbstractApplicationContext.java:549)
	at org.springframework.boot.web.servlet.context.ServletWebServerApplicationContext.refresh(ServletWebServerApplicationContext.java:142)
	at org.springframework.boot.SpringApplication.refresh(SpringApplication.java:775)
	at org.springframework.boot.SpringApplication.refreshContext(SpringApplication.java:397)
	at org.springframework.boot.SpringApplication.run(SpringApplication.java:316)
	at org.springframework.boot.SpringApplication.run(SpringApplication.java:1260)
	at org.springframework.boot.SpringApplication.run(SpringApplication.java:1248)
	at com.bobo.fristsba.FristsbaApplication.main(FristsbaApplication.java:27)
10:46:54.260 INFO  org.apache.zookeeper.ClientCnxn [1112] - Opening socket connection to server 192.168.126.137/192.168.126.137:2181. Will not attempt to authenticate using SASL (unknown error)
10:46:54.261 WARN  org.apache.zookeeper.ClientCnxn [1190] - Client session timed out, have not heard from server in 18008ms for sessionid 0x0
10:46:54.261 INFO  org.apache.zookeeper.ClientCnxn [1238] - Client session timed out, have not heard from server in 18008ms for sessionid 0x0, closing socket connection and attempting reconnect
10:46:54.362 ERROR com.bobo.fristsba.config.ZkAPI [36] - 【断指定节点是否存在异常】/zk-watcher-2,{}
org.apache.zookeeper.KeeperException$ConnectionLossException: KeeperErrorCode = ConnectionLoss for /zk-watcher-2
	at org.apache.zookeeper.KeeperException.create(KeeperException.java:102)
	at org.apache.zookeeper.KeeperException.create(KeeperException.java:54)
	at org.apache.zookeeper.ZooKeeper.exists(ZooKeeper.java:2021)
	at com.bobo.fristsba.config.ZkAPI.exists(ZkAPI.java:34)
	at com.bobo.fristsba.config.ZkAPI.getData(ZkAPI.java:76)
	at com.bobo.fristsba.config.ZkAPI.init(ZkAPI.java:101)
	at sun.reflect.NativeMethodAccessorImpl.invoke0(Native Method)
	at sun.reflect.NativeMethodAccessorImpl.invoke(Unknown Source)
	at sun.reflect.DelegatingMethodAccessorImpl.invoke(Unknown Source)
	at java.lang.reflect.Method.invoke(Unknown Source)
	at org.springframework.beans.factory.annotation.InitDestroyAnnotationBeanPostProcessor$LifecycleElement.invoke(InitDestroyAnnotationBeanPostProcessor.java:363)
	at org.springframework.beans.factory.annotation.InitDestroyAnnotationBeanPostProcessor$LifecycleMetadata.invokeInitMethods(InitDestroyAnnotationBeanPostProcessor.java:307)
	at org.springframework.beans.factory.annotation.InitDestroyAnnotationBeanPostProcessor.postProcessBeforeInitialization(InitDestroyAnnotationBeanPostProcessor.java:136)
	at org.springframework.beans.factory.support.AbstractAutowireCapableBeanFactory.applyBeanPostProcessorsBeforeInitialization(AbstractAutowireCapableBeanFactory.java:414)
	at org.springframework.beans.factory.support.AbstractAutowireCapableBeanFactory.initializeBean(AbstractAutowireCapableBeanFactory.java:1770)
	at org.springframework.beans.factory.support.AbstractAutowireCapableBeanFactory.doCreateBean(AbstractAutowireCapableBeanFactory.java:593)
	at org.springframework.beans.factory.support.AbstractAutowireCapableBeanFactory.createBean(AbstractAutowireCapableBeanFactory.java:515)
	at org.springframework.beans.factory.support.AbstractBeanFactory.lambda$doGetBean$0(AbstractBeanFactory.java:320)
	at org.springframework.beans.factory.support.DefaultSingletonBeanRegistry.getSingleton(DefaultSingletonBeanRegistry.java:222)
	at org.springframework.beans.factory.support.AbstractBeanFactory.doGetBean(AbstractBeanFactory.java:318)
	at org.springframework.beans.factory.support.AbstractBeanFactory.getBean(AbstractBeanFactory.java:199)
	at org.springframework.beans.factory.support.DefaultListableBeanFactory.preInstantiateSingletons(DefaultListableBeanFactory.java:843)
	at org.springframework.context.support.AbstractApplicationContext.finishBeanFactoryInitialization(AbstractApplicationContext.java:877)
	at org.springframework.context.support.AbstractApplicationContext.refresh(AbstractApplicationContext.java:549)
	at org.springframework.boot.web.servlet.context.ServletWebServerApplicationContext.refresh(ServletWebServerApplicationContext.java:142)
	at org.springframework.boot.SpringApplication.refresh(SpringApplication.java:775)
	at org.springframework.boot.SpringApplication.refreshContext(SpringApplication.java:397)
	at org.springframework.boot.SpringApplication.run(SpringApplication.java:316)
	at org.springframework.boot.SpringApplication.run(SpringApplication.java:1260)
	at org.springframework.boot.SpringApplication.run(SpringApplication.java:1248)
	at com.bobo.fristsba.FristsbaApplication.main(FristsbaApplication.java:27)
10:46:54.363 INFO  com.bobo.fristsba.config.ZkAPI [102] - 【执行初始化测试方法getData返回值。。。。。。。。。。。。】=null
10:47:10.989 INFO  c.bobo.fristsba.FristsbaApplication [50] - Starting FristsbaApplication on D076-SZ with PID 24104 (D:\github\Demo\java\fristsba\target\classes started by bobo.huang in D:\github\Demo\java\fristsba)
10:47:10.991 INFO  c.bobo.fristsba.FristsbaApplication [675] - No active profile set, falling back to default profiles: default
10:47:11.064 INFO  o.s.b.d.e.DevToolsPropertyDefaultsPostProcessor [227] - For additional web related logging consider setting the 'logging.level.web' property to 'DEBUG'
10:47:11.957 WARN  o.m.s.mapper.ClassPathMapperScanner [44] - Skipping MapperFactoryBean with name 'accountBalanceMapper' and 'com.bobo.fristsba.mapper.AccountBalanceMapper' mapperInterface. Bean already defined with the same name!
10:47:11.957 WARN  o.m.s.mapper.ClassPathMapperScanner [44] - Skipping MapperFactoryBean with name 'addressMapper' and 'com.bobo.fristsba.mapper.AddressMapper' mapperInterface. Bean already defined with the same name!
10:47:11.957 WARN  o.m.s.mapper.ClassPathMapperScanner [44] - Skipping MapperFactoryBean with name 'roleMapper' and 'com.bobo.fristsba.mapper.RoleMapper' mapperInterface. Bean already defined with the same name!
10:47:11.957 WARN  o.m.s.mapper.ClassPathMapperScanner [44] - Skipping MapperFactoryBean with name 'studentMapper' and 'com.bobo.fristsba.mapper.StudentMapper' mapperInterface. Bean already defined with the same name!
10:47:11.958 WARN  o.m.s.mapper.ClassPathMapperScanner [44] - Skipping MapperFactoryBean with name 'transactionMapper' and 'com.bobo.fristsba.mapper.TransactionMapper' mapperInterface. Bean already defined with the same name!
10:47:11.958 WARN  o.m.s.mapper.ClassPathMapperScanner [44] - Skipping MapperFactoryBean with name 'userMapper' and 'com.bobo.fristsba.mapper.UserMapper' mapperInterface. Bean already defined with the same name!
10:47:11.959 WARN  o.m.s.mapper.ClassPathMapperScanner [44] - No MyBatis mapper was found in '[com.bobo.fristsba.mapper]' package. Please check your configuration.
10:47:12.220 INFO  o.s.d.r.c.RepositoryConfigurationDelegate [244] - Multiple Spring Data modules found, entering strict repository configuration mode!
10:47:12.223 INFO  o.s.d.r.c.RepositoryConfigurationDelegate [126] - Bootstrapping Spring Data repositories in DEFAULT mode.
10:47:12.496 INFO  o.s.d.r.c.RepositoryConfigurationDelegate [182] - Finished Spring Data repository scanning in 260ms. Found 1 repository interfaces.
10:47:12.515 INFO  o.s.d.r.c.RepositoryConfigurationDelegate [244] - Multiple Spring Data modules found, entering strict repository configuration mode!
10:47:12.517 INFO  o.s.d.r.c.RepositoryConfigurationDelegate [126] - Bootstrapping Spring Data repositories in DEFAULT mode.
10:47:12.550 INFO  o.s.d.r.c.RepositoryConfigurationExtensionSupport [363] - Spring Data Redis - Could not safely identify store assignment for repository candidate interface com.bobo.fristsba.service.StudentRepository.
10:47:12.550 INFO  o.s.d.r.c.RepositoryConfigurationDelegate [182] - Finished Spring Data repository scanning in 20ms. Found 0 repository interfaces.
10:47:13.046 INFO  o.s.i.c.DefaultConfiguringBeanFactoryPostProcessor [188] - No bean named 'errorChannel' has been explicitly defined. Therefore, a default PublishSubscribeChannel will be created.
10:47:13.058 INFO  o.s.i.c.DefaultConfiguringBeanFactoryPostProcessor [426] - No bean named 'integrationHeaderChannelRegistry' has been explicitly defined. Therefore, a default DefaultHeaderChannelRegistry will be created.
10:47:13.076 INFO  o.s.c.s.PostProcessorRegistrationDelegate$BeanPostProcessorChecker [330] - Bean 'shiroConfig' of type [com.bobo.fristsba.config.ShiroConfig$$EnhancerBySpringCGLIB$$ddcfbece] is not eligible for getting processed by all BeanPostProcessors (for example: not eligible for auto-proxying)
10:47:13.476 INFO  o.s.c.s.PostProcessorRegistrationDelegate$BeanPostProcessorChecker [330] - Bean 'defaultDataSourceConfig' of type [com.bobo.fristsba.config.DefaultDataSourceConfig$$EnhancerBySpringCGLIB$$b58685c3] is not eligible for getting processed by all BeanPostProcessors (for example: not eligible for auto-proxying)
10:47:13.648 INFO  o.s.c.s.PostProcessorRegistrationDelegate$BeanPostProcessorChecker [330] - Bean 'defaultDataSource' of type [com.zaxxer.hikari.HikariDataSource] is not eligible for getting processed by all BeanPostProcessors (for example: not eligible for auto-proxying)
10:47:13.939 INFO  o.s.c.s.PostProcessorRegistrationDelegate$BeanPostProcessorChecker [330] - Bean 'defaultSqlSessionFactory' of type [org.apache.ibatis.session.defaults.DefaultSqlSessionFactory] is not eligible for getting processed by all BeanPostProcessors (for example: not eligible for auto-proxying)
10:47:13.950 INFO  o.s.c.s.PostProcessorRegistrationDelegate$BeanPostProcessorChecker [330] - Bean 'userMapper' of type [org.mybatis.spring.mapper.MapperFactoryBean] is not eligible for getting processed by all BeanPostProcessors (for example: not eligible for auto-proxying)
10:47:13.952 INFO  o.s.c.s.PostProcessorRegistrationDelegate$BeanPostProcessorChecker [330] - Bean 'userMapper' of type [com.sun.proxy.$Proxy67] is not eligible for getting processed by all BeanPostProcessors (for example: not eligible for auto-proxying)
10:47:13.954 INFO  o.s.c.s.PostProcessorRegistrationDelegate$BeanPostProcessorChecker [330] - Bean 'roleMapper' of type [org.mybatis.spring.mapper.MapperFactoryBean] is not eligible for getting processed by all BeanPostProcessors (for example: not eligible for auto-proxying)
10:47:13.956 INFO  o.s.c.s.PostProcessorRegistrationDelegate$BeanPostProcessorChecker [330] - Bean 'roleMapper' of type [com.sun.proxy.$Proxy68] is not eligible for getting processed by all BeanPostProcessors (for example: not eligible for auto-proxying)
10:47:13.956 INFO  o.s.c.s.PostProcessorRegistrationDelegate$BeanPostProcessorChecker [330] - Bean 'getShiroAuthorizingRealm' of type [com.bobo.fristsba.service.ShiroAuthorizingRealm] is not eligible for getting processed by all BeanPostProcessors (for example: not eligible for auto-proxying)
10:47:13.958 INFO  o.s.c.s.PostProcessorRegistrationDelegate$BeanPostProcessorChecker [330] - Bean 'securityManager' of type [org.apache.shiro.web.mgt.DefaultWebSecurityManager] is not eligible for getting processed by all BeanPostProcessors (for example: not eligible for auto-proxying)
10:47:14.008 INFO  o.s.c.s.PostProcessorRegistrationDelegate$BeanPostProcessorChecker [330] - Bean 'authorizationAttributeSourceAdvisor' of type [org.apache.shiro.spring.security.interceptor.AuthorizationAttributeSourceAdvisor] is not eligible for getting processed by all BeanPostProcessors (for example: not eligible for auto-proxying)
10:47:14.058 INFO  o.s.c.s.PostProcessorRegistrationDelegate$BeanPostProcessorChecker [330] - Bean 'org.springframework.transaction.annotation.ProxyTransactionManagementConfiguration' of type [org.springframework.transaction.annotation.ProxyTransactionManagementConfiguration$$EnhancerBySpringCGLIB$$f39c88ef] is not eligible for getting processed by all BeanPostProcessors (for example: not eligible for auto-proxying)
10:47:14.103 INFO  o.s.c.s.PostProcessorRegistrationDelegate$BeanPostProcessorChecker [330] - Bean 'redisConfig' of type [com.bobo.fristsba.config.RedisConfig$$EnhancerBySpringCGLIB$$289e4618] is not eligible for getting processed by all BeanPostProcessors (for example: not eligible for auto-proxying)
10:47:14.159 INFO  o.s.c.s.PostProcessorRegistrationDelegate$BeanPostProcessorChecker [330] - Bean 'org.springframework.integration.config.IntegrationManagementConfiguration' of type [org.springframework.integration.config.IntegrationManagementConfiguration$$EnhancerBySpringCGLIB$$5e8e441e] is not eligible for getting processed by all BeanPostProcessors (for example: not eligible for auto-proxying)
10:47:14.189 INFO  o.s.c.s.PostProcessorRegistrationDelegate$BeanPostProcessorChecker [330] - Bean 'integrationDisposableAutoCreatedBeans' of type [org.springframework.integration.config.annotation.Disposables] is not eligible for getting processed by all BeanPostProcessors (for example: not eligible for auto-proxying)
10:47:14.719 INFO  o.s.b.w.e.tomcat.TomcatWebServer [90] - Tomcat initialized with port(s): 8080 (http)
10:47:14.749 INFO  o.a.coyote.http11.Http11NioProtocol [173] - Initializing ProtocolHandler ["http-nio-8080"]
10:47:14.763 INFO  o.a.catalina.core.StandardService [173] - Starting service [Tomcat]
10:47:14.764 INFO  o.a.catalina.core.StandardEngine [173] - Starting Servlet engine: [Apache Tomcat/9.0.19]
10:47:15.006 INFO  o.a.c.c.C.[Tomcat].[localhost].[/] [173] - Initializing Spring embedded WebApplicationContext
10:47:15.006 INFO  o.s.web.context.ContextLoader [296] - Root WebApplicationContext: initialization completed in 3941 ms
10:47:15.265 INFO  com.zaxxer.hikari.HikariDataSource [110] - HikariPool-1 - Starting...
10:47:15.451 INFO  com.zaxxer.hikari.HikariDataSource [123] - HikariPool-1 - Start completed.
10:47:17.527 INFO  o.s.o.j.LocalContainerEntityManagerFactoryBean [415] - Initialized JPA EntityManagerFactory for persistence unit 'default'
10:47:17.603 INFO  org.apache.zookeeper.ZooKeeper [109] - Client environment:zookeeper.version=3.5.5-390fe37ea45dee01bf87dc1c042b5e3dcce88653, built on 05/03/2019 12:07 GMT
10:47:17.603 INFO  org.apache.zookeeper.ZooKeeper [109] - Client environment:host.name=D076-SZ.MHS.local
10:47:17.603 INFO  org.apache.zookeeper.ZooKeeper [109] - Client environment:java.version=1.8.0_101
10:47:17.603 INFO  org.apache.zookeeper.ZooKeeper [109] - Client environment:java.vendor=Oracle Corporation
10:47:17.604 INFO  org.apache.zookeeper.ZooKeeper [109] - Client environment:java.home=C:\Program Files\Java\jre1.8.0_101
10:47:17.604 INFO  org.apache.zookeeper.ZooKeeper [109] - Client environment:java.class.path=D:\github\Demo\java\fristsba\target\classes;C:\Users\bobo.huang.MHS\.m2\repository\org\springframework\boot\spring-boot-starter\2.1.5.RELEASE\spring-boot-starter-2.1.5.RELEASE.jar;C:\Users\bobo.huang.MHS\.m2\repository\org\springframework\boot\spring-boot\2.1.5.RELEASE\spring-boot-2.1.5.RELEASE.jar;C:\Users\bobo.huang.MHS\.m2\repository\org\springframework\spring-context\5.1.7.RELEASE\spring-context-5.1.7.RELEASE.jar;C:\Users\bobo.huang.MHS\.m2\repository\org\springframework\boot\spring-boot-autoconfigure\2.1.5.RELEASE\spring-boot-autoconfigure-2.1.5.RELEASE.jar;C:\Users\bobo.huang.MHS\.m2\repository\org\springframework\boot\spring-boot-starter-logging\2.1.5.RELEASE\spring-boot-starter-logging-2.1.5.RELEASE.jar;C:\Users\bobo.huang.MHS\.m2\repository\ch\qos\logback\logback-classic\1.2.3\logback-classic-1.2.3.jar;C:\Users\bobo.huang.MHS\.m2\repository\ch\qos\logback\logback-core\1.2.3\logback-core-1.2.3.jar;C:\Users\bobo.huang.MHS\.m2\repository\org\apache\logging\log4j\log4j-to-slf4j\2.11.2\log4j-to-slf4j-2.11.2.jar;C:\Users\bobo.huang.MHS\.m2\repository\org\apache\logging\log4j\log4j-api\2.11.2\log4j-api-2.11.2.jar;C:\Users\bobo.huang.MHS\.m2\repository\org\slf4j\jul-to-slf4j\1.7.26\jul-to-slf4j-1.7.26.jar;C:\Users\bobo.huang.MHS\.m2\repository\javax\annotation\javax.annotation-api\1.3.2\javax.annotation-api-1.3.2.jar;C:\Users\bobo.huang.MHS\.m2\repository\org\springframework\spring-core\5.1.7.RELEASE\spring-core-5.1.7.RELEASE.jar;C:\Users\bobo.huang.MHS\.m2\repository\org\springframework\spring-jcl\5.1.7.RELEASE\spring-jcl-5.1.7.RELEASE.jar;C:\Users\bobo.huang.MHS\.m2\repository\org\yaml\snakeyaml\1.23\snakeyaml-1.23.jar;C:\Users\bobo.huang.MHS\.m2\repository\org\springframework\boot\spring-boot-starter-web\2.1.5.RELEASE\spring-boot-starter-web-2.1.5.RELEASE.jar;C:\Users\bobo.huang.MHS\.m2\repository\org\springframework\boot\spring-boot-starter-json\2.1.5.RELEASE\spring-boot-starter-json-2.1.5.RELEASE.jar;C:\Users\bobo.huang.MHS\.m2\repository\com\fasterxml\jackson\datatype\jackson-datatype-jdk8\2.9.8\jackson-datatype-jdk8-2.9.8.jar;C:\Users\bobo.huang.MHS\.m2\repository\com\fasterxml\jackson\datatype\jackson-datatype-jsr310\2.9.8\jackson-datatype-jsr310-2.9.8.jar;C:\Users\bobo.huang.MHS\.m2\repository\com\fasterxml\jackson\module\jackson-module-parameter-names\2.9.8\jackson-module-parameter-names-2.9.8.jar;C:\Users\bobo.huang.MHS\.m2\repository\org\hibernate\validator\hibernate-validator\6.0.16.Final\hibernate-validator-6.0.16.Final.jar;C:\Users\bobo.huang.MHS\.m2\repository\javax\validation\validation-api\2.0.1.Final\validation-api-2.0.1.Final.jar;C:\Users\bobo.huang.MHS\.m2\repository\org\jboss\logging\jboss-logging\3.3.2.Final\jboss-logging-3.3.2.Final.jar;C:\Users\bobo.huang.MHS\.m2\repository\com\fasterxml\classmate\1.4.0\classmate-1.4.0.jar;C:\Users\bobo.huang.MHS\.m2\repository\org\springframework\spring-web\5.1.7.RELEASE\spring-web-5.1.7.RELEASE.jar;C:\Users\bobo.huang.MHS\.m2\repository\org\springframework\spring-beans\5.1.7.RELEASE\spring-beans-5.1.7.RELEASE.jar;C:\Users\bobo.huang.MHS\.m2\repository\org\springframework\spring-webmvc\5.1.7.RELEASE\spring-webmvc-5.1.7.RELEASE.jar;C:\Users\bobo.huang.MHS\.m2\repository\org\springframework\spring-aop\5.1.7.RELEASE\spring-aop-5.1.7.RELEASE.jar;C:\Users\bobo.huang.MHS\.m2\repository\org\springframework\spring-expression\5.1.7.RELEASE\spring-expression-5.1.7.RELEASE.jar;C:\Users\bobo.huang.MHS\.m2\repository\org\springframework\boot\spring-boot-starter-thymeleaf\2.1.5.RELEASE\spring-boot-starter-thymeleaf-2.1.5.RELEASE.jar;C:\Users\bobo.huang.MHS\.m2\repository\org\thymeleaf\thymeleaf-spring5\3.0.11.RELEASE\thymeleaf-spring5-3.0.11.RELEASE.jar;C:\Users\bobo.huang.MHS\.m2\repository\org\thymeleaf\thymeleaf\3.0.11.RELEASE\thymeleaf-3.0.11.RELEASE.jar;C:\Users\bobo.huang.MHS\.m2\repository\org\attoparser\attoparser\2.0.5.RELEASE\attoparser-2.0.5.RELEASE.jar;C:\Users\bobo.huang.MHS\.m2\repository\org\unbescape\unbescape\1.1.6.RELEASE\unbescape-1.1.6.RELEASE.jar;C:\Users\bobo.huang.MHS\.m2\repository\org\thymeleaf\extras\thymeleaf-extras-java8time\3.0.4.RELEASE\thymeleaf-extras-java8time-3.0.4.RELEASE.jar;C:\Users\bobo.huang.MHS\.m2\repository\net\bytebuddy\byte-buddy\1.9.12\byte-buddy-1.9.12.jar;C:\Users\bobo.huang.MHS\.m2\repository\org\springframework\boot\spring-boot-starter-data-jpa\2.1.5.RELEASE\spring-boot-starter-data-jpa-2.1.5.RELEASE.jar;C:\Users\bobo.huang.MHS\.m2\repository\org\springframework\boot\spring-boot-starter-aop\2.1.5.RELEASE\spring-boot-starter-aop-2.1.5.RELEASE.jar;C:\Users\bobo.huang.MHS\.m2\repository\org\aspectj\aspectjweaver\1.9.4\aspectjweaver-1.9.4.jar;C:\Users\bobo.huang.MHS\.m2\repository\org\springframework\boot\spring-boot-starter-jdbc\2.1.5.RELEASE\spring-boot-starter-jdbc-2.1.5.RELEASE.jar;C:\Users\bobo.huang.MHS\.m2\repository\com\zaxxer\HikariCP\3.2.0\HikariCP-3.2.0.jar;C:\Users\bobo.huang.MHS\.m2\repository\org\springframework\spring-jdbc\5.1.7.RELEASE\spring-jdbc-5.1.7.RELEASE.jar;C:\Users\bobo.huang.MHS\.m2\repository\javax\transaction\javax.transaction-api\1.3\javax.transaction-api-1.3.jar;C:\Users\bobo.huang.MHS\.m2\repository\javax\xml\bind\jaxb-api\2.3.1\jaxb-api-2.3.1.jar;C:\Users\bobo.huang.MHS\.m2\repository\javax\activation\javax.activation-api\1.2.0\javax.activation-api-1.2.0.jar;C:\Users\bobo.huang.MHS\.m2\repository\org\hibernate\hibernate-core\5.3.10.Final\hibernate-core-5.3.10.Final.jar;C:\Users\bobo.huang.MHS\.m2\repository\javax\persistence\javax.persistence-api\2.2\javax.persistence-api-2.2.jar;C:\Users\bobo.huang.MHS\.m2\repository\org\javassist\javassist\3.23.2-GA\javassist-3.23.2-GA.jar;C:\Users\bobo.huang.MHS\.m2\repository\antlr\antlr\2.7.7\antlr-2.7.7.jar;C:\Users\bobo.huang.MHS\.m2\repository\org\jboss\jandex\2.0.5.Final\jandex-2.0.5.Final.jar;C:\Users\bobo.huang.MHS\.m2\repository\org\dom4j\dom4j\2.1.1\dom4j-2.1.1.jar;C:\Users\bobo.huang.MHS\.m2\repository\org\hibernate\common\hibernate-commons-annotations\5.0.4.Final\hibernate-commons-annotations-5.0.4.Final.jar;C:\Users\bobo.huang.MHS\.m2\repository\org\springframework\data\spring-data-jpa\2.1.8.RELEASE\spring-data-jpa-2.1.8.RELEASE.jar;C:\Users\bobo.huang.MHS\.m2\repository\org\springframework\data\spring-data-commons\2.1.8.RELEASE\spring-data-commons-2.1.8.RELEASE.jar;C:\Users\bobo.huang.MHS\.m2\repository\org\springframework\spring-orm\5.1.7.RELEASE\spring-orm-5.1.7.RELEASE.jar;C:\Users\bobo.huang.MHS\.m2\repository\org\springframework\spring-tx\5.1.7.RELEASE\spring-tx-5.1.7.RELEASE.jar;C:\Users\bobo.huang.MHS\.m2\repository\org\springframework\spring-aspects\5.1.7.RELEASE\spring-aspects-5.1.7.RELEASE.jar;C:\Users\bobo.huang.MHS\.m2\repository\mysql\mysql-connector-java\8.0.16\mysql-connector-java-8.0.16.jar;C:\Users\bobo.huang.MHS\.m2\repository\org\webjars\bower\vue\1.0.21\vue-1.0.21.jar;C:\Users\bobo.huang.MHS\.m2\repository\org\springframework\boot\spring-boot-starter-data-redis\2.1.5.RELEASE\spring-boot-starter-data-redis-2.1.5.RELEASE.jar;C:\Users\bobo.huang.MHS\.m2\repository\org\springframework\data\spring-data-redis\2.1.8.RELEASE\spring-data-redis-2.1.8.RELEASE.jar;C:\Users\bobo.huang.MHS\.m2\repository\org\springframework\data\spring-data-keyvalue\2.1.8.RELEASE\spring-data-keyvalue-2.1.8.RELEASE.jar;C:\Users\bobo.huang.MHS\.m2\repository\org\springframework\spring-oxm\5.1.7.RELEASE\spring-oxm-5.1.7.RELEASE.jar;C:\Users\bobo.huang.MHS\.m2\repository\org\springframework\spring-context-support\5.1.7.RELEASE\spring-context-support-5.1.7.RELEASE.jar;C:\Users\bobo.huang.MHS\.m2\repository\io\lettuce\lettuce-core\5.1.6.RELEASE\lettuce-core-5.1.6.RELEASE.jar;C:\Users\bobo.huang.MHS\.m2\repository\io\netty\netty-common\4.1.36.Final\netty-common-4.1.36.Final.jar;C:\Users\bobo.huang.MHS\.m2\repository\io\netty\netty-handler\4.1.36.Final\netty-handler-4.1.36.Final.jar;C:\Users\bobo.huang.MHS\.m2\repository\io\netty\netty-buffer\4.1.36.Final\netty-buffer-4.1.36.Final.jar;C:\Users\bobo.huang.MHS\.m2\repository\io\netty\netty-codec\4.1.36.Final\netty-codec-4.1.36.Final.jar;C:\Users\bobo.huang.MHS\.m2\repository\io\netty\netty-transport\4.1.36.Final\netty-transport-4.1.36.Final.jar;C:\Users\bobo.huang.MHS\.m2\repository\io\netty\netty-resolver\4.1.36.Final\netty-resolver-4.1.36.Final.jar;C:\Users\bobo.huang.MHS\.m2\repository\io\projectreactor\reactor-core\3.2.9.RELEASE\reactor-core-3.2.9.RELEASE.jar;C:\Users\bobo.huang.MHS\.m2\repository\org\reactivestreams\reactive-streams\1.0.2\reactive-streams-1.0.2.jar;C:\Users\bobo.huang.MHS\.m2\repository\org\mybatis\spring\boot\mybatis-spring-boot-starter\2.0.0\mybatis-spring-boot-starter-2.0.0.jar;C:\Users\bobo.huang.MHS\.m2\repository\org\mybatis\spring\boot\mybatis-spring-boot-autoconfigure\2.0.0\mybatis-spring-boot-autoconfigure-2.0.0.jar;C:\Users\bobo.huang.MHS\.m2\repository\org\mybatis\mybatis\3.5.0\mybatis-3.5.0.jar;C:\Users\bobo.huang.MHS\.m2\repository\org\mybatis\mybatis-spring\2.0.0\mybatis-spring-2.0.0.jar;C:\Users\bobo.huang.MHS\.m2\repository\net\sourceforge\nekohtml\nekohtml\1.9.22\nekohtml-1.9.22.jar;C:\Users\bobo.huang.MHS\.m2\repository\xerces\xercesImpl\2.11.0\xercesImpl-2.11.0.jar;C:\Users\bobo.huang.MHS\.m2\repository\xml-apis\xml-apis\1.4.01\xml-apis-1.4.01.jar;C:\Users\bobo.huang.MHS\.m2\repository\org\springframework\boot\spring-boot-devtools\2.1.5.RELEASE\spring-boot-devtools-2.1.5.RELEASE.jar;C:\Users\bobo.huang.MHS\.m2\repository\org\springframework\boot\spring-boot-starter-tomcat\2.1.5.RELEASE\spring-boot-starter-tomcat-2.1.5.RELEASE.jar;C:\Users\bobo.huang.MHS\.m2\repository\org\apache\tomcat\embed\tomcat-embed-core\9.0.19\tomcat-embed-core-9.0.19.jar;C:\Users\bobo.huang.MHS\.m2\repository\org\apache\tomcat\embed\tomcat-embed-el\9.0.19\tomcat-embed-el-9.0.19.jar;C:\Users\bobo.huang.MHS\.m2\repository\org\apache\tomcat\embed\tomcat-embed-websocket\9.0.19\tomcat-embed-websocket-9.0.19.jar;C:\Users\bobo.huang.MHS\.m2\repository\org\springframework\integration\spring-integration-redis\5.1.5.RELEASE\spring-integration-redis-5.1.5.RELEASE.jar;C:\Users\bobo.huang.MHS\.m2\repository\org\springframework\integration\spring-integration-core\5.1.5.RELEASE\spring-integration-core-5.1.5.RELEASE.jar;C:\Users\bobo.huang.MHS\.m2\repository\org\springframework\spring-messaging\5.1.7.RELEASE\spring-messaging-5.1.7.RELEASE.jar;C:\Users\bobo.huang.MHS\.m2\repository\org\springframework\retry\spring-retry\1.2.4.RELEASE\spring-retry-1.2.4.RELEASE.jar;C:\Users\bobo.huang.MHS\.m2\repository\org\apache\shiro\shiro-spring\1.4.0\shiro-spring-1.4.0.jar;C:\Users\bobo.huang.MHS\.m2\repository\org\apache\shiro\shiro-core\1.4.0\shiro-core-1.4.0.jar;C:\Users\bobo.huang.MHS\.m2\repository\org\apache\shiro\shiro-lang\1.4.0\shiro-lang-1.4.0.jar;C:\Users\bobo.huang.MHS\.m2\repository\org\apache\shiro\shiro-cache\1.4.0\shiro-cache-1.4.0.jar;C:\Users\bobo.huang.MHS\.m2\repository\org\apache\shiro\shiro-crypto-hash\1.4.0\shiro-crypto-hash-1.4.0.jar;C:\Users\bobo.huang.MHS\.m2\repository\org\apache\shiro\shiro-crypto-core\1.4.0\shiro-crypto-core-1.4.0.jar;C:\Users\bobo.huang.MHS\.m2\repository\org\apache\shiro\shiro-crypto-cipher\1.4.0\shiro-crypto-cipher-1.4.0.jar;C:\Users\bobo.huang.MHS\.m2\repository\org\apache\shiro\shiro-config-core\1.4.0\shiro-config-core-1.4.0.jar;C:\Users\bobo.huang.MHS\.m2\repository\org\apache\shiro\shiro-config-ogdl\1.4.0\shiro-config-ogdl-1.4.0.jar;C:\Users\bobo.huang.MHS\.m2\repository\commons-beanutils\commons-beanutils\1.9.3\commons-beanutils-1.9.3.jar;C:\Users\bobo.huang.MHS\.m2\repository\commons-collections\commons-collections\3.2.2\commons-collections-3.2.2.jar;C:\Users\bobo.huang.MHS\.m2\repository\org\apache\shiro\shiro-event\1.4.0\shiro-event-1.4.0.jar;C:\Users\bobo.huang.MHS\.m2\repository\org\apache\shiro\shiro-web\1.4.0\shiro-web-1.4.0.jar;C:\Users\bobo.huang.MHS\.m2\repository\com\github\theborakompanioni\thymeleaf-extras-shiro\2.0.0\thymeleaf-extras-shiro-2.0.0.jar;C:\Users\bobo.huang.MHS\.m2\repository\com\auth0\java-jwt\3.4.0\java-jwt-3.4.0.jar;C:\Users\bobo.huang.MHS\.m2\repository\com\fasterxml\jackson\core\jackson-databind\2.9.8\jackson-databind-2.9.8.jar;C:\Users\bobo.huang.MHS\.m2\repository\com\fasterxml\jackson\core\jackson-annotations\2.9.0\jackson-annotations-2.9.0.jar;C:\Users\bobo.huang.MHS\.m2\repository\com\fasterxml\jackson\core\jackson-core\2.9.8\jackson-core-2.9.8.jar;C:\Users\bobo.huang.MHS\.m2\repository\commons-codec\commons-codec\1.11\commons-codec-1.11.jar;C:\Users\bobo.huang.MHS\.m2\repository\org\apache\zookeeper\zookeeper\3.5.5\zookeeper-3.5.5.jar;C:\Users\bobo.huang.MHS\.m2\repository\org\apache\zookeeper\zookeeper-jute\3.5.5\zookeeper-jute-3.5.5.jar;C:\Users\bobo.huang.MHS\.m2\repository\org\apache\yetus\audience-annotations\0.5.0\audience-annotations-0.5.0.jar;C:\Users\bobo.huang.MHS\.m2\repository\io\netty\netty-all\4.1.36.Final\netty-all-4.1.36.Final.jar;C:\Users\bobo.huang.MHS\.m2\repository\org\slf4j\slf4j-api\1.7.26\slf4j-api-1.7.26.jar;C:\Users\bobo.huang.MHS\.m2\repository\org\slf4j\slf4j-log4j12\1.7.26\slf4j-log4j12-1.7.26.jar;C:\Users\bobo.huang.MHS\.m2\repository\log4j\log4j\1.2.17\log4j-1.2.17.jar
10:47:17.604 INFO  org.apache.zookeeper.ZooKeeper [109] - Client environment:java.library.path=C:\Program Files\Java\jre1.8.0_101\bin;C:\Windows\Sun\Java\bin;C:\Windows\system32;C:\Windows;C:/Program Files/Java/jre1.8.0_101/bin/server;C:/Program Files/Java/jre1.8.0_101/bin;C:/Program Files/Java/jre1.8.0_101/lib/amd64;C:\Program Files\Common Files\Microsoft Shared\Microsoft Online Services;C:\Program Files (x86)\Common Files\Microsoft Shared\Microsoft Online Services;C:\ProgramData\Oracle\Java\javapath;C:\Program Files (x86)\NVIDIA Corporation\PhysX\Common;C:\Windows\system32;C:\Windows;C:\Windows\System32\Wbem;C:\Windows\System32\WindowsPowerShell\v1.0\;C:\Program Files\Microsoft\Web Platform Installer\;C:\Program Files (x86)\Microsoft ASP.NET\ASP.NET Web Pages\v1.0\;C:\Program Files\Git\cmd;C:\Program Files (x86)\QuickTime\QTSystem\;C:\Program Files (x86)\Microsoft SQL Server\110\Tools\Binn\ManagementStudio\;C:\Program Files (x86)\Microsoft SQL Server\110\Tools\Binn\;D:\Program Files (x86)\Microsoft Visual Studio 11.0\Common7\IDE\PrivateAssemblies\;C:\Program Files (x86)\Microsoft SQL Server\110\DTS\Binn\;C:\FEBS\Trade;C:\Program Files\Java\jdk1.8.0_101\bin;C:\Program Files\Java\jdk1.8.0_101;C:\apache-maven-3.3.9\bin;C:\Program Files\Microsoft SQL Server\110\Tools\Binn\;C:\Program Files (x86)\Microsoft SQL Server\Client SDK\ODBC\130\Tools\Binn\;C:\Program Files (x86)\Microsoft SQL Server\130\Tools\Binn\;C:\Program Files (x86)\Microsoft SQL Server\130\DTS\Binn\;C:\Program Files (x86)\Microsoft SQL Server\130\Tools\Binn\ManagementStudio\;C:\Program Files\Git\bin\;C:\Program Files (x86)\MSBuild\14.0\Bin;C:\Program Files (x86)\WinRAR\;C:\Program Files\TortoiseGit\bin;C:\Program Files\dotnet\;C:\Program Files\Microsoft SQL Server\130\Tools\Binn\;C:\Program Files\Java\jdk1.8.0_101\bin;C:\Program Files (x86)\Windows Kits\8.1\bin\x64;C:\Program Files\Microsoft SQL Server\110\DTS\Binn\;D:\apache-jmeter-5.0;D:\apache-jmeter-5.0\bin;D:\ProgramData\Anaconda3\pkgs\conda-4.5.11-py37_0\Scripts;d:\FEBS\Trade;C:\Program Files (x86)\dotnet\;D:\Program Files\nodejs\;C:\Program Files (x86)\Microsoft SQL Server\120\DTS\Binn\;C:\Program Files (x86)\Microsoft SQL Server\140\DTS\Binn\;C:\Program Files (x86)\Microsoft SQL Server\150\DTS\Binn\;D:\Python\Python37\Scripts\;D:\Python\Python37\;d:\Program Files (x86)\Microsoft VS Code\bin;C:\Users\bobo.huang.MHS\.dotnet\tools;C:\Users\bobo.huang.MHS\AppData\Roaming\npm;C:\Users\bobo.huang.MHS\Desktop;;.
10:47:17.604 INFO  org.apache.zookeeper.ZooKeeper [109] - Client environment:java.io.tmpdir=C:\Users\BOBOHU~2.MHS\AppData\Local\Temp\
10:47:17.604 INFO  org.apache.zookeeper.ZooKeeper [109] - Client environment:java.compiler=<NA>
10:47:17.605 INFO  org.apache.zookeeper.ZooKeeper [109] - Client environment:os.name=Windows 10
10:47:17.605 INFO  org.apache.zookeeper.ZooKeeper [109] - Client environment:os.arch=amd64
10:47:17.605 INFO  org.apache.zookeeper.ZooKeeper [109] - Client environment:os.version=10.0
10:47:17.605 INFO  org.apache.zookeeper.ZooKeeper [109] - Client environment:user.name=bobo.huang
10:47:17.605 INFO  org.apache.zookeeper.ZooKeeper [109] - Client environment:user.home=C:\Users\bobo.huang.MHS
10:47:17.605 INFO  org.apache.zookeeper.ZooKeeper [109] - Client environment:user.dir=D:\github\Demo\java\fristsba
10:47:17.606 INFO  org.apache.zookeeper.ZooKeeper [109] - Client environment:os.memory.free=382MB
10:47:17.606 INFO  org.apache.zookeeper.ZooKeeper [109] - Client environment:os.memory.max=3630MB
10:47:17.606 INFO  org.apache.zookeeper.ZooKeeper [109] - Client environment:os.memory.total=431MB
10:47:17.612 INFO  org.apache.zookeeper.ZooKeeper [868] - Initiating client connection, connectString=192.168.126.136:2181,192.168.126.137:2181,192.168.126.138:2181 sessionTimeout=4000 watcher=com.bobo.fristsba.config.ZooKeeperConfig$1@63d75087
10:47:17.620 INFO  org.apache.zookeeper.common.X509Util [79] - Setting -D jdk.tls.rejectClientInitiatedRenegotiation=true to disable client-initiated TLS renegotiation
10:47:17.635 INFO  o.apache.zookeeper.ClientCnxnSocket [237] - jute.maxbuffer value is 4194304 Bytes
10:47:17.644 INFO  org.apache.zookeeper.ClientCnxn [1653] - zookeeper.request.timeout value is 0. feature enabled=
10:47:35.669 INFO  org.apache.zookeeper.ClientCnxn [1112] - Opening socket connection to server 192.168.126.136/192.168.126.136:2181. Will not attempt to authenticate using SASL (unknown error)
10:47:37.004 WARN  org.apache.zookeeper.ClientCnxn [1190] - Client session timed out, have not heard from server in 19354ms for sessionid 0x0
10:47:37.005 INFO  org.apache.zookeeper.ClientCnxn [1238] - Client session timed out, have not heard from server in 19354ms for sessionid 0x0, closing socket connection and attempting reconnect
10:47:50.975 INFO  com.bobo.fristsba.config.ZkAPI [99] - 【执行初始化测试方法。。。。。。。。。。。。】
10:47:55.119 INFO  org.apache.zookeeper.ClientCnxn [1112] - Opening socket connection to server 192.168.126.138/192.168.126.138:2181. Will not attempt to authenticate using SASL (unknown error)
10:47:55.120 WARN  org.apache.zookeeper.ClientCnxn [1190] - Client session timed out, have not heard from server in 18007ms for sessionid 0x0
10:47:55.120 INFO  org.apache.zookeeper.ClientCnxn [1238] - Client session timed out, have not heard from server in 18007ms for sessionid 0x0, closing socket connection and attempting reconnect
10:47:55.240 ERROR com.bobo.fristsba.config.ZkAPI [45] - 【创建持久化节点异常】/zk-watcher-2,测试,{}
org.apache.zookeeper.KeeperException$ConnectionLossException: KeeperErrorCode = ConnectionLoss for /zk-watcher-2
	at org.apache.zookeeper.KeeperException.create(KeeperException.java:102)
	at org.apache.zookeeper.KeeperException.create(KeeperException.java:54)
	at org.apache.zookeeper.ZooKeeper.create(ZooKeeper.java:1538)
	at com.bobo.fristsba.config.ZkAPI.createNode(ZkAPI.java:42)
	at com.bobo.fristsba.config.ZkAPI.init(ZkAPI.java:100)
	at sun.reflect.NativeMethodAccessorImpl.invoke0(Native Method)
	at sun.reflect.NativeMethodAccessorImpl.invoke(Unknown Source)
	at sun.reflect.DelegatingMethodAccessorImpl.invoke(Unknown Source)
	at java.lang.reflect.Method.invoke(Unknown Source)
	at org.springframework.beans.factory.annotation.InitDestroyAnnotationBeanPostProcessor$LifecycleElement.invoke(InitDestroyAnnotationBeanPostProcessor.java:363)
	at org.springframework.beans.factory.annotation.InitDestroyAnnotationBeanPostProcessor$LifecycleMetadata.invokeInitMethods(InitDestroyAnnotationBeanPostProcessor.java:307)
	at org.springframework.beans.factory.annotation.InitDestroyAnnotationBeanPostProcessor.postProcessBeforeInitialization(InitDestroyAnnotationBeanPostProcessor.java:136)
	at org.springframework.beans.factory.support.AbstractAutowireCapableBeanFactory.applyBeanPostProcessorsBeforeInitialization(AbstractAutowireCapableBeanFactory.java:414)
	at org.springframework.beans.factory.support.AbstractAutowireCapableBeanFactory.initializeBean(AbstractAutowireCapableBeanFactory.java:1770)
	at org.springframework.beans.factory.support.AbstractAutowireCapableBeanFactory.doCreateBean(AbstractAutowireCapableBeanFactory.java:593)
	at org.springframework.beans.factory.support.AbstractAutowireCapableBeanFactory.createBean(AbstractAutowireCapableBeanFactory.java:515)
	at org.springframework.beans.factory.support.AbstractBeanFactory.lambda$doGetBean$0(AbstractBeanFactory.java:320)
	at org.springframework.beans.factory.support.DefaultSingletonBeanRegistry.getSingleton(DefaultSingletonBeanRegistry.java:222)
	at org.springframework.beans.factory.support.AbstractBeanFactory.doGetBean(AbstractBeanFactory.java:318)
	at org.springframework.beans.factory.support.AbstractBeanFactory.getBean(AbstractBeanFactory.java:199)
	at org.springframework.beans.factory.support.DefaultListableBeanFactory.preInstantiateSingletons(DefaultListableBeanFactory.java:843)
	at org.springframework.context.support.AbstractApplicationContext.finishBeanFactoryInitialization(AbstractApplicationContext.java:877)
	at org.springframework.context.support.AbstractApplicationContext.refresh(AbstractApplicationContext.java:549)
	at org.springframework.boot.web.servlet.context.ServletWebServerApplicationContext.refresh(ServletWebServerApplicationContext.java:142)
	at org.springframework.boot.SpringApplication.refresh(SpringApplication.java:775)
	at org.springframework.boot.SpringApplication.refreshContext(SpringApplication.java:397)
	at org.springframework.boot.SpringApplication.run(SpringApplication.java:316)
	at org.springframework.boot.SpringApplication.run(SpringApplication.java:1260)
	at org.springframework.boot.SpringApplication.run(SpringApplication.java:1248)
	at com.bobo.fristsba.FristsbaApplication.main(FristsbaApplication.java:27)
10:48:11.733 INFO  org.apache.zookeeper.ClientCnxn [1112] - Opening socket connection to server 192.168.126.137/192.168.126.137:2181. Will not attempt to authenticate using SASL (unknown error)
10:48:11.736 WARN  org.apache.zookeeper.ClientCnxn [1190] - Client session timed out, have not heard from server in 16509ms for sessionid 0x0
10:48:11.737 INFO  org.apache.zookeeper.ClientCnxn [1238] - Client session timed out, have not heard from server in 16509ms for sessionid 0x0, closing socket connection and attempting reconnect
10:48:11.838 ERROR com.bobo.fristsba.config.ZkAPI [36] - 【断指定节点是否存在异常】/zk-watcher-2,{}
org.apache.zookeeper.KeeperException$ConnectionLossException: KeeperErrorCode = ConnectionLoss for /zk-watcher-2
	at org.apache.zookeeper.KeeperException.create(KeeperException.java:102)
	at org.apache.zookeeper.KeeperException.create(KeeperException.java:54)
	at org.apache.zookeeper.ZooKeeper.exists(ZooKeeper.java:2021)
	at com.bobo.fristsba.config.ZkAPI.exists(ZkAPI.java:34)
	at com.bobo.fristsba.config.ZkAPI.getData(ZkAPI.java:76)
	at com.bobo.fristsba.config.ZkAPI.init(ZkAPI.java:101)
	at sun.reflect.NativeMethodAccessorImpl.invoke0(Native Method)
	at sun.reflect.NativeMethodAccessorImpl.invoke(Unknown Source)
	at sun.reflect.DelegatingMethodAccessorImpl.invoke(Unknown Source)
	at java.lang.reflect.Method.invoke(Unknown Source)
	at org.springframework.beans.factory.annotation.InitDestroyAnnotationBeanPostProcessor$LifecycleElement.invoke(InitDestroyAnnotationBeanPostProcessor.java:363)
	at org.springframework.beans.factory.annotation.InitDestroyAnnotationBeanPostProcessor$LifecycleMetadata.invokeInitMethods(InitDestroyAnnotationBeanPostProcessor.java:307)
	at org.springframework.beans.factory.annotation.InitDestroyAnnotationBeanPostProcessor.postProcessBeforeInitialization(InitDestroyAnnotationBeanPostProcessor.java:136)
	at org.springframework.beans.factory.support.AbstractAutowireCapableBeanFactory.applyBeanPostProcessorsBeforeInitialization(AbstractAutowireCapableBeanFactory.java:414)
	at org.springframework.beans.factory.support.AbstractAutowireCapableBeanFactory.initializeBean(AbstractAutowireCapableBeanFactory.java:1770)
	at org.springframework.beans.factory.support.AbstractAutowireCapableBeanFactory.doCreateBean(AbstractAutowireCapableBeanFactory.java:593)
	at org.springframework.beans.factory.support.AbstractAutowireCapableBeanFactory.createBean(AbstractAutowireCapableBeanFactory.java:515)
	at org.springframework.beans.factory.support.AbstractBeanFactory.lambda$doGetBean$0(AbstractBeanFactory.java:320)
	at org.springframework.beans.factory.support.DefaultSingletonBeanRegistry.getSingleton(DefaultSingletonBeanRegistry.java:222)
	at org.springframework.beans.factory.support.AbstractBeanFactory.doGetBean(AbstractBeanFactory.java:318)
	at org.springframework.beans.factory.support.AbstractBeanFactory.getBean(AbstractBeanFactory.java:199)
	at org.springframework.beans.factory.support.DefaultListableBeanFactory.preInstantiateSingletons(DefaultListableBeanFactory.java:843)
	at org.springframework.context.support.AbstractApplicationContext.finishBeanFactoryInitialization(AbstractApplicationContext.java:877)
	at org.springframework.context.support.AbstractApplicationContext.refresh(AbstractApplicationContext.java:549)
	at org.springframework.boot.web.servlet.context.ServletWebServerApplicationContext.refresh(ServletWebServerApplicationContext.java:142)
	at org.springframework.boot.SpringApplication.refresh(SpringApplication.java:775)
	at org.springframework.boot.SpringApplication.refreshContext(SpringApplication.java:397)
	at org.springframework.boot.SpringApplication.run(SpringApplication.java:316)
	at org.springframework.boot.SpringApplication.run(SpringApplication.java:1260)
	at org.springframework.boot.SpringApplication.run(SpringApplication.java:1248)
	at com.bobo.fristsba.FristsbaApplication.main(FristsbaApplication.java:27)
10:48:11.839 INFO  com.bobo.fristsba.config.ZkAPI [102] - 【执行初始化测试方法getData返回值。。。。。。。。。。。。】=null
10:48:30.846 INFO  org.apache.zookeeper.ClientCnxn [1112] - Opening socket connection to server 192.168.126.136/192.168.126.136:2181. Will not attempt to authenticate using SASL (unknown error)
10:48:30.847 WARN  org.apache.zookeeper.ClientCnxn [1190] - Client session timed out, have not heard from server in 19008ms for sessionid 0x0
10:48:30.847 INFO  org.apache.zookeeper.ClientCnxn [1238] - Client session timed out, have not heard from server in 19008ms for sessionid 0x0, closing socket connection and attempting reconnect
10:48:30.949 ERROR com.bobo.fristsba.config.ZkAPI [66] - 【删除持久化节点异常】/zk-watcher-2,{}
org.apache.zookeeper.KeeperException$ConnectionLossException: KeeperErrorCode = ConnectionLoss for /zk-watcher-2
	at org.apache.zookeeper.KeeperException.create(KeeperException.java:102)
	at org.apache.zookeeper.KeeperException.create(KeeperException.java:54)
	at org.apache.zookeeper.ZooKeeper.delete(ZooKeeper.java:1793)
	at com.bobo.fristsba.config.ZkAPI.deleteNode(ZkAPI.java:63)
	at com.bobo.fristsba.config.ZkAPI.init(ZkAPI.java:104)
	at sun.reflect.NativeMethodAccessorImpl.invoke0(Native Method)
	at sun.reflect.NativeMethodAccessorImpl.invoke(Unknown Source)
	at sun.reflect.DelegatingMethodAccessorImpl.invoke(Unknown Source)
	at java.lang.reflect.Method.invoke(Unknown Source)
	at org.springframework.beans.factory.annotation.InitDestroyAnnotationBeanPostProcessor$LifecycleElement.invoke(InitDestroyAnnotationBeanPostProcessor.java:363)
	at org.springframework.beans.factory.annotation.InitDestroyAnnotationBeanPostProcessor$LifecycleMetadata.invokeInitMethods(InitDestroyAnnotationBeanPostProcessor.java:307)
	at org.springframework.beans.factory.annotation.InitDestroyAnnotationBeanPostProcessor.postProcessBeforeInitialization(InitDestroyAnnotationBeanPostProcessor.java:136)
	at org.springframework.beans.factory.support.AbstractAutowireCapableBeanFactory.applyBeanPostProcessorsBeforeInitialization(AbstractAutowireCapableBeanFactory.java:414)
	at org.springframework.beans.factory.support.AbstractAutowireCapableBeanFactory.initializeBean(AbstractAutowireCapableBeanFactory.java:1770)
	at org.springframework.beans.factory.support.AbstractAutowireCapableBeanFactory.doCreateBean(AbstractAutowireCapableBeanFactory.java:593)
	at org.springframework.beans.factory.support.AbstractAutowireCapableBeanFactory.createBean(AbstractAutowireCapableBeanFactory.java:515)
	at org.springframework.beans.factory.support.AbstractBeanFactory.lambda$doGetBean$0(AbstractBeanFactory.java:320)
	at org.springframework.beans.factory.support.DefaultSingletonBeanRegistry.getSingleton(DefaultSingletonBeanRegistry.java:222)
	at org.springframework.beans.factory.support.AbstractBeanFactory.doGetBean(AbstractBeanFactory.java:318)
	at org.springframework.beans.factory.support.AbstractBeanFactory.getBean(AbstractBeanFactory.java:199)
	at org.springframework.beans.factory.support.DefaultListableBeanFactory.preInstantiateSingletons(DefaultListableBeanFactory.java:843)
	at org.springframework.context.support.AbstractApplicationContext.finishBeanFactoryInitialization(AbstractApplicationContext.java:877)
	at org.springframework.context.support.AbstractApplicationContext.refresh(AbstractApplicationContext.java:549)
	at org.springframework.boot.web.servlet.context.ServletWebServerApplicationContext.refresh(ServletWebServerApplicationContext.java:142)
	at org.springframework.boot.SpringApplication.refresh(SpringApplication.java:775)
	at org.springframework.boot.SpringApplication.refreshContext(SpringApplication.java:397)
	at org.springframework.boot.SpringApplication.run(SpringApplication.java:316)
	at org.springframework.boot.SpringApplication.run(SpringApplication.java:1260)
	at org.springframework.boot.SpringApplication.run(SpringApplication.java:1248)
	at com.bobo.fristsba.FristsbaApplication.main(FristsbaApplication.java:27)
10:48:31.458 INFO  io.lettuce.core.EpollProvider [68] - Starting without optional epoll library
10:48:31.462 INFO  io.lettuce.core.KqueueProvider [70] - Starting without optional kqueue library
10:48:33.109 INFO  o.s.s.c.ThreadPoolTaskExecutor [171] - Initializing ExecutorService 'applicationTaskExecutor'
10:48:33.189 WARN  o.s.b.a.o.j.JpaBaseConfiguration$JpaWebConfiguration$JpaWebMvcConfiguration [237] - spring.jpa.open-in-view is enabled by default. Therefore, database queries may be performed during view rendering. Explicitly configure spring.jpa.open-in-view to disable this warning
10:48:33.365 WARN  o.t.templatemode.TemplateMode [150] - [THYMELEAF][main] Template Mode 'LEGACYHTML5' is deprecated. Using Template Mode 'HTML' instead.
10:48:33.424 INFO  o.s.b.a.w.s.WelcomePageHandlerMapping [61] - Adding welcome page template: index
10:48:33.856 INFO  o.s.s.c.ThreadPoolTaskScheduler [171] - Initializing ExecutorService 'taskScheduler'
10:48:34.187 INFO  o.s.i.endpoint.EventDrivenConsumer [107] - Adding {logging-channel-adapter:_org.springframework.integration.errorLogger} as a subscriber to the 'errorChannel' channel
10:48:34.188 INFO  o.s.i.c.PublishSubscribeChannel [64] - Channel 'application.errorChannel' has 1 subscriber(s).
10:48:34.188 INFO  o.s.i.endpoint.EventDrivenConsumer [159] - started _org.springframework.integration.errorLogger
10:48:34.204 INFO  o.a.coyote.http11.Http11NioProtocol [173] - Starting ProtocolHandler ["http-nio-8080"]
10:48:34.240 INFO  o.s.b.w.e.tomcat.TomcatWebServer [204] - Tomcat started on port(s): 8080 (http) with context path ''
10:48:34.278 INFO  c.bobo.fristsba.FristsbaApplication [59] - Started FristsbaApplication in 83.944 seconds (JVM running for 84.714)
10:48:39.963 INFO  c.bobo.fristsba.FristsbaApplication [30] - Here is log info
10:48:41.213 WARN  c.bobo.fristsba.FristsbaApplication [31] - Here is log Warn
10:48:41.933 ERROR c.bobo.fristsba.FristsbaApplication [32] - Here is log Error
10:48:48.975 INFO  org.apache.zookeeper.ClientCnxn [1112] - Opening socket connection to server 192.168.126.138/192.168.126.138:2181. Will not attempt to authenticate using SASL (unknown error)
10:48:50.310 WARN  org.apache.zookeeper.ClientCnxn [1190] - Client session timed out, have not heard from server in 19345ms for sessionid 0x0
10:48:50.310 INFO  org.apache.zookeeper.ClientCnxn [1238] - Client session timed out, have not heard from server in 19345ms for sessionid 0x0, closing socket connection and attempting reconnect
10:49:08.416 INFO  org.apache.zookeeper.ClientCnxn [1112] - Opening socket connection to server 192.168.126.137/192.168.126.137:2181. Will not attempt to authenticate using SASL (unknown error)
10:49:09.750 WARN  org.apache.zookeeper.ClientCnxn [1190] - Client session timed out, have not heard from server in 19340ms for sessionid 0x0
10:49:09.751 INFO  org.apache.zookeeper.ClientCnxn [1238] - Client session timed out, have not heard from server in 19340ms for sessionid 0x0, closing socket connection and attempting reconnect
10:49:28.858 INFO  org.apache.zookeeper.ClientCnxn [1112] - Opening socket connection to server 192.168.126.136/192.168.126.136:2181. Will not attempt to authenticate using SASL (unknown error)
10:49:30.193 WARN  org.apache.zookeeper.ClientCnxn [1190] - Client session timed out, have not heard from server in 20341ms for sessionid 0x0
10:49:30.193 INFO  org.apache.zookeeper.ClientCnxn [1238] - Client session timed out, have not heard from server in 20341ms for sessionid 0x0, closing socket connection and attempting reconnect
10:49:48.302 INFO  org.apache.zookeeper.ClientCnxn [1112] - Opening socket connection to server 192.168.126.138/192.168.126.138:2181. Will not attempt to authenticate using SASL (unknown error)
10:49:49.637 WARN  org.apache.zookeeper.ClientCnxn [1190] - Client session timed out, have not heard from server in 19342ms for sessionid 0x0
10:49:49.637 INFO  org.apache.zookeeper.ClientCnxn [1238] - Client session timed out, have not heard from server in 19342ms for sessionid 0x0, closing socket connection and attempting reconnect
10:50:07.745 INFO  org.apache.zookeeper.ClientCnxn [1112] - Opening socket connection to server 192.168.126.137/192.168.126.137:2181. Will not attempt to authenticate using SASL (unknown error)
10:50:09.080 WARN  org.apache.zookeeper.ClientCnxn [1190] - Client session timed out, have not heard from server in 19343ms for sessionid 0x0
10:50:09.080 INFO  org.apache.zookeeper.ClientCnxn [1238] - Client session timed out, have not heard from server in 19343ms for sessionid 0x0, closing socket connection and attempting reconnect
10:50:28.187 INFO  org.apache.zookeeper.ClientCnxn [1112] - Opening socket connection to server 192.168.126.136/192.168.126.136:2181. Will not attempt to authenticate using SASL (unknown error)
10:50:29.521 WARN  org.apache.zookeeper.ClientCnxn [1190] - Client session timed out, have not heard from server in 20340ms for sessionid 0x0
10:50:29.521 INFO  org.apache.zookeeper.ClientCnxn [1238] - Client session timed out, have not heard from server in 20340ms for sessionid 0x0, closing socket connection and attempting reconnect
10:50:47.626 INFO  org.apache.zookeeper.ClientCnxn [1112] - Opening socket connection to server 192.168.126.138/192.168.126.138:2181. Will not attempt to authenticate using SASL (unknown error)
10:50:48.960 WARN  org.apache.zookeeper.ClientCnxn [1190] - Client session timed out, have not heard from server in 19337ms for sessionid 0x0
10:50:48.960 INFO  org.apache.zookeeper.ClientCnxn [1238] - Client session timed out, have not heard from server in 19337ms for sessionid 0x0, closing socket connection and attempting reconnect
10:51:07.068 INFO  org.apache.zookeeper.ClientCnxn [1112] - Opening socket connection to server 192.168.126.137/192.168.126.137:2181. Will not attempt to authenticate using SASL (unknown error)
10:51:08.402 WARN  org.apache.zookeeper.ClientCnxn [1190] - Client session timed out, have not heard from server in 19341ms for sessionid 0x0
10:51:08.402 INFO  org.apache.zookeeper.ClientCnxn [1238] - Client session timed out, have not heard from server in 19341ms for sessionid 0x0, closing socket connection and attempting reconnect
10:51:27.511 INFO  org.apache.zookeeper.ClientCnxn [1112] - Opening socket connection to server 192.168.126.136/192.168.126.136:2181. Will not attempt to authenticate using SASL (unknown error)
10:51:28.846 WARN  org.apache.zookeeper.ClientCnxn [1190] - Client session timed out, have not heard from server in 20342ms for sessionid 0x0
10:51:28.846 INFO  org.apache.zookeeper.ClientCnxn [1238] - Client session timed out, have not heard from server in 20342ms for sessionid 0x0, closing socket connection and attempting reconnect
10:51:46.952 INFO  org.apache.zookeeper.ClientCnxn [1112] - Opening socket connection to server 192.168.126.138/192.168.126.138:2181. Will not attempt to authenticate using SASL (unknown error)
10:51:48.287 WARN  org.apache.zookeeper.ClientCnxn [1190] - Client session timed out, have not heard from server in 19340ms for sessionid 0x0
10:51:48.288 INFO  org.apache.zookeeper.ClientCnxn [1238] - Client session timed out, have not heard from server in 19340ms for sessionid 0x0, closing socket connection and attempting reconnect
10:52:06.395 INFO  org.apache.zookeeper.ClientCnxn [1112] - Opening socket connection to server 192.168.126.137/192.168.126.137:2181. Will not attempt to authenticate using SASL (unknown error)
10:52:07.729 WARN  org.apache.zookeeper.ClientCnxn [1190] - Client session timed out, have not heard from server in 19341ms for sessionid 0x0
10:52:07.730 INFO  org.apache.zookeeper.ClientCnxn [1238] - Client session timed out, have not heard from server in 19341ms for sessionid 0x0, closing socket connection and attempting reconnect
10:52:26.838 INFO  org.apache.zookeeper.ClientCnxn [1112] - Opening socket connection to server 192.168.126.136/192.168.126.136:2181. Will not attempt to authenticate using SASL (unknown error)
10:52:28.172 WARN  org.apache.zookeeper.ClientCnxn [1190] - Client session timed out, have not heard from server in 20341ms for sessionid 0x0
10:52:28.172 INFO  org.apache.zookeeper.ClientCnxn [1238] - Client session timed out, have not heard from server in 20341ms for sessionid 0x0, closing socket connection and attempting reconnect
10:52:46.280 INFO  org.apache.zookeeper.ClientCnxn [1112] - Opening socket connection to server 192.168.126.138/192.168.126.138:2181. Will not attempt to authenticate using SASL (unknown error)
10:52:47.615 WARN  org.apache.zookeeper.ClientCnxn [1190] - Client session timed out, have not heard from server in 19341ms for sessionid 0x0
10:52:47.615 INFO  org.apache.zookeeper.ClientCnxn [1238] - Client session timed out, have not heard from server in 19341ms for sessionid 0x0, closing socket connection and attempting reconnect
10:53:05.720 INFO  org.apache.zookeeper.ClientCnxn [1112] - Opening socket connection to server 192.168.126.137/192.168.126.137:2181. Will not attempt to authenticate using SASL (unknown error)
10:53:07.056 WARN  org.apache.zookeeper.ClientCnxn [1190] - Client session timed out, have not heard from server in 19340ms for sessionid 0x0
10:53:07.056 INFO  org.apache.zookeeper.ClientCnxn [1238] - Client session timed out, have not heard from server in 19340ms for sessionid 0x0, closing socket connection and attempting reconnect
10:53:26.166 INFO  org.apache.zookeeper.ClientCnxn [1112] - Opening socket connection to server 192.168.126.136/192.168.126.136:2181. Will not attempt to authenticate using SASL (unknown error)
10:53:27.501 WARN  org.apache.zookeeper.ClientCnxn [1190] - Client session timed out, have not heard from server in 20343ms for sessionid 0x0
10:53:27.501 INFO  org.apache.zookeeper.ClientCnxn [1238] - Client session timed out, have not heard from server in 20343ms for sessionid 0x0, closing socket connection and attempting reconnect
10:53:45.608 INFO  org.apache.zookeeper.ClientCnxn [1112] - Opening socket connection to server 192.168.126.138/192.168.126.138:2181. Will not attempt to authenticate using SASL (unknown error)
10:53:46.942 WARN  org.apache.zookeeper.ClientCnxn [1190] - Client session timed out, have not heard from server in 19341ms for sessionid 0x0
10:53:46.943 INFO  org.apache.zookeeper.ClientCnxn [1238] - Client session timed out, have not heard from server in 19341ms for sessionid 0x0, closing socket connection and attempting reconnect
10:54:05.050 INFO  org.apache.zookeeper.ClientCnxn [1112] - Opening socket connection to server 192.168.126.137/192.168.126.137:2181. Will not attempt to authenticate using SASL (unknown error)
10:54:06.384 WARN  org.apache.zookeeper.ClientCnxn [1190] - Client session timed out, have not heard from server in 19340ms for sessionid 0x0
10:54:06.384 INFO  org.apache.zookeeper.ClientCnxn [1238] - Client session timed out, have not heard from server in 19340ms for sessionid 0x0, closing socket connection and attempting reconnect
10:54:25.491 INFO  org.apache.zookeeper.ClientCnxn [1112] - Opening socket connection to server 192.168.126.136/192.168.126.136:2181. Will not attempt to authenticate using SASL (unknown error)
10:54:26.825 WARN  org.apache.zookeeper.ClientCnxn [1190] - Client session timed out, have not heard from server in 20340ms for sessionid 0x0
10:54:26.825 INFO  org.apache.zookeeper.ClientCnxn [1238] - Client session timed out, have not heard from server in 20340ms for sessionid 0x0, closing socket connection and attempting reconnect
10:54:44.932 INFO  org.apache.zookeeper.ClientCnxn [1112] - Opening socket connection to server 192.168.126.138/192.168.126.138:2181. Will not attempt to authenticate using SASL (unknown error)
10:54:46.266 WARN  org.apache.zookeeper.ClientCnxn [1190] - Client session timed out, have not heard from server in 19340ms for sessionid 0x0
10:54:46.267 INFO  org.apache.zookeeper.ClientCnxn [1238] - Client session timed out, have not heard from server in 19340ms for sessionid 0x0, closing socket connection and attempting reconnect
10:55:04.377 INFO  org.apache.zookeeper.ClientCnxn [1112] - Opening socket connection to server 192.168.126.137/192.168.126.137:2181. Will not attempt to authenticate using SASL (unknown error)
10:55:05.711 WARN  org.apache.zookeeper.ClientCnxn [1190] - Client session timed out, have not heard from server in 19342ms for sessionid 0x0
10:55:05.712 INFO  org.apache.zookeeper.ClientCnxn [1238] - Client session timed out, have not heard from server in 19342ms for sessionid 0x0, closing socket connection and attempting reconnect
10:55:24.819 INFO  org.apache.zookeeper.ClientCnxn [1112] - Opening socket connection to server 192.168.126.136/192.168.126.136:2181. Will not attempt to authenticate using SASL (unknown error)
10:55:26.154 WARN  org.apache.zookeeper.ClientCnxn [1190] - Client session timed out, have not heard from server in 20340ms for sessionid 0x0
10:55:26.154 INFO  org.apache.zookeeper.ClientCnxn [1238] - Client session timed out, have not heard from server in 20340ms for sessionid 0x0, closing socket connection and attempting reconnect
10:55:44.263 INFO  org.apache.zookeeper.ClientCnxn [1112] - Opening socket connection to server 192.168.126.138/192.168.126.138:2181. Will not attempt to authenticate using SASL (unknown error)
10:55:45.597 WARN  org.apache.zookeeper.ClientCnxn [1190] - Client session timed out, have not heard from server in 19341ms for sessionid 0x0
10:55:45.597 INFO  org.apache.zookeeper.ClientCnxn [1238] - Client session timed out, have not heard from server in 19341ms for sessionid 0x0, closing socket connection and attempting reconnect
10:56:03.705 INFO  org.apache.zookeeper.ClientCnxn [1112] - Opening socket connection to server 192.168.126.137/192.168.126.137:2181. Will not attempt to authenticate using SASL (unknown error)
10:56:05.040 WARN  org.apache.zookeeper.ClientCnxn [1190] - Client session timed out, have not heard from server in 19342ms for sessionid 0x0
10:56:05.040 INFO  org.apache.zookeeper.ClientCnxn [1238] - Client session timed out, have not heard from server in 19342ms for sessionid 0x0, closing socket connection and attempting reconnect
10:56:24.149 INFO  org.apache.zookeeper.ClientCnxn [1112] - Opening socket connection to server 192.168.126.136/192.168.126.136:2181. Will not attempt to authenticate using SASL (unknown error)
10:56:25.483 WARN  org.apache.zookeeper.ClientCnxn [1190] - Client session timed out, have not heard from server in 20342ms for sessionid 0x0
10:56:25.483 INFO  org.apache.zookeeper.ClientCnxn [1238] - Client session timed out, have not heard from server in 20342ms for sessionid 0x0, closing socket connection and attempting reconnect
10:56:43.591 INFO  org.apache.zookeeper.ClientCnxn [1112] - Opening socket connection to server 192.168.126.138/192.168.126.138:2181. Will not attempt to authenticate using SASL (unknown error)
10:56:44.926 WARN  org.apache.zookeeper.ClientCnxn [1190] - Client session timed out, have not heard from server in 19341ms for sessionid 0x0
10:56:44.926 INFO  org.apache.zookeeper.ClientCnxn [1238] - Client session timed out, have not heard from server in 19341ms for sessionid 0x0, closing socket connection and attempting reconnect
10:57:03.034 INFO  org.apache.zookeeper.ClientCnxn [1112] - Opening socket connection to server 192.168.126.137/192.168.126.137:2181. Will not attempt to authenticate using SASL (unknown error)
10:57:04.370 WARN  org.apache.zookeeper.ClientCnxn [1190] - Client session timed out, have not heard from server in 19343ms for sessionid 0x0
10:57:04.370 INFO  org.apache.zookeeper.ClientCnxn [1238] - Client session timed out, have not heard from server in 19343ms for sessionid 0x0, closing socket connection and attempting reconnect
10:57:23.477 INFO  org.apache.zookeeper.ClientCnxn [1112] - Opening socket connection to server 192.168.126.136/192.168.126.136:2181. Will not attempt to authenticate using SASL (unknown error)
10:57:24.811 WARN  org.apache.zookeeper.ClientCnxn [1190] - Client session timed out, have not heard from server in 20340ms for sessionid 0x0
10:57:24.812 INFO  org.apache.zookeeper.ClientCnxn [1238] - Client session timed out, have not heard from server in 20340ms for sessionid 0x0, closing socket connection and attempting reconnect
10:57:42.920 INFO  org.apache.zookeeper.ClientCnxn [1112] - Opening socket connection to server 192.168.126.138/192.168.126.138:2181. Will not attempt to authenticate using SASL (unknown error)
10:57:44.255 WARN  org.apache.zookeeper.ClientCnxn [1190] - Client session timed out, have not heard from server in 19342ms for sessionid 0x0
10:57:44.255 INFO  org.apache.zookeeper.ClientCnxn [1238] - Client session timed out, have not heard from server in 19342ms for sessionid 0x0, closing socket connection and attempting reconnect
10:58:02.361 INFO  org.apache.zookeeper.ClientCnxn [1112] - Opening socket connection to server 192.168.126.137/192.168.126.137:2181. Will not attempt to authenticate using SASL (unknown error)
10:58:03.695 WARN  org.apache.zookeeper.ClientCnxn [1190] - Client session timed out, have not heard from server in 19339ms for sessionid 0x0
10:58:03.695 INFO  org.apache.zookeeper.ClientCnxn [1238] - Client session timed out, have not heard from server in 19339ms for sessionid 0x0, closing socket connection and attempting reconnect
10:58:22.802 INFO  org.apache.zookeeper.ClientCnxn [1112] - Opening socket connection to server 192.168.126.136/192.168.126.136:2181. Will not attempt to authenticate using SASL (unknown error)
10:58:24.137 WARN  org.apache.zookeeper.ClientCnxn [1190] - Client session timed out, have not heard from server in 20342ms for sessionid 0x0
10:58:24.137 INFO  org.apache.zookeeper.ClientCnxn [1238] - Client session timed out, have not heard from server in 20342ms for sessionid 0x0, closing socket connection and attempting reconnect
10:58:42.244 INFO  org.apache.zookeeper.ClientCnxn [1112] - Opening socket connection to server 192.168.126.138/192.168.126.138:2181. Will not attempt to authenticate using SASL (unknown error)
10:58:43.577 WARN  org.apache.zookeeper.ClientCnxn [1190] - Client session timed out, have not heard from server in 19339ms for sessionid 0x0
10:58:43.577 INFO  org.apache.zookeeper.ClientCnxn [1238] - Client session timed out, have not heard from server in 19339ms for sessionid 0x0, closing socket connection and attempting reconnect
10:59:01.682 INFO  org.apache.zookeeper.ClientCnxn [1112] - Opening socket connection to server 192.168.126.137/192.168.126.137:2181. Will not attempt to authenticate using SASL (unknown error)
10:59:03.016 WARN  org.apache.zookeeper.ClientCnxn [1190] - Client session timed out, have not heard from server in 19338ms for sessionid 0x0
10:59:03.016 INFO  org.apache.zookeeper.ClientCnxn [1238] - Client session timed out, have not heard from server in 19338ms for sessionid 0x0, closing socket connection and attempting reconnect
10:59:22.123 INFO  org.apache.zookeeper.ClientCnxn [1112] - Opening socket connection to server 192.168.126.136/192.168.126.136:2181. Will not attempt to authenticate using SASL (unknown error)
10:59:23.457 WARN  org.apache.zookeeper.ClientCnxn [1190] - Client session timed out, have not heard from server in 20339ms for sessionid 0x0
10:59:23.457 INFO  org.apache.zookeeper.ClientCnxn [1238] - Client session timed out, have not heard from server in 20339ms for sessionid 0x0, closing socket connection and attempting reconnect
10:59:41.563 INFO  org.apache.zookeeper.ClientCnxn [1112] - Opening socket connection to server 192.168.126.138/192.168.126.138:2181. Will not attempt to authenticate using SASL (unknown error)
10:59:42.897 WARN  org.apache.zookeeper.ClientCnxn [1190] - Client session timed out, have not heard from server in 19339ms for sessionid 0x0
10:59:42.898 INFO  org.apache.zookeeper.ClientCnxn [1238] - Client session timed out, have not heard from server in 19339ms for sessionid 0x0, closing socket connection and attempting reconnect
11:00:01.004 INFO  org.apache.zookeeper.ClientCnxn [1112] - Opening socket connection to server 192.168.126.137/192.168.126.137:2181. Will not attempt to authenticate using SASL (unknown error)
11:00:02.339 WARN  org.apache.zookeeper.ClientCnxn [1190] - Client session timed out, have not heard from server in 19340ms for sessionid 0x0
11:00:02.339 INFO  org.apache.zookeeper.ClientCnxn [1238] - Client session timed out, have not heard from server in 19340ms for sessionid 0x0, closing socket connection and attempting reconnect
11:00:21.447 INFO  org.apache.zookeeper.ClientCnxn [1112] - Opening socket connection to server 192.168.126.136/192.168.126.136:2181. Will not attempt to authenticate using SASL (unknown error)
11:00:22.781 WARN  org.apache.zookeeper.ClientCnxn [1190] - Client session timed out, have not heard from server in 20341ms for sessionid 0x0
11:00:22.782 INFO  org.apache.zookeeper.ClientCnxn [1238] - Client session timed out, have not heard from server in 20341ms for sessionid 0x0, closing socket connection and attempting reconnect
11:00:40.889 INFO  org.apache.zookeeper.ClientCnxn [1112] - Opening socket connection to server 192.168.126.138/192.168.126.138:2181. Will not attempt to authenticate using SASL (unknown error)
11:00:42.222 WARN  org.apache.zookeeper.ClientCnxn [1190] - Client session timed out, have not heard from server in 19339ms for sessionid 0x0
11:00:42.222 INFO  org.apache.zookeeper.ClientCnxn [1238] - Client session timed out, have not heard from server in 19339ms for sessionid 0x0, closing socket connection and attempting reconnect
11:01:00.329 INFO  org.apache.zookeeper.ClientCnxn [1112] - Opening socket connection to server 192.168.126.137/192.168.126.137:2181. Will not attempt to authenticate using SASL (unknown error)
11:01:01.664 WARN  org.apache.zookeeper.ClientCnxn [1190] - Client session timed out, have not heard from server in 19341ms for sessionid 0x0
11:01:01.664 INFO  org.apache.zookeeper.ClientCnxn [1238] - Client session timed out, have not heard from server in 19341ms for sessionid 0x0, closing socket connection and attempting reconnect
11:01:20.773 INFO  org.apache.zookeeper.ClientCnxn [1112] - Opening socket connection to server 192.168.126.136/192.168.126.136:2181. Will not attempt to authenticate using SASL (unknown error)
11:01:22.107 WARN  org.apache.zookeeper.ClientCnxn [1190] - Client session timed out, have not heard from server in 20342ms for sessionid 0x0
11:01:22.107 INFO  org.apache.zookeeper.ClientCnxn [1238] - Client session timed out, have not heard from server in 20342ms for sessionid 0x0, closing socket connection and attempting reconnect
11:01:40.215 INFO  org.apache.zookeeper.ClientCnxn [1112] - Opening socket connection to server 192.168.126.138/192.168.126.138:2181. Will not attempt to authenticate using SASL (unknown error)
11:01:41.549 WARN  org.apache.zookeeper.ClientCnxn [1190] - Client session timed out, have not heard from server in 19341ms for sessionid 0x0
11:01:41.550 INFO  org.apache.zookeeper.ClientCnxn [1238] - Client session timed out, have not heard from server in 19341ms for sessionid 0x0, closing socket connection and attempting reconnect
11:01:59.656 INFO  org.apache.zookeeper.ClientCnxn [1112] - Opening socket connection to server 192.168.126.137/192.168.126.137:2181. Will not attempt to authenticate using SASL (unknown error)
11:02:00.991 WARN  org.apache.zookeeper.ClientCnxn [1190] - Client session timed out, have not heard from server in 19340ms for sessionid 0x0
11:02:00.991 INFO  org.apache.zookeeper.ClientCnxn [1238] - Client session timed out, have not heard from server in 19340ms for sessionid 0x0, closing socket connection and attempting reconnect
11:02:20.100 INFO  org.apache.zookeeper.ClientCnxn [1112] - Opening socket connection to server 192.168.126.136/192.168.126.136:2181. Will not attempt to authenticate using SASL (unknown error)
11:02:21.434 WARN  org.apache.zookeeper.ClientCnxn [1190] - Client session timed out, have not heard from server in 20341ms for sessionid 0x0
11:02:21.435 INFO  org.apache.zookeeper.ClientCnxn [1238] - Client session timed out, have not heard from server in 20341ms for sessionid 0x0, closing socket connection and attempting reconnect
