2020-02-25 10:29:46.421  INFO 98792 --- [main] com.bobo.logsample.App                   : Starting App on D076-SZ with PID 98792 (D:\github\Demo\java\logsample\target\classes started by bobo.huang in D:\github\Demo\java\logsample)
2020-02-25 10:29:46.423  INFO 98792 --- [main] com.bobo.logsample.App                   : No active profile set, falling back to default profiles: default
2020-02-25 10:29:47.809  INFO 98792 --- [main] o.s.b.w.embedded.tomcat.TomcatWebServer  : Tomcat initialized with port(s): 12345 (http)
2020-02-25 10:29:47.841  INFO 98792 --- [main] o.apache.catalina.core.StandardService   : Starting service [Tomcat]
2020-02-25 10:29:47.841  INFO 98792 --- [main] org.apache.catalina.core.StandardEngine  : Starting Servlet engine: [Apache Tomcat/9.0.19]
2020-02-25 10:29:48.000  INFO 98792 --- [main] o.a.c.c.C.[Tomcat].[localhost].[/]       : Initializing Spring embedded WebApplicationContext
2020-02-25 10:29:48.001  INFO 98792 --- [main] o.s.web.context.ContextLoader            : Root WebApplicationContext: initialization completed in 1493 ms
2020-02-25 10:29:48.349  INFO 98792 --- [main] o.s.s.concurrent.ThreadPoolTaskExecutor  : Initializing ExecutorService 'applicationTaskExecutor'
2020-02-25 10:29:48.658  INFO 98792 --- [main] o.s.b.w.embedded.tomcat.TomcatWebServer  : Tomcat started on port(s): 12345 (http) with context path ''
2020-02-25 10:29:48.667  INFO 98792 --- [main] com.bobo.logsample.App                   : Started App in 2.666 seconds (JVM running for 3.291)
2020-02-25 10:29:48.669  INFO 98792 --- [main] com.bobo.logsample.App                   : -----------------------------Application End-----------------------------
2020-02-25 10:30:11.046  INFO 98792 --- [http-nio-12345-exec-1] o.a.c.c.C.[Tomcat].[localhost].[/]       : Initializing Spring DispatcherServlet 'dispatcherServlet'
2020-02-25 10:30:11.047  INFO 98792 --- [http-nio-12345-exec-1] o.s.web.servlet.DispatcherServlet        : Initializing Servlet 'dispatcherServlet'
2020-02-25 10:30:11.055  INFO 98792 --- [http-nio-12345-exec-1] o.s.web.servlet.DispatcherServlet        : Completed initialization in 8 ms
2020-02-25 10:40:06.025  INFO 87212 --- [main] com.bobo.logsample.App                   : Starting App on D076-SZ with PID 87212 (D:\github\Demo\java\logsample\target\classes started by bobo.huang in D:\github\Demo\java\logsample)
2020-02-25 10:40:06.026  INFO 87212 --- [main] com.bobo.logsample.App                   : No active profile set, falling back to default profiles: default
2020-02-25 10:40:07.440  INFO 87212 --- [main] o.s.b.w.embedded.tomcat.TomcatWebServer  : Tomcat initialized with port(s): 12346 (http)
2020-02-25 10:40:07.479  INFO 87212 --- [main] o.apache.catalina.core.StandardService   : Starting service [Tomcat]
2020-02-25 10:40:07.479  INFO 87212 --- [main] org.apache.catalina.core.StandardEngine  : Starting Servlet engine: [Apache Tomcat/9.0.19]
2020-02-25 10:40:07.658  INFO 87212 --- [main] o.a.c.c.C.[Tomcat].[localhost].[/]       : Initializing Spring embedded WebApplicationContext
2020-02-25 10:40:07.658  INFO 87212 --- [main] o.s.web.context.ContextLoader            : Root WebApplicationContext: initialization completed in 1552 ms
2020-02-25 10:40:07.980  INFO 87212 --- [main] o.s.s.concurrent.ThreadPoolTaskExecutor  : Initializing ExecutorService 'applicationTaskExecutor'
2020-02-25 10:40:08.242  INFO 87212 --- [main] o.s.b.w.embedded.tomcat.TomcatWebServer  : Tomcat started on port(s): 12346 (http) with context path ''
2020-02-25 10:40:08.257  INFO 87212 --- [main] com.bobo.logsample.App                   : Started App in 2.632 seconds (JVM running for 3.194)
2020-02-25 10:40:08.259  INFO 87212 --- [main] com.bobo.logsample.App                   : -----------------------------Application End-----------------------------
