2019-03-28 18:28:29,558 [1] INFO  NETCorelog4net [(null)] - Start running Backend Service...
2019-03-28 18:28:29,899 [1] INFO  NETCorelog4net [(null)] - Register CodePagesEncodingProvider...
2019-03-28 18:28:29,900 [1] INFO  NETCorelog4net [(null)] - initialize StockDBContext by connection:server=localhost;port=3306;database=stockdb;uid=jeesite;pwd=123456;charset=utf8;TreatTinyAsBoolean=true
2019-03-28 18:28:31,170 [1] INFO  NETCorelog4net [(null)] - find an process :Business.Sohu.DownloadStockPerfProcess and will run...
2019-03-28 18:31:33,964 [1] INFO  NETCorelog4net [(null)] - Start running Backend Service...
2019-03-28 18:31:34,407 [1] INFO  NETCorelog4net [(null)] - Register CodePagesEncodingProvider...
2019-03-28 18:31:34,421 [1] INFO  NETCorelog4net [(null)] - initialize StockDBContext by connection:server=localhost;port=3306;database=stockdb;uid=jeesite;pwd=123456;charset=utf8;TreatTinyAsBoolean=true
2019-03-28 18:33:49,918 [1] ERROR NETCorelog4net [(null)] - can not find any process by downstockperffromsohu
2019-03-28 18:33:58,874 [1] INFO  NETCorelog4net [(null)] - Start running Backend Service...
2019-03-28 18:33:59,579 [1] INFO  NETCorelog4net [(null)] - Register CodePagesEncodingProvider...
2019-03-28 18:33:59,581 [1] INFO  NETCorelog4net [(null)] - initialize StockDBContext by connection:server=localhost;port=3306;database=stockdb;uid=jeesite;pwd=123456;charset=utf8;TreatTinyAsBoolean=true
2019-03-28 18:57:22,489 [1] INFO  BackendService.Program [(null)] - Start running Backend Service...
2019-03-28 18:57:24,425 [1] INFO  BackendService.Program [(null)] - Register CodePagesEncodingProvider...
2019-03-28 18:57:24,851 [1] INFO  BackendService.Program [(null)] - initialize StockDBContext by connection:server=localhost;port=3306;database=stockdb;uid=jeesite;pwd=123456;charset=utf8;TreatTinyAsBoolean=true
2019-03-28 18:58:31,925 [1] INFO  BackendService.Program [(null)] - Start running Backend Service...
2019-03-28 18:58:32,157 [1] INFO  BackendService.Program [(null)] - Register CodePagesEncodingProvider...
2019-03-28 18:58:32,159 [1] INFO  BackendService.Program [(null)] - initialize StockDBContext by connection:server=localhost;port=3306;database=stockdb;uid=jeesite;pwd=123456;charset=utf8;TreatTinyAsBoolean=true
2019-03-28 18:58:34,516 [1] INFO  BackendService.Program [(null)] - find an process :Business.Sohu.DownloadStockPerfProcess and will run...
2019-03-28 18:58:36,039 [1] INFO  Business.Sohu.DownloadStockPerfProcess [(null)] - retrieve StockPerf data....
2019-03-28 18:58:36,304 [1] INFO  Business.Sohu.DownloadStockPerfProcess [(null)] - download perform data successfully for stock(Stock Info:Market=sh, Symbol=600001,Name=邯郸钢铁;)
2019-03-28 18:58:36,305 [1] INFO  Business.Sohu.DownloadStockPerfProcess [(null)] - retrieve StockPerf data....
2019-03-28 18:58:36,398 [1] INFO  Business.Sohu.DownloadStockPerfProcess [(null)] - download perform data successfully for stock(Stock Info:Market=sh, Symbol=600002,Name=齐鲁石化;)
2019-03-28 18:58:36,398 [1] INFO  Business.Sohu.DownloadStockPerfProcess [(null)] - retrieve StockPerf data....
2019-03-28 18:58:36,481 [1] INFO  Business.Sohu.DownloadStockPerfProcess [(null)] - download perform data successfully for stock(Stock Info:Market=sh, Symbol=600003,Name=ST东北高;)
2019-03-28 18:58:36,482 [1] INFO  Business.Sohu.DownloadStockPerfProcess [(null)] - retrieve StockPerf data....
2019-03-28 18:58:38,765 [1] INFO  Business.Sohu.DownloadStockPerfProcess [(null)] - download perform data successfully for stock(Stock Info:Market=sh, Symbol=600004,Name=白云机场;)
2019-03-28 18:58:38,766 [1] INFO  Business.Sohu.DownloadStockPerfProcess [(null)] - retrieve StockPerf data....
