#
# A fatal error has been detected by the Java Runtime Environment:
#
#  EXCEPTION_ACCESS_VIOLATION (0xc0000005) at pc=0x000000005f3aa0a5, pid=28072, tid=0x0000000000004f94
#
# JRE version: Java(TM) SE Runtime Environment (8.0_101-b13) (build 1.8.0_101-b13)
# Java VM: Java HotSpot(TM) 64-Bit Server VM (25.101-b13 mixed mode windows-amd64 compressed oops)
# Problematic frame:
# V  [jvm.dll+0x12a0a5]
#
# Failed to write core dump. Minidumps are not enabled by default on client versions of Windows
#
# If you would like to submit a bug report, please visit:
#   http://bugreport.java.com/bugreport/crash.jsp
#

---------------  T H R E A D  ---------------

Current thread (0x000000001bde9800):  JavaThread "JDWP Transport Listener: dt_socket" daemon [_thread_in_vm, id=20372, stack(0x000000001d780000,0x000000001d880000)]

siginfo: ExceptionCode=0xc0000005, reading address 0xffffffffffffffff

Registers:
RAX=0x000000001d87f201, RBX=0x000000001bde9800, RCX=0x72616c6365446369, RDX=0x0000000000000000
RSP=0x000000001d87f250, RBP=0x72616c6365446369, RSI=0x000000001d87f368, RDI=0x0000000002663120
R8 =0x000000001bde9800, R9 =0x0000000000000000, R10=0x0000000000000000, R11=0x0000000000000064
R12=0x0000000000000000, R13=0x000000001bdea0b8, R14=0x0000000000000000, R15=0x0000000000000000
RIP=0x000000005f3aa0a5, EFLAGS=0x0000000000010206

Top of Stack: (sp=0x000000001d87f250)
0x000000001d87f250:   000000001bde9800 000000001bde9800
0x000000001d87f260:   000000001d87f318 000000005f5b2f0b
0x000000001d87f270:   000000001bde9800 000000005f5cf76d
0x000000001d87f280:   0000000000000000 00000000602f9155
0x000000001d87f290:   0000000026a7c290 000000006030291e
0x000000001d87f2a0:   000000001bde9800 0000000000000000
0x000000001d87f2b0:   0000000000000000 0000000000000000
0x000000001d87f2c0:   72616c6365446369 0000000060301a15
0x000000001d87f2d0:   000000001d87f368 000000001d87f340
0x000000001d87f2e0:   0000000000000001 0000000026a7c290
0x000000001d87f2f0:   72616c6365446369 00000000602e53b3
0x000000001d87f300:   000000001d87f430 0000000000000001
0x000000001d87f310:   0000000000000001 0000000026a7c290
0x000000001d87f320:   0000000000000001 0000000000000000
0x000000001d87f330:   0000000000000000 0000000000000000
0x000000001d87f340:   0000000000000001 00000000602e5571 

Instructions: (pc=0x000000005f3aa0a5)
0x000000005f3aa085:   cc cc cc cc cc cc cc cc cc cc cc 48 83 ec 28 48
0x000000005f3aa095:   85 c9 75 07 33 c0 48 83 c4 28 c3 48 89 5c 24 20
0x000000005f3aa0a5:   48 8b 19 48 85 db 74 20 48 83 fb 37 74 1a 48 8b
0x000000005f3aa0b5:   13 48 8b cb ff 52 10 84 c0 74 0d 48 8b c3 48 8b 


Register to memory mapping:

RAX=0x000000001d87f201 is pointing into the stack for thread: 0x000000001bde9800
RBX=0x000000001bde9800 is a thread
RCX=0x72616c6365446369 is an unknown value
RDX=0x0000000000000000 is an unknown value
RSP=0x000000001d87f250 is pointing into the stack for thread: 0x000000001bde9800
RBP=0x72616c6365446369 is an unknown value
RSI=0x000000001d87f368 is pointing into the stack for thread: 0x000000001bde9800
RDI=0x0000000002663120 is an unknown value
R8 =0x000000001bde9800 is a thread
R9 =0x0000000000000000 is an unknown value
R10=0x0000000000000000 is an unknown value
R11=0x0000000000000064 is an unknown value
R12=0x0000000000000000 is an unknown value
R13=0x000000001bdea0b8 is an unknown value
R14=0x0000000000000000 is an unknown value
R15=0x0000000000000000 is an unknown value


Stack: [0x000000001d780000,0x000000001d880000],  sp=0x000000001d87f250,  free space=1020k
Native frames: (J=compiled Java code, j=interpreted, Vv=VM code, C=native code)
V  [jvm.dll+0x12a0a5]
V  [jvm.dll+0x34f76d]
C  [jdwp.dll+0x21a15]
C  [jdwp.dll+0x53b3]
C  [jdwp.dll+0x5571]
C  [jdwp.dll+0xf0a8]
C  [jdwp.dll+0x1f2d5]
C  [jdwp.dll+0x1f4aa]
V  [jvm.dll+0x1bd258]
V  [jvm.dll+0x2451a4]
V  [jvm.dll+0x29c18a]
C  [msvcr100.dll+0x21d9f]
C  [msvcr100.dll+0x21e3b]
C  [KERNEL32.DLL+0x18102]
C  [ntdll.dll+0x5c5b4]


---------------  P R O C E S S  ---------------

Java Threads: ( => current thread )
  0x0000000025fc0000 JavaThread "mysql-cj-abandoned-connection-cleanup" daemon [_thread_blocked, id=42884, stack(0x0000000022bd0000,0x0000000022cd0000)]
  0x000000001d234800 JavaThread "Service Thread" daemon [_thread_blocked, id=42964, stack(0x000000001dd80000,0x000000001de80000)]
  0x000000001be18800 JavaThread "C1 CompilerThread2" daemon [_thread_blocked, id=44196, stack(0x000000001dc80000,0x000000001dd80000)]
  0x000000001be17000 JavaThread "C2 CompilerThread1" daemon [_thread_blocked, id=24536, stack(0x000000001db80000,0x000000001dc80000)]
  0x000000001be0a800 JavaThread "C2 CompilerThread0" daemon [_thread_blocked, id=21472, stack(0x000000001da80000,0x000000001db80000)]
  0x000000001be05000 JavaThread "JDWP Command Reader" daemon [_thread_in_native, id=44472, stack(0x000000001d980000,0x000000001da80000)]
  0x000000001bdf8800 JavaThread "JDWP Event Helper Thread" daemon [_thread_blocked, id=9576, stack(0x000000001d880000,0x000000001d980000)]
=>0x000000001bde9800 JavaThread "JDWP Transport Listener: dt_socket" daemon [_thread_in_vm, id=20372, stack(0x000000001d780000,0x000000001d880000)]
  0x000000001bdd4000 JavaThread "Attach Listener" daemon [_thread_blocked, id=44652, stack(0x000000001d680000,0x000000001d780000)]
  0x000000000275e000 JavaThread "Signal Dispatcher" daemon [_thread_blocked, id=28068, stack(0x000000001d580000,0x000000001d680000)]
  0x000000001bdb0000 JavaThread "Finalizer" daemon [_thread_blocked, id=39784, stack(0x000000001d020000,0x000000001d120000)]
  0x0000000002757000 JavaThread "Reference Handler" daemon [_thread_blocked, id=41408, stack(0x000000001cf20000,0x000000001d020000)]
  0x0000000002668000 JavaThread "main" [_thread_blocked, id=5280, stack(0x0000000002550000,0x0000000002650000)]

Other Threads:
  0x000000001bd88000 VMThread [stack: 0x000000001ce20000,0x000000001cf20000] [id=6520]
  0x000000001d2d0800 WatcherThread [stack: 0x000000001de80000,0x000000001df80000] [id=12000]

VM state:not at safepoint (normal execution)

VM Mutex/Monitor currently owned by a thread: None

Heap:
 PSYoungGen      total 385536K, used 103955K [0x000000076af00000, 0x0000000784a80000, 0x00000007c0000000)
  eden space 366080K, 23% used [0x000000076af00000,0x00000007701cc9d0,0x0000000781480000)
  from space 19456K, 98% used [0x0000000783780000,0x0000000784a382e8,0x0000000784a80000)
  to   space 22016K, 0% used [0x0000000781f80000,0x0000000781f80000,0x0000000783500000)
 ParOldGen       total 244736K, used 27785K [0x00000006c0c00000, 0x00000006cfb00000, 0x000000076af00000)
  object space 244736K, 11% used [0x00000006c0c00000,0x00000006c2722778,0x00000006cfb00000)
 Metaspace       used 72479K, capacity 75694K, committed 75864K, reserved 1114112K
  class space    used 10031K, capacity 10618K, committed 10624K, reserved 1048576K

Card table byte_map: [0x0000000011b20000,0x0000000012320000] byte_map_base: 0x000000000e51a000

Marking Bits: (ParMarkBitMap*) 0x000000005fa9a6d0
 Begin Bits: [0x0000000012c80000, 0x0000000016c50000)
 End Bits:   [0x0000000016c50000, 0x000000001ac20000)

Polling page: 0x0000000000950000

CodeCache: size=245760Kb used=18743Kb max_used=18873Kb free=227016Kb
 bounds [0x0000000002760000, 0x00000000039f0000, 0x0000000011760000]
 total_blobs=5527 nmethods=4927 adapters=519
 compilation: enabled

Compilation events (10 events):
Event: 11.888 Thread 0x000000001be18800 5763       1       com.mysql.cj.protocol.a.PacketSplitter::getOffset (5 bytes)
Event: 11.888 Thread 0x000000001be18800 nmethod 5763 0x00000000039ad990 code [0x00000000039adae0, 0x00000000039adbf0]
Event: 11.892 Thread 0x000000001be18800 5765       3       org.springframework.beans.factory.support.DefaultListableBeanFactory$$Lambda$79/1397563432::test (12 bytes)
Event: 11.892 Thread 0x000000001be18800 nmethod 5765 0x00000000039b3090 code [0x00000000039b3200, 0x00000000039b35a8]
Event: 11.892 Thread 0x000000001be18800 5766       3       org.springframework.beans.factory.support.DefaultListableBeanFactory::lambda$removeManualSingletonName$6 (8 bytes)
Event: 11.893 Thread 0x000000001be18800 nmethod 5766 0x00000000039b2c10 code [0x00000000039b2d80, 0x00000000039b2f88]
Event: 11.895 Thread 0x000000001be18800 5767       3       java.util.WeakHashMap::isEmpty (13 bytes)
Event: 11.896 Thread 0x000000001be18800 nmethod 5767 0x00000000039ac590 code [0x00000000039ac700, 0x00000000039aca28]
Event: 188.490 Thread 0x000000001be17000 5768       4       java.io.File::<init> (113 bytes)
Event: 188.493 Thread 0x000000001be17000 nmethod 5768 0x000000000306de90 code [0x000000000306e020, 0x000000000306e598]

GC Heap History (10 events):
Event: 3.483 GC heap before
{Heap before GC invocations=7 (full 2):
 PSYoungGen      total 272896K, used 10720K [0x000000076af00000, 0x000000077da00000, 0x00000007c0000000)
  eden space 262144K, 0% used [0x000000076af00000,0x000000076af00000,0x000000077af00000)
  from space 10752K, 99% used [0x000000077af00000,0x000000077b9780c0,0x000000077b980000)
  to   space 14336K, 0% used [0x000000077cc00000,0x000000077cc00000,0x000000077da00000)
 ParOldGen       total 106496K, used 9961K [0x00000006c0c00000, 0x00000006c7400000, 0x000000076af00000)
  object space 106496K, 9% used [0x00000006c0c00000,0x00000006c15ba428,0x00000006c7400000)
 Metaspace       used 33973K, capacity 35236K, committed 35416K, reserved 1079296K
  class space    used 4469K, capacity 4728K, committed 4736K, reserved 1048576K
Event: 3.534 GC heap after
Heap after GC invocations=7 (full 2):
 PSYoungGen      total 272896K, used 0K [0x000000076af00000, 0x000000077da00000, 0x00000007c0000000)
  eden space 262144K, 0% used [0x000000076af00000,0x000000076af00000,0x000000077af00000)
  from space 10752K, 0% used [0x000000077af00000,0x000000077af00000,0x000000077b980000)
  to   space 14336K, 0% used [0x000000077cc00000,0x000000077cc00000,0x000000077da00000)
 ParOldGen       total 174080K, used 17667K [0x00000006c0c00000, 0x00000006cb600000, 0x000000076af00000)
  object space 174080K, 10% used [0x00000006c0c00000,0x00000006c1d40fc0,0x00000006cb600000)
 Metaspace       used 33973K, capacity 35236K, committed 35416K, reserved 1079296K
  class space    used 4469K, capacity 4728K, committed 4736K, reserved 1048576K
}
Event: 5.946 GC heap before
{Heap before GC invocations=8 (full 2):
 PSYoungGen      total 272896K, used 262144K [0x000000076af00000, 0x000000077da00000, 0x00000007c0000000)
  eden space 262144K, 100% used [0x000000076af00000,0x000000077af00000,0x000000077af00000)
  from space 10752K, 0% used [0x000000077af00000,0x000000077af00000,0x000000077b980000)
  to   space 14336K, 0% used [0x000000077cc00000,0x000000077cc00000,0x000000077da00000)
 ParOldGen       total 174080K, used 17667K [0x00000006c0c00000, 0x00000006cb600000, 0x000000076af00000)
  object space 174080K, 10% used [0x00000006c0c00000,0x00000006c1d40fc0,0x00000006cb600000)
 Metaspace       used 48220K, capacity 50096K, committed 50392K, reserved 1093632K
  class space    used 6458K, capacity 6806K, committed 6912K, reserved 1048576K
Event: 5.974 GC heap after
Heap after GC invocations=8 (full 2):
 PSYoungGen      total 288256K, used 14305K [0x000000076af00000, 0x0000000783a80000, 0x00000007c0000000)
  eden space 273920K, 0% used [0x000000076af00000,0x000000076af00000,0x000000077ba80000)
  from space 14336K, 99% used [0x000000077cc00000,0x000000077d9f8680,0x000000077da00000)
  to   space 17920K, 0% used [0x000000077ba80000,0x000000077ba80000,0x000000077cc00000)
 ParOldGen       total 174080K, used 20594K [0x00000006c0c00000, 0x00000006cb600000, 0x000000076af00000)
  object space 174080K, 11% used [0x00000006c0c00000,0x00000006c201c970,0x00000006cb600000)
 Metaspace       used 48220K, capacity 50096K, committed 50392K, reserved 1093632K
  class space    used 6458K, capacity 6806K, committed 6912K, reserved 1048576K
}
Event: 6.976 GC heap before
{Heap before GC invocations=9 (full 2):
 PSYoungGen      total 288256K, used 103746K [0x000000076af00000, 0x0000000783a80000, 0x00000007c0000000)
  eden space 273920K, 32% used [0x000000076af00000,0x0000000770658530,0x000000077ba80000)
  from space 14336K, 99% used [0x000000077cc00000,0x000000077d9f8680,0x000000077da00000)
  to   space 17920K, 0% used [0x000000077ba80000,0x000000077ba80000,0x000000077cc00000)
 ParOldGen       total 174080K, used 20594K [0x00000006c0c00000, 0x00000006cb600000, 0x000000076af00000)
  object space 174080K, 11% used [0x00000006c0c00000,0x00000006c201c970,0x00000006cb600000)
 Metaspace       used 56776K, capacity 58684K, committed 59028K, reserved 1099776K
  class space    used 7858K, capacity 8184K, committed 8192K, reserved 1048576K
Event: 6.989 GC heap after
Heap after GC invocations=9 (full 2):
 PSYoungGen      total 291840K, used 16022K [0x000000076af00000, 0x0000000784a80000, 0x00000007c0000000)
  eden space 273920K, 0% used [0x000000076af00000,0x000000076af00000,0x000000077ba80000)
  from space 17920K, 89% used [0x000000077ba80000,0x000000077ca25948,0x000000077cc00000)
  to   space 19456K, 0% used [0x0000000783780000,0x0000000783780000,0x0000000784a80000)
 ParOldGen       total 174080K, used 20602K [0x00000006c0c00000, 0x00000006cb600000, 0x000000076af00000)
  object space 174080K, 11% used [0x00000006c0c00000,0x00000006c201e970,0x00000006cb600000)
 Metaspace       used 56776K, capacity 58684K, committed 59028K, reserved 1099776K
  class space    used 7858K, capacity 8184K, committed 8192K, reserved 1048576K
}
Event: 6.989 GC heap before
{Heap before GC invocations=10 (full 3):
 PSYoungGen      total 291840K, used 16022K [0x000000076af00000, 0x0000000784a80000, 0x00000007c0000000)
  eden space 273920K, 0% used [0x000000076af00000,0x000000076af00000,0x000000077ba80000)
  from space 17920K, 89% used [0x000000077ba80000,0x000000077ca25948,0x000000077cc00000)
  to   space 19456K, 0% used [0x0000000783780000,0x0000000783780000,0x0000000784a80000)
 ParOldGen       total 174080K, used 20602K [0x00000006c0c00000, 0x00000006cb600000, 0x000000076af00000)
  object space 174080K, 11% used [0x00000006c0c00000,0x00000006c201e970,0x00000006cb600000)
 Metaspace       used 56776K, capacity 58684K, committed 59028K, reserved 1099776K
  class space    used 7858K, capacity 8184K, committed 8192K, reserved 1048576K
Event: 7.105 GC heap after
Heap after GC invocations=10 (full 3):
 PSYoungGen      total 291840K, used 0K [0x000000076af00000, 0x0000000784a80000, 0x00000007c0000000)
  eden space 273920K, 0% used [0x000000076af00000,0x000000076af00000,0x000000077ba80000)
  from space 17920K, 0% used [0x000000077ba80000,0x000000077ba80000,0x000000077cc00000)
  to   space 19456K, 0% used [0x0000000783780000,0x0000000783780000,0x0000000784a80000)
 ParOldGen       total 244736K, used 27777K [0x00000006c0c00000, 0x00000006cfb00000, 0x000000076af00000)
  object space 244736K, 11% used [0x00000006c0c00000,0x00000006c2720778,0x00000006cfb00000)
 Metaspace       used 56776K, capacity 58684K, committed 59028K, reserved 1099776K
  class space    used 7858K, capacity 8184K, committed 8192K, reserved 1048576K
}
Event: 10.344 GC heap before
{Heap before GC invocations=11 (full 3):
 PSYoungGen      total 291840K, used 273920K [0x000000076af00000, 0x0000000784a80000, 0x00000007c0000000)
  eden space 273920K, 100% used [0x000000076af00000,0x000000077ba80000,0x000000077ba80000)
  from space 17920K, 0% used [0x000000077ba80000,0x000000077ba80000,0x000000077cc00000)
  to   space 19456K, 0% used [0x0000000783780000,0x0000000783780000,0x0000000784a80000)
 ParOldGen       total 244736K, used 27777K [0x00000006c0c00000, 0x00000006cfb00000, 0x000000076af00000)
  object space 244736K, 11% used [0x00000006c0c00000,0x00000006c2720778,0x00000006cfb00000)
 Metaspace       used 71435K, capacity 74456K, committed 74712K, reserved 1114112K
  class space    used 9872K, capacity 10402K, committed 10496K, reserved 1048576K
Event: 10.369 GC heap after
Heap after GC invocations=11 (full 3):
 PSYoungGen      total 385536K, used 19168K [0x000000076af00000, 0x0000000784a80000, 0x00000007c0000000)
  eden space 366080K, 0% used [0x000000076af00000,0x000000076af00000,0x0000000781480000)
  from space 19456K, 98% used [0x0000000783780000,0x0000000784a382e8,0x0000000784a80000)
  to   space 22016K, 0% used [0x0000000781f80000,0x0000000781f80000,0x0000000783500000)
 ParOldGen       total 244736K, used 27785K [0x00000006c0c00000, 0x00000006cfb00000, 0x000000076af00000)
  object space 244736K, 11% used [0x00000006c0c00000,0x00000006c2722778,0x00000006cfb00000)
 Metaspace       used 71435K, capacity 74456K, committed 74712K, reserved 1114112K
  class space    used 9872K, capacity 10402K, committed 10496K, reserved 1048576K
}

Deoptimization events (10 events):
Event: 11.881 Thread 0x00000000206a7000 Uncommon trap: reason=unhandled action=none pc=0x0000000002f729a0 method=java.net.URLClassLoader.findClass(Ljava/lang/String;)Ljava/lang/Class; @ 44
Event: 11.882 Thread 0x00000000206a7000 Uncommon trap: reason=unhandled action=none pc=0x0000000002f729a0 method=java.net.URLClassLoader.findClass(Ljava/lang/String;)Ljava/lang/Class; @ 44
Event: 11.884 Thread 0x00000000206a7000 Uncommon trap: reason=unhandled action=none pc=0x0000000002f729a0 method=java.net.URLClassLoader.findClass(Ljava/lang/String;)Ljava/lang/Class; @ 44
Event: 11.885 Thread 0x00000000206a7000 Uncommon trap: reason=unhandled action=none pc=0x0000000002f729a0 method=java.net.URLClassLoader.findClass(Ljava/lang/String;)Ljava/lang/Class; @ 44
Event: 11.886 Thread 0x00000000206a7000 Uncommon trap: reason=unhandled action=none pc=0x0000000002f729a0 method=java.net.URLClassLoader.findClass(Ljava/lang/String;)Ljava/lang/Class; @ 44
Event: 11.894 Thread 0x000000001efd3000 Uncommon trap: reason=unhandled action=none pc=0x0000000002f729a0 method=java.net.URLClassLoader.findClass(Ljava/lang/String;)Ljava/lang/Class; @ 44
Event: 11.895 Thread 0x000000001efd3000 Uncommon trap: reason=unhandled action=none pc=0x0000000002f729a0 method=java.net.URLClassLoader.findClass(Ljava/lang/String;)Ljava/lang/Class; @ 44
Event: 11.895 Thread 0x000000001efd3000 Uncommon trap: reason=unhandled action=none pc=0x0000000002f729a0 method=java.net.URLClassLoader.findClass(Ljava/lang/String;)Ljava/lang/Class; @ 44
Event: 11.895 Thread 0x000000001efd3000 Uncommon trap: reason=unhandled action=none pc=0x0000000002f729a0 method=java.net.URLClassLoader.findClass(Ljava/lang/String;)Ljava/lang/Class; @ 44
Event: 11.895 Thread 0x000000001efd3000 Uncommon trap: reason=unhandled action=none pc=0x0000000002f729a0 method=java.net.URLClassLoader.findClass(Ljava/lang/String;)Ljava/lang/Class; @ 44

Internal exceptions (10 events):
Event: 10.729 Thread 0x000000001efd3800 Exception <a 'java/lang/ArrayIndexOutOfBoundsException': 97> (0x000000076d6fd2f8) thrown at [C:\re\workspace\8-2-build-windows-amd64-cygwin\jdk8u101\7261\hotspot\src\share\vm\interpreter\interpreterRuntime.cpp, line 366]
Event: 10.729 Thread 0x000000001efd3800 Exception <a 'java/lang/ArrayIndexOutOfBoundsException': 139> (0x000000076d6fe918) thrown at [C:\re\workspace\8-2-build-windows-amd64-cygwin\jdk8u101\7261\hotspot\src\share\vm\interpreter\interpreterRuntime.cpp, line 366]
Event: 10.729 Thread 0x000000001efd3800 Exception <a 'java/lang/ArrayIndexOutOfBoundsException': 130> (0x000000076d6ffff8) thrown at [C:\re\workspace\8-2-build-windows-amd64-cygwin\jdk8u101\7261\hotspot\src\share\vm\interpreter\interpreterRuntime.cpp, line 366]
Event: 10.729 Thread 0x000000001efd3800 Exception <a 'java/lang/ArrayIndexOutOfBoundsException': 128> (0x000000076d701718) thrown at [C:\re\workspace\8-2-build-windows-amd64-cygwin\jdk8u101\7261\hotspot\src\share\vm\interpreter\interpreterRuntime.cpp, line 366]
Event: 10.729 Thread 0x000000001efd3800 Exception <a 'java/lang/ArrayIndexOutOfBoundsException': 85> (0x000000076d702a10) thrown at [C:\re\workspace\8-2-build-windows-amd64-cygwin\jdk8u101\7261\hotspot\src\share\vm\interpreter\interpreterRuntime.cpp, line 366]
Event: 10.729 Thread 0x000000001efd3800 Exception <a 'java/lang/ArrayIndexOutOfBoundsException': 154> (0x000000076d7043a8) thrown at [C:\re\workspace\8-2-build-windows-amd64-cygwin\jdk8u101\7261\hotspot\src\share\vm\interpreter\interpreterRuntime.cpp, line 366]
Event: 10.729 Thread 0x000000001efd3800 Exception <a 'java/lang/ArrayIndexOutOfBoundsException': 140> (0x000000076d705be0) thrown at [C:\re\workspace\8-2-build-windows-amd64-cygwin\jdk8u101\7261\hotspot\src\share\vm\interpreter\interpreterRuntime.cpp, line 366]
Event: 10.737 Thread 0x000000001efd3800 Exception <a 'java/lang/IncompatibleClassChangeError': Found class java.lang.Object, but interface was expected> (0x000000076d744138) thrown at [C:\re\workspace\8-2-build-windows-amd64-cygwin\jdk8u101\7261\hotspot\src\share\vm\interpreter\linkResolver.cpp,?z%@
Event: 10.739 Thread 0x00000000206ab800 Exception <a 'java/lang/InterruptedException': sleep interrupted> (0x000000076defb168) thrown at [C:\re\workspace\8-2-build-windows-amd64-cygwin\jdk8u101\7261\hotspot\src\share\vm\prims\jvm.cpp, line 3215]
Event: 11.893 Thread 0x000000001efd3800 Exception <a 'java/lang/reflect/InvocationTargetException'> (0x000000076d857668) thrown at [C:\re\workspace\8-2-build-windows-amd64-cygwin\jdk8u101\7261\hotspot\src\share\vm\runtime\reflection.cpp, line 1092]

Events (10 events):
Event: 11.895 Thread 0x000000001efd3000 DEOPT PACKING pc=0x000000000347dd14 sp=0x000000001f8ae7d0
Event: 11.895 Thread 0x000000001efd3000 DEOPT UNPACKING pc=0x00000000027a787f sp=0x000000001f8ae4e8 mode 1
Event: 11.896 Thread 0x000000001efd3000 Thread exited: 0x000000001efd3000
Event: 12.857 Executing VM operation: RevokeBias
Event: 12.857 Executing VM operation: RevokeBias done
Event: 12.857 Thread 0x00000000206a8000 Thread exited: 0x00000000206a8000
Event: 212.799 Executing VM operation: RedefineClasses
Event: 212.856 Executing VM operation: RedefineClasses done
Event: 213.040 Executing VM operation: ChangeBreakpoints
Event: 213.041 Executing VM operation: ChangeBreakpoints done


Dynamic libraries:
0x00007ff6282a0000 - 0x00007ff6282d7000 	C:\Program Files\Java\jre1.8.0_101\bin\javaw.exe
0x00007ffd34270000 - 0x00007ffd34431000 	C:\Windows\SYSTEM32\ntdll.dll
0x00007ffd31670000 - 0x00007ffd3171d000 	C:\Windows\system32\KERNEL32.DLL
0x00007ffd309d0000 - 0x00007ffd30bb8000 	C:\Windows\system32\KERNELBASE.dll
0x00007ffd32680000 - 0x00007ffd32727000 	C:\Windows\system32\ADVAPI32.dll
0x00007ffd321b0000 - 0x00007ffd3224d000 	C:\Windows\system32\msvcrt.dll
0x00007ffd31ff0000 - 0x00007ffd3204b000 	C:\Windows\system32\sechost.dll
0x00007ffd31730000 - 0x00007ffd3184c000 	C:\Windows\system32\RPCRT4.dll
0x00007ffd32520000 - 0x00007ffd32676000 	C:\Windows\system32\USER32.dll
0x00007ffd340c0000 - 0x00007ffd34246000 	C:\Windows\system32\GDI32.dll
0x00007ffd2aa60000 - 0x00007ffd2acd4000 	C:\Windows\WinSxS\amd64_microsoft.windows.common-controls_6595b64144ccf1df_6.0.10586.0_none_8c15ae12515e1c22\COMCTL32.dll
0x00007ffd32790000 - 0x00007ffd32a0d000 	C:\Windows\system32\combase.dll
0x00007ffd31330000 - 0x00007ffd3139a000 	C:\Windows\system32\bcryptPrimitives.dll
0x00007ffd34080000 - 0x00007ffd340bb000 	C:\Windows\system32\IMM32.DLL
0x00007ffd2fda0000 - 0x00007ffd2fddc000 	C:\Windows\system32\SophosAV\SOPHOS~1.DLL
0x00007ffd31720000 - 0x00007ffd31728000 	C:\Windows\system32\PSAPI.DLL
0x00000000601a0000 - 0x0000000060272000 	C:\Program Files\Java\jre1.8.0_101\bin\msvcr100.dll
0x000000005f280000 - 0x000000005fb1a000 	C:\Program Files\Java\jre1.8.0_101\bin\server\jvm.dll
0x00007ffd2ef70000 - 0x00007ffd2ef93000 	C:\Windows\SYSTEM32\WINMM.dll
0x00007ffd22bb0000 - 0x00007ffd22bb9000 	C:\Windows\SYSTEM32\WSOCK32.dll
0x00007ffd2d580000 - 0x00007ffd2d58a000 	C:\Windows\SYSTEM32\VERSION.dll
0x00007ffd323a0000 - 0x00007ffd3240b000 	C:\Windows\system32\WS2_32.dll
0x0000000000920000 - 0x000000000094c000 	C:\Windows\SYSTEM32\WINMMBASE.dll
0x00007ffd31620000 - 0x00007ffd31663000 	C:\Windows\system32\cfgmgr32.dll
0x00000000603f0000 - 0x00000000603ff000 	C:\Program Files\Java\jre1.8.0_101\bin\verify.dll
0x00000000603c0000 - 0x00000000603e9000 	C:\Program Files\Java\jre1.8.0_101\bin\java.dll
0x00000000602e0000 - 0x0000000060315000 	C:\Program Files\Java\jre1.8.0_101\bin\jdwp.dll
0x00000000602d0000 - 0x00000000602d8000 	C:\Program Files\Java\jre1.8.0_101\bin\npt.dll
0x00000000603a0000 - 0x00000000603b6000 	C:\Program Files\Java\jre1.8.0_101\bin\zip.dll
0x00007ffd32a10000 - 0x00007ffd33f6c000 	C:\Windows\system32\SHELL32.dll
0x00007ffd30bc0000 - 0x00007ffd31205000 	C:\Windows\system32\windows.storage.dll
0x00007ffd33f70000 - 0x00007ffd33fc2000 	C:\Windows\system32\shlwapi.dll
0x00007ffd308b0000 - 0x00007ffd308bf000 	C:\Windows\system32\kernel.appcore.dll
0x00007ffd31210000 - 0x00007ffd312c5000 	C:\Windows\system32\shcore.dll
0x00007ffd308d0000 - 0x00007ffd3091b000 	C:\Windows\system32\powrprof.dll
0x00007ffd30890000 - 0x00007ffd308a4000 	C:\Windows\system32\profapi.dll
0x00000000602c0000 - 0x00000000602c9000 	C:\Program Files\Java\jre1.8.0_101\bin\dt_socket.dll
0x00007ffd250e0000 - 0x00007ffd250f6000 	C:\Windows\system32\napinsp.dll
0x00007ffd25100000 - 0x00007ffd2511a000 	C:\Windows\system32\pnrpnsp.dll
0x00007ffd2e1e0000 - 0x00007ffd2e1f8000 	C:\Windows\system32\NLAapi.dll
0x00007ffd301c0000 - 0x00007ffd3021c000 	C:\Windows\System32\mswsock.dll
0x00007ffd2f170000 - 0x00007ffd2f21a000 	C:\Windows\SYSTEM32\DNSAPI.dll
0x00007ffd31850000 - 0x00007ffd31858000 	C:\Windows\system32\NSI.dll
0x00007ffd25130000 - 0x00007ffd2513d000 	C:\Windows\System32\winrnr.dll
0x00007ffd25140000 - 0x00007ffd25155000 	C:\Windows\System32\wshbth.dll
0x00007ffd2da00000 - 0x00007ffd2da67000 	C:\Windows\System32\fwpuclnt.dll
0x00007ffd30490000 - 0x00007ffd304b9000 	C:\Windows\SYSTEM32\bcrypt.dll
0x00007ffd28e20000 - 0x00007ffd28e2a000 	C:\Windows\System32\rasadhlp.dll
0x00000000602b0000 - 0x00000000602bd000 	C:\Program Files\Java\jre1.8.0_101\bin\management.dll
0x0000000060380000 - 0x000000006039a000 	C:\Program Files\Java\jre1.8.0_101\bin\net.dll
0x00007ffd2d4f0000 - 0x00007ffd2d528000 	C:\Windows\SYSTEM32\IPHLPAPI.DLL
0x0000000060360000 - 0x0000000060371000 	C:\Program Files\Java\jre1.8.0_101\bin\nio.dll
0x0000000060330000 - 0x0000000060354000 	C:\Program Files\Java\jre1.8.0_101\bin\sunec.dll
0x00007ffd30270000 - 0x00007ffd30287000 	C:\Windows\SYSTEM32\CRYPTSP.dll
0x00007ffd2ff00000 - 0x00007ffd2ff34000 	C:\Windows\system32\rsaenh.dll
0x00007ffd30050000 - 0x00007ffd3006f000 	C:\Windows\SYSTEM32\USERENV.dll
0x00007ffd30390000 - 0x00007ffd3039b000 	C:\Windows\SYSTEM32\CRYPTBASE.dll
0x00007ffd2ccd0000 - 0x00007ffd2cce6000 	C:\Windows\SYSTEM32\dhcpcsvc6.DLL
0x00007ffd2ccb0000 - 0x00007ffd2ccca000 	C:\Windows\SYSTEM32\dhcpcsvc.DLL
0x00007ffd232e0000 - 0x00007ffd2346c000 	C:\Windows\SYSTEM32\dbghelp.dll

VM Arguments:
jvm_args: -agentlib:jdwp=transport=dt_socket,suspend=y,address=localhost:52404 -Dfile.encoding=UTF-8 
java_command: com.bobo.fristsba.FristsbaApplication
java_class_path (initial): D:\github\Demo\java\fristsba\target\classes;C:\Users\bobo.huang.MHS\.m2\repository\org\springframework\boot\spring-boot-starter\2.1.5.RELEASE\spring-boot-starter-2.1.5.RELEASE.jar;C:\Users\bobo.huang.MHS\.m2\repository\org\springframework\boot\spring-boot\2.1.5.RELEASE\spring-boot-2.1.5.RELEASE.jar;C:\Users\bobo.huang.MHS\.m2\repository\org\springframework\spring-context\5.1.7.RELEASE\spring-context-5.1.7.RELEASE.jar;C:\Users\bobo.huang.MHS\.m2\repository\org\springframework\boot\spring-boot-autoconfigure\2.1.5.RELEASE\spring-boot-autoconfigure-2.1.5.RELEASE.jar;C:\Users\bobo.huang.MHS\.m2\repository\org\springframework\boot\spring-boot-starter-logging\2.1.5.RELEASE\spring-boot-starter-logging-2.1.5.RELEASE.jar;C:\Users\bobo.huang.MHS\.m2\repository\ch\qos\logback\logback-classic\1.2.3\logback-classic-1.2.3.jar;C:\Users\bobo.huang.MHS\.m2\repository\ch\qos\logback\logback-core\1.2.3\logback-core-1.2.3.jar;C:\Users\bobo.huang.MHS\.m2\repository\org\apache\logging\log4j\log4j-to-slf4j\2.11.2\log4j-to-slf4j-2.11.2.jar;C:\Users\bobo.huang.MHS\.m2\repository\org\apache\logging\log4j\log4j-api\2.11.2\log4j-api-2.11.2.jar;C:\Users\bobo.huang.MHS\.m2\repository\org\slf4j\jul-to-slf4j\1.7.26\jul-to-slf4j-1.7.26.jar;C:\Users\bobo.huang.MHS\.m2\repository\javax\annotation\javax.annotation-api\1.3.2\javax.annotation-api-1.3.2.jar;C:\Users\bobo.huang.MHS\.m2\repository\org\springframework\spring-core\5.1.7.RELEASE\spring-core-5.1.7.RELEASE.jar;C:\Users\bobo.huang.MHS\.m2\repository\org\springframework\spring-jcl\5.1.7.RELEASE\spring-jcl-5.1.7.RELEASE.jar;C:\Users\bobo.huang.MHS\.m2\repository\org\yaml\snakeyaml\1.23\snakeyaml-1.23.jar;C:\Users\bobo.huang.MHS\.m2\repository\org\springframework\boot\spring-boot-starter-web\2.1.5.RELEASE\spring-boot-starter-web-2.1.5.RELEASE.jar;C:\Users\bobo.huang.MHS\.m2\repository\org\springframework\boot\spring-boot-starter-json\2.1.5.RELEASE\spring-boot-starter-json-2.1.5.RELEASE.jar;C:\Users\bobo.huang.MHS\.m2\rep
Launcher Type: SUN_STANDARD

Environment Variables:
JAVA_HOME=C:\Program Files\Java\jdk1.8.0_101
USERNAME=bobo.huang
OS=Windows_NT
PROCESSOR_IDENTIFIER=Intel64 Family 6 Model 60 Stepping 3, GenuineIntel



---------------  S Y S T E M  ---------------

OS: Windows 10.0 , 64 bit Build 10586 (10.0.10586.0)

CPU:total 4 (4 cores per cpu, 1 threads per core) family 6 model 60 stepping 3, cmov, cx8, fxsr, mmx, sse, sse2, sse3, ssse3, sse4.1, sse4.2, popcnt, avx, avx2, aes, clmul, erms, lzcnt, tsc, tscinvbit, bmi1, bmi2

Memory: 4k page, physical 16722824k(9594324k free), swap 19213192k(7031644k free)

vm_info: Java HotSpot(TM) 64-Bit Server VM (25.101-b13) for windows-amd64 JRE (1.8.0_101-b13), built on Jun 22 2016 01:21:29 by "java_re" with MS VC++ 10.0 (VS2010)

time: Thu Sep 26 13:49:50 2019
elapsed time: 213 seconds (0d 0h 3m 33s)

