#
# A fatal error has been detected by the Java Runtime Environment:
#
#  EXCEPTION_ACCESS_VIOLATION (0xc0000005) at pc=0x000000005f3aa0a5, pid=44704, tid=0x0000000000001e74
#
# JRE version: Java(TM) SE Runtime Environment (8.0_101-b13) (build 1.8.0_101-b13)
# Java VM: Java HotSpot(TM) 64-Bit Server VM (25.101-b13 mixed mode windows-amd64 compressed oops)
# Problematic frame:
# V  [jvm.dll+0x12a0a5]
#
# Failed to write core dump. Minidumps are not enabled by default on client versions of Windows
#
# If you would like to submit a bug report, please visit:
#   http://bugreport.java.com/bugreport/crash.jsp
#

---------------  T H R E A D  ---------------

Current thread (0x000000001be17800):  JavaThread "JDWP Transport Listener: dt_socket" daemon [_thread_in_vm, id=7796, stack(0x000000001d790000,0x000000001d890000)]

siginfo: ExceptionCode=0xc0000005, reading address 0xffffffffffffffff

Registers:
RAX=0x000000001d88f201, RBX=0x000000001be17800, RCX=0x003b6c706d49726f, RDX=0x0000000000000000
RSP=0x000000001d88f280, RBP=0x003b6c706d49726f, RSI=0x000000001d88f398, RDI=0x0000000002633120
R8 =0x000000001be17800, R9 =0x0000000000000000, R10=0x0000000000000000, R11=0x0000000000000064
R12=0x0000000000000000, R13=0x000000001be0cdb8, R14=0x0000000000000000, R15=0x0000000000000000
RIP=0x000000005f3aa0a5, EFLAGS=0x0000000000010206

Top of Stack: (sp=0x000000001d88f280)
0x000000001d88f280:   000000001be17800 000000001be17800
0x000000001d88f290:   000000001d88f348 000000005f5b2f0b
0x000000001d88f2a0:   000000001be17800 000000005f5cf76d
0x000000001d88f2b0:   0000000000000000 00000000602f9155
0x000000001d88f2c0:   0000000023984bd8 000000006030291e
0x000000001d88f2d0:   000000001be17800 0000000000000000
0x000000001d88f2e0:   0000000000000000 0000000000000000
0x000000001d88f2f0:   003b6c706d49726f 0000000060301a15
0x000000001d88f300:   000000001d88f398 000000001d88f370
0x000000001d88f310:   0000000000000001 0000000023984bd8
0x000000001d88f320:   003b6c706d49726f 00000000602e53b3
0x000000001d88f330:   000000001d88f460 0000000000000001
0x000000001d88f340:   0000000000000001 0000000023984bd8
0x000000001d88f350:   0000000000000001 0000000000000000
0x000000001d88f360:   0000000000000000 0000000000000000
0x000000001d88f370:   0000000000000001 00000000602e5571 

Instructions: (pc=0x000000005f3aa0a5)
0x000000005f3aa085:   cc cc cc cc cc cc cc cc cc cc cc 48 83 ec 28 48
0x000000005f3aa095:   85 c9 75 07 33 c0 48 83 c4 28 c3 48 89 5c 24 20
0x000000005f3aa0a5:   48 8b 19 48 85 db 74 20 48 83 fb 37 74 1a 48 8b
0x000000005f3aa0b5:   13 48 8b cb ff 52 10 84 c0 74 0d 48 8b c3 48 8b 


Register to memory mapping:

RAX=0x000000001d88f201 is pointing into the stack for thread: 0x000000001be17800
RBX=0x000000001be17800 is a thread
RCX=0x003b6c706d49726f is an unknown value
RDX=0x0000000000000000 is an unknown value
RSP=0x000000001d88f280 is pointing into the stack for thread: 0x000000001be17800
RBP=0x003b6c706d49726f is an unknown value
RSI=0x000000001d88f398 is pointing into the stack for thread: 0x000000001be17800
RDI=0x0000000002633120 is an unknown value
R8 =0x000000001be17800 is a thread
R9 =0x0000000000000000 is an unknown value
R10=0x0000000000000000 is an unknown value
R11=0x0000000000000064 is an unknown value
R12=0x0000000000000000 is an unknown value
R13=0x000000001be0cdb8 is an unknown value
R14=0x0000000000000000 is an unknown value
R15=0x0000000000000000 is an unknown value


Stack: [0x000000001d790000,0x000000001d890000],  sp=0x000000001d88f280,  free space=1020k
Native frames: (J=compiled Java code, j=interpreted, Vv=VM code, C=native code)
V  [jvm.dll+0x12a0a5]
V  [jvm.dll+0x34f76d]
C  [jdwp.dll+0x21a15]
C  [jdwp.dll+0x53b3]
C  [jdwp.dll+0x5571]
C  [jdwp.dll+0xf0a8]
C  [jdwp.dll+0x1f2d5]
C  [jdwp.dll+0x1f4aa]
V  [jvm.dll+0x1bd258]
V  [jvm.dll+0x2451a4]
V  [jvm.dll+0x29c18a]
C  [msvcr100.dll+0x21d9f]
C  [msvcr100.dll+0x21e3b]
C  [KERNEL32.DLL+0x18102]
C  [ntdll.dll+0x5c5b4]


---------------  P R O C E S S  ---------------

Java Threads: ( => current thread )
  0x0000000023409800 JavaThread "http-nio-8080-Acceptor-0" daemon [_thread_in_native, id=21900, stack(0x0000000031930000,0x0000000031a30000)]
  0x0000000023408800 JavaThread "http-nio-8080-ClientPoller-1" daemon [_thread_in_native, id=36744, stack(0x0000000031830000,0x0000000031930000)]
  0x0000000023405800 JavaThread "http-nio-8080-ClientPoller-0" daemon [_thread_in_native, id=24744, stack(0x0000000031730000,0x0000000031830000)]
  0x0000000023408000 JavaThread "http-nio-8080-exec-10" daemon [_thread_blocked, id=41732, stack(0x0000000031630000,0x0000000031730000)]
  0x000000002340b800 JavaThread "http-nio-8080-exec-9" daemon [_thread_blocked, id=44172, stack(0x0000000031530000,0x0000000031630000)]
  0x000000002340c800 JavaThread "http-nio-8080-exec-8" daemon [_thread_blocked, id=37924, stack(0x0000000031430000,0x0000000031530000)]
  0x0000000020822000 JavaThread "http-nio-8080-exec-7" daemon [_thread_blocked, id=21320, stack(0x0000000031330000,0x0000000031430000)]
  0x0000000020821800 JavaThread "http-nio-8080-exec-6" daemon [_thread_blocked, id=16112, stack(0x0000000031230000,0x0000000031330000)]
  0x0000000020823800 JavaThread "http-nio-8080-exec-5" daemon [_thread_blocked, id=33536, stack(0x0000000031130000,0x0000000031230000)]
  0x0000000020820800 JavaThread "http-nio-8080-exec-4" daemon [_thread_blocked, id=23632, stack(0x0000000031030000,0x0000000031130000)]
  0x0000000020820000 JavaThread "http-nio-8080-exec-3" daemon [_thread_blocked, id=12504, stack(0x0000000030f30000,0x0000000031030000)]
  0x0000000020824800 JavaThread "http-nio-8080-exec-2" daemon [_thread_blocked, id=2400, stack(0x0000000030e30000,0x0000000030f30000)]
  0x0000000020823000 JavaThread "http-nio-8080-exec-1" daemon [_thread_blocked, id=43232, stack(0x0000000030d30000,0x0000000030e30000)]
  0x0000000020818800 JavaThread "NioBlockingSelector.BlockPoller-3" daemon [_thread_in_native, id=7736, stack(0x0000000030c30000,0x0000000030d30000)]
  0x0000000020817800 JavaThread "File Watcher" daemon [_thread_blocked, id=24696, stack(0x0000000030b30000,0x0000000030c30000)]
  0x000000002081e800 JavaThread "lettuce-eventExecutorLoop-8-1" daemon [_thread_blocked, id=3224, stack(0x0000000030a30000,0x0000000030b30000)]
  0x000000002081d800 JavaThread "lettuce-nioEventLoop-10-1" daemon [_thread_in_native, id=11500, stack(0x0000000030930000,0x0000000030a30000)]
  0x0000000020815800 JavaThread "HikariPool-3 housekeeper" daemon [_thread_blocked, id=44304, stack(0x0000000030730000,0x0000000030830000)]
  0x0000000020817000 JavaThread "container-0" [_thread_blocked, id=44864, stack(0x0000000030630000,0x0000000030730000)]
  0x000000002081c000 JavaThread "Catalina-utility-2" [_thread_blocked, id=42188, stack(0x0000000030530000,0x0000000030630000)]
  0x000000002081b800 JavaThread "Catalina-utility-1" [_thread_blocked, id=32032, stack(0x0000000030430000,0x0000000030530000)]
  0x000000002081f000 JavaThread "DestroyJavaVM" [_thread_blocked, id=38556, stack(0x0000000002530000,0x0000000002630000)]
  0x0000000020819000 JavaThread "Live Reload Server" daemon [_thread_in_native, id=41284, stack(0x000000002c330000,0x000000002c430000)]
  0x0000000023407000 JavaThread "mysql-cj-abandoned-connection-cleanup" daemon [_thread_blocked, id=29688, stack(0x0000000023bb0000,0x0000000023cb0000)]
  0x000000001d244800 JavaThread "Service Thread" daemon [_thread_blocked, id=19096, stack(0x000000001dd90000,0x000000001de90000)]
  0x000000001be3b800 JavaThread "C1 CompilerThread2" daemon [_thread_blocked, id=8632, stack(0x000000001dc90000,0x000000001dd90000)]
  0x000000001be39800 JavaThread "C2 CompilerThread1" daemon [_thread_blocked, id=13504, stack(0x000000001db90000,0x000000001dc90000)]
  0x000000001be2d000 JavaThread "C2 CompilerThread0" daemon [_thread_blocked, id=14008, stack(0x000000001da90000,0x000000001db90000)]
  0x000000001be1d000 JavaThread "JDWP Command Reader" daemon [_thread_in_native, id=29108, stack(0x000000001d990000,0x000000001da90000)]
  0x000000001be1b800 JavaThread "JDWP Event Helper Thread" daemon [_thread_blocked, id=44272, stack(0x000000001d890000,0x000000001d990000)]
=>0x000000001be17800 JavaThread "JDWP Transport Listener: dt_socket" daemon [_thread_in_vm, id=7796, stack(0x000000001d790000,0x000000001d890000)]
  0x000000001d1d3000 JavaThread "Attach Listener" daemon [_thread_blocked, id=30500, stack(0x000000001d690000,0x000000001d790000)]
  0x000000001d1d2800 JavaThread "Signal Dispatcher" daemon [_thread_blocked, id=10252, stack(0x000000001d590000,0x000000001d690000)]
  0x000000001bdd0000 JavaThread "Finalizer" daemon [_thread_blocked, id=32844, stack(0x000000001d030000,0x000000001d130000)]
  0x0000000002727000 JavaThread "Reference Handler" daemon [_thread_blocked, id=31224, stack(0x000000001cf30000,0x000000001d030000)]

Other Threads:
  0x000000001bda7000 VMThread [stack: 0x000000001ce30000,0x000000001cf30000] [id=15392]
  0x000000001d2cf800 WatcherThread [stack: 0x000000001de90000,0x000000001df90000] [id=32356]

VM state:not at safepoint (normal execution)

VM Mutex/Monitor currently owned by a thread: None

Heap:
 PSYoungGen      total 286208K, used 103489K [0x000000076af00000, 0x000000077dc00000, 0x00000007c0000000)
  eden space 267776K, 35% used [0x000000076af00000,0x0000000770b7a748,0x000000077b480000)
  from space 18432K, 47% used [0x000000077c600000,0x000000077ce96000,0x000000077d800000)
  to   space 17920K, 0% used [0x000000077b480000,0x000000077b480000,0x000000077c600000)
 ParOldGen       total 240128K, used 29802K [0x00000006c0c00000, 0x00000006cf680000, 0x000000076af00000)
  object space 240128K, 12% used [0x00000006c0c00000,0x00000006c291ab40,0x00000006cf680000)
 Metaspace       used 78269K, capacity 81850K, committed 82008K, reserved 1120256K
  class space    used 10629K, capacity 11295K, committed 11392K, reserved 1048576K

Card table byte_map: [0x0000000011af0000,0x00000000122f0000] byte_map_base: 0x000000000e4ea000

Marking Bits: (ParMarkBitMap*) 0x000000005fa9a6d0
 Begin Bits: [0x0000000012c50000, 0x0000000016c20000)
 End Bits:   [0x0000000016c20000, 0x000000001abf0000)

Polling page: 0x0000000000810000

CodeCache: size=245760Kb used=25038Kb max_used=25038Kb free=220721Kb
 bounds [0x0000000002730000, 0x0000000003fd0000, 0x0000000011730000]
 total_blobs=7333 nmethods=6718 adapters=534
 compilation: enabled

Compilation events (10 events):
Event: 311.628 Thread 0x000000001be3b800 8054       3       java.util.concurrent.Executors$RunnableAdapter::call (14 bytes)
Event: 311.629 Thread 0x000000001be3b800 nmethod 8054 0x0000000003fbd690 code [0x0000000003fbd800, 0x0000000003fbda28]
Event: 312.628 Thread 0x000000001be3b800 8055       3       java.util.concurrent.ScheduledThreadPoolExecutor$DelayedWorkQueue::finishPoll (44 bytes)
Event: 312.629 Thread 0x000000001be3b800 nmethod 8055 0x0000000003fbccd0 code [0x0000000003fbce60, 0x0000000003fbd468]
Event: 315.630 Thread 0x000000001be3b800 8056   !   3       java.util.concurrent.FutureTask::runAndReset (128 bytes)
Event: 315.631 Thread 0x000000001be3b800 nmethod 8056 0x0000000003fbf810 code [0x0000000003fbfa00, 0x0000000003fc0358]
Event: 315.631 Thread 0x000000001be3b800 8057       3       java.util.concurrent.ScheduledThreadPoolExecutor$ScheduledFutureTask::setNextRunTime (38 bytes)
Event: 315.631 Thread 0x000000001be3b800 nmethod 8057 0x0000000003fc06d0 code [0x0000000003fc0860, 0x0000000003fc0c88]
Event: 315.631 Thread 0x000000001be3b800 8058       3       java.util.concurrent.ScheduledThreadPoolExecutor::reExecutePeriodic (51 bytes)
Event: 315.631 Thread 0x000000001be3b800 nmethod 8058 0x0000000003fc0e10 code [0x0000000003fc1020, 0x0000000003fc1d88]

GC Heap History (10 events):
Event: 236.953 GC heap before
{Heap before GC invocations=15 (full 4):
 PSYoungGen      total 246272K, used 14445K [0x000000076af00000, 0x000000077b500000, 0x00000007c0000000)
  eden space 231424K, 0% used [0x000000076af00000,0x000000076af00000,0x0000000779100000)
  from space 14848K, 97% used [0x0000000779a80000,0x000000077a89b460,0x000000077a900000)
  to   space 12288K, 0% used [0x000000077a900000,0x000000077a900000,0x000000077b500000)
 ParOldGen       total 240128K, used 25418K [0x00000006c0c00000, 0x00000006cf680000, 0x000000076af00000)
  object space 240128K, 10% used [0x00000006c0c00000,0x00000006c24d2be8,0x00000006cf680000)
 Metaspace       used 76365K, capacity 79678K, committed 79960K, reserved 1118208K
  class space    used 10496K, capacity 11078K, committed 11136K, reserved 1048576K
Event: 237.113 GC heap after
Heap after GC invocations=15 (full 4):
 PSYoungGen      total 246272K, used 0K [0x000000076af00000, 0x000000077b500000, 0x00000007c0000000)
  eden space 231424K, 0% used [0x000000076af00000,0x000000076af00000,0x0000000779100000)
  from space 14848K, 0% used [0x0000000779a80000,0x0000000779a80000,0x000000077a900000)
  to   space 12288K, 0% used [0x000000077a900000,0x000000077a900000,0x000000077b500000)
 ParOldGen       total 240128K, used 31220K [0x00000006c0c00000, 0x00000006cf680000, 0x000000076af00000)
  object space 240128K, 13% used [0x00000006c0c00000,0x00000006c2a7d1d8,0x00000006cf680000)
 Metaspace       used 76365K, capacity 79678K, committed 79960K, reserved 1118208K
  class space    used 10496K, capacity 11078K, committed 11136K, reserved 1048576K
}
Event: 239.279 GC heap before
{Heap before GC invocations=16 (full 4):
 PSYoungGen      total 246272K, used 231424K [0x000000076af00000, 0x000000077b500000, 0x00000007c0000000)
  eden space 231424K, 100% used [0x000000076af00000,0x0000000779100000,0x0000000779100000)
  from space 14848K, 0% used [0x0000000779a80000,0x0000000779a80000,0x000000077a900000)
  to   space 12288K, 0% used [0x000000077a900000,0x000000077a900000,0x000000077b500000)
 ParOldGen       total 240128K, used 31220K [0x00000006c0c00000, 0x00000006cf680000, 0x000000076af00000)
  object space 240128K, 13% used [0x00000006c0c00000,0x00000006c2a7d1d8,0x00000006cf680000)
 Metaspace       used 77289K, capacity 80712K, committed 80856K, reserved 1118208K
  class space    used 10572K, capacity 11205K, committed 11264K, reserved 1048576K
Event: 239.290 GC heap after
Heap after GC invocations=16 (full 4):
 PSYoungGen      total 249856K, used 8608K [0x000000076af00000, 0x000000077d800000, 0x00000007c0000000)
  eden space 237568K, 0% used [0x000000076af00000,0x000000076af00000,0x0000000779700000)
  from space 12288K, 70% used [0x000000077a900000,0x000000077b168388,0x000000077b500000)
  to   space 18432K, 0% used [0x0000000779700000,0x0000000779700000,0x000000077a900000)
 ParOldGen       total 240128K, used 31228K [0x00000006c0c00000, 0x00000006cf680000, 0x000000076af00000)
  object space 240128K, 13% used [0x00000006c0c00000,0x00000006c2a7f1d8,0x00000006cf680000)
 Metaspace       used 77289K, capacity 80712K, committed 80856K, reserved 1118208K
  class space    used 10572K, capacity 11205K, committed 11264K, reserved 1048576K
}
Event: 265.887 GC heap before
{Heap before GC invocations=17 (full 4):
 PSYoungGen      total 249856K, used 122669K [0x000000076af00000, 0x000000077d800000, 0x00000007c0000000)
  eden space 237568K, 48% used [0x000000076af00000,0x0000000771e633a8,0x0000000779700000)
  from space 12288K, 70% used [0x000000077a900000,0x000000077b168388,0x000000077b500000)
  to   space 18432K, 0% used [0x0000000779700000,0x0000000779700000,0x000000077a900000)
 ParOldGen       total 240128K, used 31228K [0x00000006c0c00000, 0x00000006cf680000, 0x000000076af00000)
  object space 240128K, 13% used [0x00000006c0c00000,0x00000006c2a7f1d8,0x00000006cf680000)
 Metaspace       used 77400K, capacity 80942K, committed 81112K, reserved 1120256K
  class space    used 10576K, capacity 11211K, committed 11264K, reserved 1048576K
Event: 265.895 GC heap after
Heap after GC invocations=17 (full 4):
 PSYoungGen      total 256000K, used 4462K [0x000000076af00000, 0x000000077d800000, 0x00000007c0000000)
  eden space 237568K, 0% used [0x000000076af00000,0x000000076af00000,0x0000000779700000)
  from space 18432K, 24% used [0x0000000779700000,0x0000000779b5b9b0,0x000000077a900000)
  to   space 18432K, 0% used [0x000000077c600000,0x000000077c600000,0x000000077d800000)
 ParOldGen       total 240128K, used 31236K [0x00000006c0c00000, 0x00000006cf680000, 0x000000076af00000)
  object space 240128K, 13% used [0x00000006c0c00000,0x00000006c2a811d8,0x00000006cf680000)
 Metaspace       used 77400K, capacity 80942K, committed 81112K, reserved 1120256K
  class space    used 10576K, capacity 11211K, committed 11264K, reserved 1048576K
}
Event: 265.895 GC heap before
{Heap before GC invocations=18 (full 5):
 PSYoungGen      total 256000K, used 4462K [0x000000076af00000, 0x000000077d800000, 0x00000007c0000000)
  eden space 237568K, 0% used [0x000000076af00000,0x000000076af00000,0x0000000779700000)
  from space 18432K, 24% used [0x0000000779700000,0x0000000779b5b9b0,0x000000077a900000)
  to   space 18432K, 0% used [0x000000077c600000,0x000000077c600000,0x000000077d800000)
 ParOldGen       total 240128K, used 31236K [0x00000006c0c00000, 0x00000006cf680000, 0x000000076af00000)
  object space 240128K, 13% used [0x00000006c0c00000,0x00000006c2a811d8,0x00000006cf680000)
 Metaspace       used 77400K, capacity 80942K, committed 81112K, reserved 1120256K
  class space    used 10576K, capacity 11211K, committed 11264K, reserved 1048576K
Event: 266.113 GC heap after
Heap after GC invocations=18 (full 5):
 PSYoungGen      total 256000K, used 0K [0x000000076af00000, 0x000000077d800000, 0x00000007c0000000)
  eden space 237568K, 0% used [0x000000076af00000,0x000000076af00000,0x0000000779700000)
  from space 18432K, 0% used [0x0000000779700000,0x0000000779700000,0x000000077a900000)
  to   space 18432K, 0% used [0x000000077c600000,0x000000077c600000,0x000000077d800000)
 ParOldGen       total 240128K, used 29794K [0x00000006c0c00000, 0x00000006cf680000, 0x000000076af00000)
  object space 240128K, 12% used [0x00000006c0c00000,0x00000006c2918b40,0x00000006cf680000)
 Metaspace       used 77400K, capacity 80942K, committed 81112K, reserved 1120256K
  class space    used 10576K, capacity 11211K, committed 11264K, reserved 1048576K
}
Event: 268.209 GC heap before
{Heap before GC invocations=19 (full 5):
 PSYoungGen      total 256000K, used 237568K [0x000000076af00000, 0x000000077d800000, 0x00000007c0000000)
  eden space 237568K, 100% used [0x000000076af00000,0x0000000779700000,0x0000000779700000)
  from space 18432K, 0% used [0x0000000779700000,0x0000000779700000,0x000000077a900000)
  to   space 18432K, 0% used [0x000000077c600000,0x000000077c600000,0x000000077d800000)
 ParOldGen       total 240128K, used 29794K [0x00000006c0c00000, 0x00000006cf680000, 0x000000076af00000)
  object space 240128K, 12% used [0x00000006c0c00000,0x00000006c2918b40,0x00000006cf680000)
 Metaspace       used 78206K, capacity 81850K, committed 82008K, reserved 1120256K
  class space    used 10627K, capacity 11295K, committed 11392K, reserved 1048576K
Event: 268.226 GC heap after
Heap after GC invocations=19 (full 5):
 PSYoungGen      total 286208K, used 8792K [0x000000076af00000, 0x000000077dc00000, 0x00000007c0000000)
  eden space 267776K, 0% used [0x000000076af00000,0x000000076af00000,0x000000077b480000)
  from space 18432K, 47% used [0x000000077c600000,0x000000077ce96000,0x000000077d800000)
  to   space 17920K, 0% used [0x000000077b480000,0x000000077b480000,0x000000077c600000)
 ParOldGen       total 240128K, used 29802K [0x00000006c0c00000, 0x00000006cf680000, 0x000000076af00000)
  object space 240128K, 12% used [0x00000006c0c00000,0x00000006c291ab40,0x00000006cf680000)
 Metaspace       used 78206K, capacity 81850K, committed 82008K, reserved 1120256K
  class space    used 10627K, capacity 11295K, committed 11392K, reserved 1048576K
}

Deoptimization events (10 events):
Event: 268.597 Thread 0x0000000020816000 Uncommon trap: reason=unhandled action=none pc=0x00000000035a613c method=java.lang.Class.getMethod(Ljava/lang/String;[Ljava/lang/Class;)Ljava/lang/reflect/Method; @ 61
Event: 268.597 Thread 0x0000000020816000 Uncommon trap: reason=unhandled action=none pc=0x00000000035a613c method=java.lang.Class.getMethod(Ljava/lang/String;[Ljava/lang/Class;)Ljava/lang/reflect/Method; @ 61
Event: 268.597 Thread 0x0000000020816000 Uncommon trap: reason=class_check action=maybe_recompile pc=0x0000000002913b2c method=java.lang.String.equals(Ljava/lang/Object;)Z @ 8
Event: 268.602 Thread 0x0000000020816000 Uncommon trap: reason=unhandled action=none pc=0x0000000002d767a0 method=java.net.URLClassLoader.findClass(Ljava/lang/String;)Ljava/lang/Class; @ 44
Event: 268.602 Thread 0x0000000020816000 Uncommon trap: reason=unhandled action=none pc=0x0000000002d767a0 method=java.net.URLClassLoader.findClass(Ljava/lang/String;)Ljava/lang/Class; @ 44
Event: 268.602 Thread 0x0000000020816000 Uncommon trap: reason=unhandled action=none pc=0x0000000002d767a0 method=java.net.URLClassLoader.findClass(Ljava/lang/String;)Ljava/lang/Class; @ 44
Event: 268.602 Thread 0x0000000020816000 Uncommon trap: reason=unhandled action=none pc=0x0000000002d767a0 method=java.net.URLClassLoader.findClass(Ljava/lang/String;)Ljava/lang/Class; @ 44
Event: 268.603 Thread 0x0000000020816000 Uncommon trap: reason=unhandled action=none pc=0x0000000002d767a0 method=java.net.URLClassLoader.findClass(Ljava/lang/String;)Ljava/lang/Class; @ 44
Event: 268.603 Thread 0x0000000020816000 Uncommon trap: reason=unhandled action=none pc=0x0000000002d767a0 method=java.net.URLClassLoader.findClass(Ljava/lang/String;)Ljava/lang/Class; @ 44
Event: 268.616 Thread 0x0000000020816000 Uncommon trap: reason=class_check action=maybe_recompile pc=0x00000000037a1658 method=org.springframework.util.ConcurrentReferenceHashMap$ReferenceManager.pollForPurge()Lorg/springframework/util/ConcurrentReferenceHashMap$Reference; @ 7

Internal exceptions (10 events):
Event: 268.409 Thread 0x0000000020816000 Exception <a 'java/lang/ArrayIndexOutOfBoundsException': 177> (0x000000076ce00208) thrown at [C:\re\workspace\8-2-build-windows-amd64-cygwin\jdk8u101\7261\hotspot\src\share\vm\interpreter\interpreterRuntime.cpp, line 366]
Event: 268.410 Thread 0x0000000020816000 Exception <a 'java/lang/ArrayIndexOutOfBoundsException': 188> (0x000000076ce0b118) thrown at [C:\re\workspace\8-2-build-windows-amd64-cygwin\jdk8u101\7261\hotspot\src\share\vm\interpreter\interpreterRuntime.cpp, line 366]
Event: 268.411 Thread 0x0000000020816000 Exception <a 'java/lang/ArrayIndexOutOfBoundsException': 120> (0x000000076ce13350) thrown at [C:\re\workspace\8-2-build-windows-amd64-cygwin\jdk8u101\7261\hotspot\src\share\vm\interpreter\interpreterRuntime.cpp, line 366]
Event: 268.411 Thread 0x0000000020816000 Exception <a 'java/lang/ArrayIndexOutOfBoundsException': 125> (0x000000076ce15518) thrown at [C:\re\workspace\8-2-build-windows-amd64-cygwin\jdk8u101\7261\hotspot\src\share\vm\interpreter\interpreterRuntime.cpp, line 366]
Event: 268.440 Thread 0x0000000020816000 Exception <a 'java/lang/ArrayIndexOutOfBoundsException': 45> (0x000000076d3e98e0) thrown at [C:\re\workspace\8-2-build-windows-amd64-cygwin\jdk8u101\7261\hotspot\src\share\vm\interpreter\interpreterRuntime.cpp, line 366]
Event: 268.475 Thread 0x0000000020816000 Exception <a 'java/lang/ArrayIndexOutOfBoundsException': 159> (0x000000076dd22cf8) thrown at [C:\re\workspace\8-2-build-windows-amd64-cygwin\jdk8u101\7261\hotspot\src\share\vm\interpreter\interpreterRuntime.cpp, line 366]
Event: 268.483 Thread 0x0000000020816000 Exception <a 'java/lang/ArrayIndexOutOfBoundsException': 234> (0x000000076df1c290) thrown at [C:\re\workspace\8-2-build-windows-amd64-cygwin\jdk8u101\7261\hotspot\src\share\vm\interpreter\interpreterRuntime.cpp, line 366]
Event: 268.558 Thread 0x0000000020816000 Exception <a 'java/lang/ArrayIndexOutOfBoundsException': 21> (0x000000076f118330) thrown at [C:\re\workspace\8-2-build-windows-amd64-cygwin\jdk8u101\7261\hotspot\src\share\vm\interpreter\interpreterRuntime.cpp, line 366]
Event: 268.560 Thread 0x0000000020816000 Exception <a 'java/lang/ArrayIndexOutOfBoundsException': 101> (0x000000076f160078) thrown at [C:\re\workspace\8-2-build-windows-amd64-cygwin\jdk8u101\7261\hotspot\src\share\vm\interpreter\interpreterRuntime.cpp, line 366]
Event: 268.579 Thread 0x0000000020816000 Exception <a 'java/lang/ArrayIndexOutOfBoundsException': 101> (0x000000076f4b6538) thrown at [C:\re\workspace\8-2-build-windows-amd64-cygwin\jdk8u101\7261\hotspot\src\share\vm\interpreter\interpreterRuntime.cpp, line 366]

Events (10 events):
Event: 277.218 Executing VM operation: RevokeBias
Event: 277.218 Executing VM operation: RevokeBias done
Event: 277.218 Executing VM operation: RevokeBias
Event: 277.218 Executing VM operation: RevokeBias done
Event: 277.218 Executing VM operation: RevokeBias
Event: 277.218 Executing VM operation: RevokeBias done
Event: 277.218 Executing VM operation: RevokeBias
Event: 277.218 Executing VM operation: RevokeBias done
Event: 317.044 Executing VM operation: RedefineClasses
Event: 317.146 Executing VM operation: RedefineClasses done


Dynamic libraries:
0x00007ff6282a0000 - 0x00007ff6282d7000 	C:\Program Files\Java\jre1.8.0_101\bin\javaw.exe
0x00007ffd34270000 - 0x00007ffd34431000 	C:\Windows\SYSTEM32\ntdll.dll
0x00007ffd31670000 - 0x00007ffd3171d000 	C:\Windows\system32\KERNEL32.DLL
0x00007ffd309d0000 - 0x00007ffd30bb8000 	C:\Windows\system32\KERNELBASE.dll
0x00007ffd32680000 - 0x00007ffd32727000 	C:\Windows\system32\ADVAPI32.dll
0x00007ffd321b0000 - 0x00007ffd3224d000 	C:\Windows\system32\msvcrt.dll
0x00007ffd31ff0000 - 0x00007ffd3204b000 	C:\Windows\system32\sechost.dll
0x00007ffd31730000 - 0x00007ffd3184c000 	C:\Windows\system32\RPCRT4.dll
0x00007ffd32520000 - 0x00007ffd32676000 	C:\Windows\system32\USER32.dll
0x00007ffd340c0000 - 0x00007ffd34246000 	C:\Windows\system32\GDI32.dll
0x00007ffd2aa60000 - 0x00007ffd2acd4000 	C:\Windows\WinSxS\amd64_microsoft.windows.common-controls_6595b64144ccf1df_6.0.10586.0_none_8c15ae12515e1c22\COMCTL32.dll
0x00007ffd32790000 - 0x00007ffd32a0d000 	C:\Windows\system32\combase.dll
0x00007ffd31330000 - 0x00007ffd3139a000 	C:\Windows\system32\bcryptPrimitives.dll
0x00007ffd34080000 - 0x00007ffd340bb000 	C:\Windows\system32\IMM32.DLL
0x00007ffd2fda0000 - 0x00007ffd2fddc000 	C:\Windows\system32\SophosAV\SOPHOS~1.DLL
0x00007ffd31720000 - 0x00007ffd31728000 	C:\Windows\system32\PSAPI.DLL
0x00000000601a0000 - 0x0000000060272000 	C:\Program Files\Java\jre1.8.0_101\bin\msvcr100.dll
0x000000005f280000 - 0x000000005fb1a000 	C:\Program Files\Java\jre1.8.0_101\bin\server\jvm.dll
0x00007ffd2ef70000 - 0x00007ffd2ef93000 	C:\Windows\SYSTEM32\WINMM.dll
0x00007ffd2d580000 - 0x00007ffd2d58a000 	C:\Windows\SYSTEM32\VERSION.dll
0x00007ffd22bb0000 - 0x00007ffd22bb9000 	C:\Windows\SYSTEM32\WSOCK32.dll
0x0000000002500000 - 0x000000000252c000 	C:\Windows\SYSTEM32\WINMMBASE.dll
0x00007ffd323a0000 - 0x00007ffd3240b000 	C:\Windows\system32\WS2_32.dll
0x00007ffd31620000 - 0x00007ffd31663000 	C:\Windows\system32\cfgmgr32.dll
0x00000000603f0000 - 0x00000000603ff000 	C:\Program Files\Java\jre1.8.0_101\bin\verify.dll
0x00000000603c0000 - 0x00000000603e9000 	C:\Program Files\Java\jre1.8.0_101\bin\java.dll
0x00000000602e0000 - 0x0000000060315000 	C:\Program Files\Java\jre1.8.0_101\bin\jdwp.dll
0x00000000602d0000 - 0x00000000602d8000 	C:\Program Files\Java\jre1.8.0_101\bin\npt.dll
0x00000000603a0000 - 0x00000000603b6000 	C:\Program Files\Java\jre1.8.0_101\bin\zip.dll
0x00007ffd32a10000 - 0x00007ffd33f6c000 	C:\Windows\system32\SHELL32.dll
0x00007ffd30bc0000 - 0x00007ffd31205000 	C:\Windows\system32\windows.storage.dll
0x00007ffd33f70000 - 0x00007ffd33fc2000 	C:\Windows\system32\shlwapi.dll
0x00007ffd308b0000 - 0x00007ffd308bf000 	C:\Windows\system32\kernel.appcore.dll
0x00007ffd31210000 - 0x00007ffd312c5000 	C:\Windows\system32\shcore.dll
0x00007ffd308d0000 - 0x00007ffd3091b000 	C:\Windows\system32\powrprof.dll
0x00007ffd30890000 - 0x00007ffd308a4000 	C:\Windows\system32\profapi.dll
0x00000000602c0000 - 0x00000000602c9000 	C:\Program Files\Java\jre1.8.0_101\bin\dt_socket.dll
0x00007ffd250e0000 - 0x00007ffd250f6000 	C:\Windows\system32\napinsp.dll
0x00007ffd25100000 - 0x00007ffd2511a000 	C:\Windows\system32\pnrpnsp.dll
0x00007ffd2e1e0000 - 0x00007ffd2e1f8000 	C:\Windows\system32\NLAapi.dll
0x00007ffd301c0000 - 0x00007ffd3021c000 	C:\Windows\System32\mswsock.dll
0x00007ffd2f170000 - 0x00007ffd2f21a000 	C:\Windows\SYSTEM32\DNSAPI.dll
0x00007ffd31850000 - 0x00007ffd31858000 	C:\Windows\system32\NSI.dll
0x00007ffd25130000 - 0x00007ffd2513d000 	C:\Windows\System32\winrnr.dll
0x00007ffd25140000 - 0x00007ffd25155000 	C:\Windows\System32\wshbth.dll
0x00007ffd2da00000 - 0x00007ffd2da67000 	C:\Windows\System32\fwpuclnt.dll
0x00007ffd30490000 - 0x00007ffd304b9000 	C:\Windows\SYSTEM32\bcrypt.dll
0x00007ffd28e20000 - 0x00007ffd28e2a000 	C:\Windows\System32\rasadhlp.dll
0x00000000602b0000 - 0x00000000602bd000 	C:\Program Files\Java\jre1.8.0_101\bin\management.dll
0x0000000060380000 - 0x000000006039a000 	C:\Program Files\Java\jre1.8.0_101\bin\net.dll
0x00007ffd2d4f0000 - 0x00007ffd2d528000 	C:\Windows\SYSTEM32\IPHLPAPI.DLL
0x0000000060360000 - 0x0000000060371000 	C:\Program Files\Java\jre1.8.0_101\bin\nio.dll
0x0000000060330000 - 0x0000000060354000 	C:\Program Files\Java\jre1.8.0_101\bin\sunec.dll
0x00007ffd30270000 - 0x00007ffd30287000 	C:\Windows\SYSTEM32\CRYPTSP.dll
0x00007ffd2ff00000 - 0x00007ffd2ff34000 	C:\Windows\system32\rsaenh.dll
0x00007ffd30050000 - 0x00007ffd3006f000 	C:\Windows\SYSTEM32\USERENV.dll
0x00007ffd30390000 - 0x00007ffd3039b000 	C:\Windows\SYSTEM32\CRYPTBASE.dll
0x00007ffd2ccd0000 - 0x00007ffd2cce6000 	C:\Windows\SYSTEM32\dhcpcsvc6.DLL
0x00007ffd2ccb0000 - 0x00007ffd2ccca000 	C:\Windows\SYSTEM32\dhcpcsvc.DLL
0x00007ffd232e0000 - 0x00007ffd2346c000 	C:\Windows\SYSTEM32\dbghelp.dll

VM Arguments:
jvm_args: -agentlib:jdwp=transport=dt_socket,suspend=y,address=localhost:54811 -Dfile.encoding=UTF-8 
java_command: com.bobo.fristsba.FristsbaApplication
java_class_path (initial): D:\github\Demo\java\fristsba\target\classes;C:\Users\bobo.huang.MHS\.m2\repository\org\springframework\boot\spring-boot-starter\2.1.5.RELEASE\spring-boot-starter-2.1.5.RELEASE.jar;C:\Users\bobo.huang.MHS\.m2\repository\org\springframework\boot\spring-boot\2.1.5.RELEASE\spring-boot-2.1.5.RELEASE.jar;C:\Users\bobo.huang.MHS\.m2\repository\org\springframework\spring-context\5.1.7.RELEASE\spring-context-5.1.7.RELEASE.jar;C:\Users\bobo.huang.MHS\.m2\repository\org\springframework\boot\spring-boot-autoconfigure\2.1.5.RELEASE\spring-boot-autoconfigure-2.1.5.RELEASE.jar;C:\Users\bobo.huang.MHS\.m2\repository\org\springframework\boot\spring-boot-starter-logging\2.1.5.RELEASE\spring-boot-starter-logging-2.1.5.RELEASE.jar;C:\Users\bobo.huang.MHS\.m2\repository\ch\qos\logback\logback-classic\1.2.3\logback-classic-1.2.3.jar;C:\Users\bobo.huang.MHS\.m2\repository\ch\qos\logback\logback-core\1.2.3\logback-core-1.2.3.jar;C:\Users\bobo.huang.MHS\.m2\repository\org\apache\logging\log4j\log4j-to-slf4j\2.11.2\log4j-to-slf4j-2.11.2.jar;C:\Users\bobo.huang.MHS\.m2\repository\org\apache\logging\log4j\log4j-api\2.11.2\log4j-api-2.11.2.jar;C:\Users\bobo.huang.MHS\.m2\repository\org\slf4j\jul-to-slf4j\1.7.26\jul-to-slf4j-1.7.26.jar;C:\Users\bobo.huang.MHS\.m2\repository\javax\annotation\javax.annotation-api\1.3.2\javax.annotation-api-1.3.2.jar;C:\Users\bobo.huang.MHS\.m2\repository\org\springframework\spring-core\5.1.7.RELEASE\spring-core-5.1.7.RELEASE.jar;C:\Users\bobo.huang.MHS\.m2\repository\org\springframework\spring-jcl\5.1.7.RELEASE\spring-jcl-5.1.7.RELEASE.jar;C:\Users\bobo.huang.MHS\.m2\repository\org\yaml\snakeyaml\1.23\snakeyaml-1.23.jar;C:\Users\bobo.huang.MHS\.m2\repository\org\springframework\boot\spring-boot-starter-web\2.1.5.RELEASE\spring-boot-starter-web-2.1.5.RELEASE.jar;C:\Users\bobo.huang.MHS\.m2\repository\org\springframework\boot\spring-boot-starter-json\2.1.5.RELEASE\spring-boot-starter-json-2.1.5.RELEASE.jar;C:\Users\bobo.huang.MHS\.m2\rep
Launcher Type: SUN_STANDARD

Environment Variables:
JAVA_HOME=C:\Program Files\Java\jdk1.8.0_101
USERNAME=bobo.huang
OS=Windows_NT
PROCESSOR_IDENTIFIER=Intel64 Family 6 Model 60 Stepping 3, GenuineIntel



---------------  S Y S T E M  ---------------

OS: Windows 10.0 , 64 bit Build 10586 (10.0.10586.0)

CPU:total 4 (4 cores per cpu, 1 threads per core) family 6 model 60 stepping 3, cmov, cx8, fxsr, mmx, sse, sse2, sse3, ssse3, sse4.1, sse4.2, popcnt, avx, avx2, aes, clmul, erms, lzcnt, tsc, tscinvbit, bmi1, bmi2

Memory: 4k page, physical 16722824k(9359596k free), swap 19213192k(7108772k free)

vm_info: Java HotSpot(TM) 64-Bit Server VM (25.101-b13) for windows-amd64 JRE (1.8.0_101-b13), built on Jun 22 2016 01:21:29 by "java_re" with MS VC++ 10.0 (VS2010)

time: Thu Sep 26 14:06:16 2019
elapsed time: 317 seconds (0d 0h 5m 17s)

